25-Aug-2023 08:09:58.339 INFORMAÇÕES [main] org.apache.catalina.startup.VersionLoggerListener.log Server version name:   Apache Tomcat/8.5.91
25-Aug-2023 08:09:58.344 INFORMAÇÕES [main] org.apache.catalina.startup.VersionLoggerListener.log Server built:          Jul 6 2023 14:43:48 UTC
25-Aug-2023 08:09:58.344 INFORMAÇÕES [main] org.apache.catalina.startup.VersionLoggerListener.log Server version number: 8.5.91.0
25-Aug-2023 08:09:58.346 INFORMAÇÕES [main] org.apache.catalina.startup.VersionLoggerListener.log OS Name:               Linux
25-Aug-2023 08:09:58.346 INFORMAÇÕES [main] org.apache.catalina.startup.VersionLoggerListener.log OS Version:            6.2.0-26-generic
25-Aug-2023 08:09:58.346 INFORMAÇÕES [main] org.apache.catalina.startup.VersionLoggerListener.log Architecture:          amd64
25-Aug-2023 08:09:58.346 INFORMAÇÕES [main] org.apache.catalina.startup.VersionLoggerListener.log Java Home:             /usr/lib/jvm/java-17-openjdk-amd64
25-Aug-2023 08:09:58.347 INFORMAÇÕES [main] org.apache.catalina.startup.VersionLoggerListener.log JVM Version:           17.0.8+7-Ubuntu-122.04
25-Aug-2023 08:09:58.347 INFORMAÇÕES [main] org.apache.catalina.startup.VersionLoggerListener.log JVM Vendor:            Private Build
25-Aug-2023 08:09:58.347 INFORMAÇÕES [main] org.apache.catalina.startup.VersionLoggerListener.log CATALINA_BASE:         /home/matheus/Documentos/Web-Servers/apache-tomcat-8.5.91
25-Aug-2023 08:09:58.347 INFORMAÇÕES [main] org.apache.catalina.startup.VersionLoggerListener.log CATALINA_HOME:         /home/matheus/Documentos/Web-Servers/apache-tomcat-8.5.91
25-Aug-2023 08:09:58.348 INFORMAÇÕES [main] org.apache.catalina.startup.VersionLoggerListener.log Command line argument: --add-opens=java.base/java.lang=ALL-UNNAMED
25-Aug-2023 08:09:58.349 INFORMAÇÕES [main] org.apache.catalina.startup.VersionLoggerListener.log Command line argument: --add-opens=java.base/java.io=ALL-UNNAMED
25-Aug-2023 08:09:58.349 INFORMAÇÕES [main] org.apache.catalina.startup.VersionLoggerListener.log Command line argument: --add-opens=java.base/java.util=ALL-UNNAMED
25-Aug-2023 08:09:58.349 INFORMAÇÕES [main] org.apache.catalina.startup.VersionLoggerListener.log Command line argument: --add-opens=java.base/java.util.concurrent=ALL-UNNAMED
25-Aug-2023 08:09:58.349 INFORMAÇÕES [main] org.apache.catalina.startup.VersionLoggerListener.log Command line argument: --add-opens=java.rmi/sun.rmi.transport=ALL-UNNAMED
25-Aug-2023 08:09:58.349 INFORMAÇÕES [main] org.apache.catalina.startup.VersionLoggerListener.log Command line argument: -Djava.util.logging.config.file=/home/matheus/Documentos/Web-Servers/apache-tomcat-8.5.91/conf/logging.properties
25-Aug-2023 08:09:58.349 INFORMAÇÕES [main] org.apache.catalina.startup.VersionLoggerListener.log Command line argument: -Djava.util.logging.manager=org.apache.juli.ClassLoaderLogManager
25-Aug-2023 08:09:58.349 INFORMAÇÕES [main] org.apache.catalina.startup.VersionLoggerListener.log Command line argument: -Dhttp.nonProxyHosts=localhost|127.0.0.1|matheus-ubuntu
25-Aug-2023 08:09:58.349 INFORMAÇÕES [main] org.apache.catalina.startup.VersionLoggerListener.log Command line argument: -Djdk.tls.ephemeralDHKeySize=2048
25-Aug-2023 08:09:58.349 INFORMAÇÕES [main] org.apache.catalina.startup.VersionLoggerListener.log Command line argument: -Djava.protocol.handler.pkgs=org.apache.catalina.webresources
25-Aug-2023 08:09:58.349 INFORMAÇÕES [main] org.apache.catalina.startup.VersionLoggerListener.log Command line argument: -Dorg.apache.catalina.security.SecurityListener.UMASK=0027
25-Aug-2023 08:09:58.349 INFORMAÇÕES [main] org.apache.catalina.startup.VersionLoggerListener.log Command line argument: -Dignore.endorsed.dirs=
25-Aug-2023 08:09:58.349 INFORMAÇÕES [main] org.apache.catalina.startup.VersionLoggerListener.log Command line argument: -Dcatalina.base=/home/matheus/Documentos/Web-Servers/apache-tomcat-8.5.91
25-Aug-2023 08:09:58.350 INFORMAÇÕES [main] org.apache.catalina.startup.VersionLoggerListener.log Command line argument: -Dcatalina.home=/home/matheus/Documentos/Web-Servers/apache-tomcat-8.5.91
25-Aug-2023 08:09:58.350 INFORMAÇÕES [main] org.apache.catalina.startup.VersionLoggerListener.log Command line argument: -Djava.io.tmpdir=/home/matheus/Documentos/Web-Servers/apache-tomcat-8.5.91/temp
25-Aug-2023 08:09:58.350 INFORMAÇÕES [main] org.apache.catalina.core.AprLifecycleListener.lifecycleEvent The Apache Tomcat Native library which allows using OpenSSL was not found on the java.library.path: [/usr/java/packages/lib:/usr/lib/x86_64-linux-gnu/jni:/lib/x86_64-linux-gnu:/usr/lib/x86_64-linux-gnu:/usr/lib/jni:/lib:/usr/lib]
25-Aug-2023 08:09:58.417 INFORMAÇÕES [main] org.apache.coyote.AbstractProtocol.init Initializing ProtocolHandler ["http-nio-8080"]
25-Aug-2023 08:09:58.522 INFORMAÇÕES [main] org.apache.catalina.startup.Catalina.load Initialization processed in 1429 ms
25-Aug-2023 08:09:58.716 INFORMAÇÕES [main] org.apache.catalina.core.StandardService.startInternal Starting service [Catalina]
25-Aug-2023 08:09:58.716 INFORMAÇÕES [main] org.apache.catalina.core.StandardEngine.startInternal Starting Servlet engine: [Apache Tomcat/8.5.91]
25-Aug-2023 08:09:58.754 INFORMAÇÕES [localhost-startStop-1] org.apache.catalina.startup.HostConfig.deployDescriptor Deploying deployment descriptor [/home/matheus/Documentos/Web-Servers/apache-tomcat-8.5.91/conf/Catalina/localhost/translate.xml]
25-Aug-2023 08:09:59.978 INFORMAÇÕES [localhost-startStop-1] org.apache.catalina.startup.HostConfig.deployDescriptor Deployment of deployment descriptor [/home/matheus/Documentos/Web-Servers/apache-tomcat-8.5.91/conf/Catalina/localhost/translate.xml] has finished in [1,224] ms
25-Aug-2023 08:09:59.979 INFORMAÇÕES [localhost-startStop-1] org.apache.catalina.startup.HostConfig.deployDescriptor Deploying deployment descriptor [/home/matheus/Documentos/Web-Servers/apache-tomcat-8.5.91/conf/Catalina/localhost/studies.xml]
25-Aug-2023 08:10:00.077 INFORMAÇÕES [localhost-startStop-1] org.apache.catalina.startup.HostConfig.deployDescriptor Deployment of deployment descriptor [/home/matheus/Documentos/Web-Servers/apache-tomcat-8.5.91/conf/Catalina/localhost/studies.xml] has finished in [98] ms
25-Aug-2023 08:10:00.078 INFORMAÇÕES [localhost-startStop-1] org.apache.catalina.startup.HostConfig.deployDirectory Deploying web application directory [/home/matheus/Documentos/Web-Servers/apache-tomcat-8.5.91/webapps/host-manager]
25-Aug-2023 08:10:00.144 INFORMAÇÕES [localhost-startStop-1] org.apache.catalina.startup.HostConfig.deployDirectory Deployment of web application directory [/home/matheus/Documentos/Web-Servers/apache-tomcat-8.5.91/webapps/host-manager] has finished in [65] ms
25-Aug-2023 08:10:00.144 INFORMAÇÕES [localhost-startStop-1] org.apache.catalina.startup.HostConfig.deployDirectory Deploying web application directory [/home/matheus/Documentos/Web-Servers/apache-tomcat-8.5.91/webapps/examples]
25-Aug-2023 08:10:00.558 INFORMAÇÕES [localhost-startStop-1] org.apache.catalina.startup.HostConfig.deployDirectory Deployment of web application directory [/home/matheus/Documentos/Web-Servers/apache-tomcat-8.5.91/webapps/examples] has finished in [414] ms
25-Aug-2023 08:10:00.558 INFORMAÇÕES [localhost-startStop-1] org.apache.catalina.startup.HostConfig.deployDirectory Deploying web application directory [/home/matheus/Documentos/Web-Servers/apache-tomcat-8.5.91/webapps/manager]
25-Aug-2023 08:10:00.617 INFORMAÇÕES [localhost-startStop-1] org.apache.catalina.startup.HostConfig.deployDirectory Deployment of web application directory [/home/matheus/Documentos/Web-Servers/apache-tomcat-8.5.91/webapps/manager] has finished in [59] ms
25-Aug-2023 08:10:00.617 INFORMAÇÕES [localhost-startStop-1] org.apache.catalina.startup.HostConfig.deployDirectory Deploying web application directory [/home/matheus/Documentos/Web-Servers/apache-tomcat-8.5.91/webapps/ROOT]
25-Aug-2023 08:10:00.656 INFORMAÇÕES [localhost-startStop-1] org.apache.catalina.startup.HostConfig.deployDirectory Deployment of web application directory [/home/matheus/Documentos/Web-Servers/apache-tomcat-8.5.91/webapps/ROOT] has finished in [38] ms
25-Aug-2023 08:10:00.656 INFORMAÇÕES [localhost-startStop-1] org.apache.catalina.startup.HostConfig.deployDirectory Deploying web application directory [/home/matheus/Documentos/Web-Servers/apache-tomcat-8.5.91/webapps/docs]
25-Aug-2023 08:10:00.688 INFORMAÇÕES [localhost-startStop-1] org.apache.catalina.startup.HostConfig.deployDirectory Deployment of web application directory [/home/matheus/Documentos/Web-Servers/apache-tomcat-8.5.91/webapps/docs] has finished in [32] ms
25-Aug-2023 08:10:00.693 INFORMAÇÕES [main] org.apache.coyote.AbstractProtocol.start Starting ProtocolHandler ["http-nio-8080"]
25-Aug-2023 08:10:00.764 INFORMAÇÕES [main] org.apache.catalina.startup.Catalina.start Server startup in 2240 ms
25-Aug-2023 08:10:23.499 INFORMAÇÕES [http-nio-8080-exec-8] org.apache.catalina.startup.HostConfig.deployDescriptor Deploying deployment descriptor [/home/matheus/Documentos/Web-Servers/apache-tomcat-8.5.91/conf/Catalina/localhost/webapp.xml]
25-Aug-2023 08:10:23.795 INFORMAÇÕES [http-nio-8080-exec-8] org.apache.jasper.servlet.TldScanner.scanJars At least one JAR was scanned for TLDs yet contained no TLDs. Enable debug logging for this logger for a complete list of JARs that were scanned but no TLDs were found in them. Skipping unneeded JARs during scanning can improve startup time and JSP compilation time.
25-Aug-2023 08:10:24.338 INFORMAÇÕES [http-nio-8080-exec-8] org.apache.catalina.startup.HostConfig.deployDescriptor Deployment of deployment descriptor [/home/matheus/Documentos/Web-Servers/apache-tomcat-8.5.91/conf/Catalina/localhost/webapp.xml] has finished in [838] ms
25-Aug-2023 08:10:24.343 INFORMAÇÕES [http-nio-8080-exec-7] org.apache.catalina.util.LifecycleBase.start The start() method was called on component [StandardEngine[Catalina].StandardHost[localhost].StandardContext[/webapp]] after start() had already been called. The second call will be ignored.
25-Aug-2023 08:21:47.305 INFORMAÇÕES [http-nio-8080-exec-3] org.apache.catalina.startup.HostConfig.undeploy Undeploying context [/webapp]
25-Aug-2023 08:21:47.313 INFORMAÇÕES [http-nio-8080-exec-9] org.apache.catalina.startup.HostConfig.deployDescriptor Deploying deployment descriptor [/home/matheus/Documentos/Web-Servers/apache-tomcat-8.5.91/conf/Catalina/localhost/webapp.xml]
25-Aug-2023 08:21:47.433 INFORMAÇÕES [http-nio-8080-exec-9] org.apache.jasper.servlet.TldScanner.scanJars At least one JAR was scanned for TLDs yet contained no TLDs. Enable debug logging for this logger for a complete list of JARs that were scanned but no TLDs were found in them. Skipping unneeded JARs during scanning can improve startup time and JSP compilation time.
25-Aug-2023 08:21:47.475 INFORMAÇÕES [http-nio-8080-exec-9] org.apache.catalina.startup.HostConfig.deployDescriptor Deployment of deployment descriptor [/home/matheus/Documentos/Web-Servers/apache-tomcat-8.5.91/conf/Catalina/localhost/webapp.xml] has finished in [162] ms
25-Aug-2023 08:21:47.481 INFORMAÇÕES [http-nio-8080-exec-6] org.apache.catalina.util.LifecycleBase.start The start() method was called on component [StandardEngine[Catalina].StandardHost[localhost].StandardContext[/webapp]] after start() had already been called. The second call will be ignored.
25-Aug-2023 08:27:52.899 INFORMAÇÕES [http-nio-8080-exec-20] org.apache.catalina.startup.HostConfig.undeploy Undeploying context [/webapp]
25-Aug-2023 08:27:52.905 INFORMAÇÕES [http-nio-8080-exec-13] org.apache.catalina.startup.HostConfig.deployDescriptor Deploying deployment descriptor [/home/matheus/Documentos/Web-Servers/apache-tomcat-8.5.91/conf/Catalina/localhost/webapp.xml]
25-Aug-2023 08:27:53.018 INFORMAÇÕES [http-nio-8080-exec-13] org.apache.jasper.servlet.TldScanner.scanJars At least one JAR was scanned for TLDs yet contained no TLDs. Enable debug logging for this logger for a complete list of JARs that were scanned but no TLDs were found in them. Skipping unneeded JARs during scanning can improve startup time and JSP compilation time.
25-Aug-2023 08:27:53.068 INFORMAÇÕES [http-nio-8080-exec-13] org.apache.catalina.startup.HostConfig.deployDescriptor Deployment of deployment descriptor [/home/matheus/Documentos/Web-Servers/apache-tomcat-8.5.91/conf/Catalina/localhost/webapp.xml] has finished in [163] ms
25-Aug-2023 08:27:53.073 INFORMAÇÕES [http-nio-8080-exec-19] org.apache.catalina.util.LifecycleBase.start The start() method was called on component [StandardEngine[Catalina].StandardHost[localhost].StandardContext[/webapp]] after start() had already been called. The second call will be ignored.
25-Aug-2023 08:40:17.194 INFORMAÇÕES [http-nio-8080-exec-25] org.apache.catalina.startup.HostConfig.undeploy Undeploying context [/webapp]
25-Aug-2023 08:40:50.932 INFORMAÇÕES [http-nio-8080-exec-33] org.apache.catalina.startup.HostConfig.deployDescriptor Deploying deployment descriptor [/home/matheus/Documentos/Web-Servers/apache-tomcat-8.5.91/conf/Catalina/localhost/webapp.xml]
25-Aug-2023 08:40:51.040 INFORMAÇÕES [http-nio-8080-exec-33] org.apache.jasper.servlet.TldScanner.scanJars At least one JAR was scanned for TLDs yet contained no TLDs. Enable debug logging for this logger for a complete list of JARs that were scanned but no TLDs were found in them. Skipping unneeded JARs during scanning can improve startup time and JSP compilation time.
25-Aug-2023 08:40:51.076 INFORMAÇÕES [http-nio-8080-exec-33] org.apache.catalina.startup.HostConfig.deployDescriptor Deployment of deployment descriptor [/home/matheus/Documentos/Web-Servers/apache-tomcat-8.5.91/conf/Catalina/localhost/webapp.xml] has finished in [144] ms
25-Aug-2023 08:40:51.081 INFORMAÇÕES [http-nio-8080-exec-33] org.apache.catalina.util.LifecycleBase.start The start() method was called on component [StandardEngine[Catalina].StandardHost[localhost].StandardContext[/webapp]] after start() had already been called. The second call will be ignored.
25-Aug-2023 08:45:16.878 INFORMAÇÕES [http-nio-8080-exec-36] org.apache.catalina.startup.HostConfig.undeploy Undeploying context [/studies]
25-Aug-2023 08:45:31.443 INFORMAÇÕES [http-nio-8080-exec-41] org.apache.catalina.startup.HostConfig.deployDescriptor Deploying deployment descriptor [/home/matheus/Documentos/Web-Servers/apache-tomcat-8.5.91/conf/Catalina/localhost/studies.xml]
25-Aug-2023 08:45:31.455 INFORMAÇÕES [http-nio-8080-exec-41] org.apache.catalina.startup.HostConfig.deployDescriptor Deployment of deployment descriptor [/home/matheus/Documentos/Web-Servers/apache-tomcat-8.5.91/conf/Catalina/localhost/studies.xml] has finished in [12] ms
25-Aug-2023 08:45:31.458 INFORMAÇÕES [http-nio-8080-exec-42] org.apache.catalina.util.LifecycleBase.start The start() method was called on component [StandardEngine[Catalina].StandardHost[localhost].StandardContext[/studies]] after start() had already been called. The second call will be ignored.
25-Aug-2023 10:59:21.504 INFORMAÇÕES [http-nio-8080-exec-47] org.apache.catalina.startup.HostConfig.undeploy Undeploying context [/webapp]
25-Aug-2023 10:59:27.716 INFORMAÇÕES [http-nio-8080-exec-43] org.apache.catalina.startup.HostConfig.deployDescriptor Deploying deployment descriptor [/home/matheus/Documentos/Web-Servers/apache-tomcat-8.5.91/conf/Catalina/localhost/webapp.xml]
25-Aug-2023 10:59:28.105 INFORMAÇÕES [http-nio-8080-exec-43] org.apache.jasper.servlet.TldScanner.scanJars At least one JAR was scanned for TLDs yet contained no TLDs. Enable debug logging for this logger for a complete list of JARs that were scanned but no TLDs were found in them. Skipping unneeded JARs during scanning can improve startup time and JSP compilation time.
25-Aug-2023 10:59:28.154 INFORMAÇÕES [http-nio-8080-exec-43] org.apache.catalina.startup.HostConfig.deployDescriptor Deployment of deployment descriptor [/home/matheus/Documentos/Web-Servers/apache-tomcat-8.5.91/conf/Catalina/localhost/webapp.xml] has finished in [437] ms
25-Aug-2023 10:59:28.157 INFORMAÇÕES [http-nio-8080-exec-51] org.apache.catalina.util.LifecycleBase.start The start() method was called on component [StandardEngine[Catalina].StandardHost[localhost].StandardContext[/webapp]] after start() had already been called. The second call will be ignored.
25-Aug-2023 11:25:11.672 INFORMAÇÕES [Thread-1] org.apache.coyote.AbstractProtocol.pause Pausing ProtocolHandler ["http-nio-8080"]
25-Aug-2023 11:25:11.950 INFORMAÇÕES [Thread-1] org.apache.catalina.core.StandardService.stopInternal Stopping service [Catalina]
25-Aug-2023 11:25:12.064 INFORMAÇÕES [Thread-1] org.apache.coyote.AbstractProtocol.stop Stopping ProtocolHandler ["http-nio-8080"]
25-Aug-2023 11:25:12.239 INFORMAÇÕES [Thread-1] org.apache.coyote.AbstractProtocol.destroy Destroying ProtocolHandler ["http-nio-8080"]
25-Aug-2023 14:23:23.567 INFORMAÇÕES [main] org.apache.catalina.startup.VersionLoggerListener.log Server version name:   Apache Tomcat/8.5.91
25-Aug-2023 14:23:23.574 INFORMAÇÕES [main] org.apache.catalina.startup.VersionLoggerListener.log Server built:          Jul 6 2023 14:43:48 UTC
25-Aug-2023 14:23:23.574 INFORMAÇÕES [main] org.apache.catalina.startup.VersionLoggerListener.log Server version number: 8.5.91.0
25-Aug-2023 14:23:23.575 INFORMAÇÕES [main] org.apache.catalina.startup.VersionLoggerListener.log OS Name:               Linux
25-Aug-2023 14:23:23.575 INFORMAÇÕES [main] org.apache.catalina.startup.VersionLoggerListener.log OS Version:            6.2.0-26-generic
25-Aug-2023 14:23:23.575 INFORMAÇÕES [main] org.apache.catalina.startup.VersionLoggerListener.log Architecture:          amd64
25-Aug-2023 14:23:23.575 INFORMAÇÕES [main] org.apache.catalina.startup.VersionLoggerListener.log Java Home:             /usr/lib/jvm/java-17-openjdk-amd64
25-Aug-2023 14:23:23.575 INFORMAÇÕES [main] org.apache.catalina.startup.VersionLoggerListener.log JVM Version:           17.0.8+7-Ubuntu-122.04
25-Aug-2023 14:23:23.575 INFORMAÇÕES [main] org.apache.catalina.startup.VersionLoggerListener.log JVM Vendor:            Private Build
25-Aug-2023 14:23:23.575 INFORMAÇÕES [main] org.apache.catalina.startup.VersionLoggerListener.log CATALINA_BASE:         /home/matheus/Documentos/Web-Servers/apache-tomcat-8.5.91
25-Aug-2023 14:23:23.575 INFORMAÇÕES [main] org.apache.catalina.startup.VersionLoggerListener.log CATALINA_HOME:         /home/matheus/Documentos/Web-Servers/apache-tomcat-8.5.91
25-Aug-2023 14:23:23.581 INFORMAÇÕES [main] org.apache.catalina.startup.VersionLoggerListener.log Command line argument: --add-opens=java.base/java.lang=ALL-UNNAMED
25-Aug-2023 14:23:23.581 INFORMAÇÕES [main] org.apache.catalina.startup.VersionLoggerListener.log Command line argument: --add-opens=java.base/java.io=ALL-UNNAMED
25-Aug-2023 14:23:23.581 INFORMAÇÕES [main] org.apache.catalina.startup.VersionLoggerListener.log Command line argument: --add-opens=java.base/java.util=ALL-UNNAMED
25-Aug-2023 14:23:23.581 INFORMAÇÕES [main] org.apache.catalina.startup.VersionLoggerListener.log Command line argument: --add-opens=java.base/java.util.concurrent=ALL-UNNAMED
25-Aug-2023 14:23:23.581 INFORMAÇÕES [main] org.apache.catalina.startup.VersionLoggerListener.log Command line argument: --add-opens=java.rmi/sun.rmi.transport=ALL-UNNAMED
25-Aug-2023 14:23:23.581 INFORMAÇÕES [main] org.apache.catalina.startup.VersionLoggerListener.log Command line argument: -Djava.util.logging.config.file=/home/matheus/Documentos/Web-Servers/apache-tomcat-8.5.91/conf/logging.properties
25-Aug-2023 14:23:23.582 INFORMAÇÕES [main] org.apache.catalina.startup.VersionLoggerListener.log Command line argument: -Djava.util.logging.manager=org.apache.juli.ClassLoaderLogManager
25-Aug-2023 14:23:23.582 INFORMAÇÕES [main] org.apache.catalina.startup.VersionLoggerListener.log Command line argument: -Dhttp.nonProxyHosts=localhost|127.0.0.1|matheus-ubuntu
25-Aug-2023 14:23:23.582 INFORMAÇÕES [main] org.apache.catalina.startup.VersionLoggerListener.log Command line argument: -Djdk.tls.ephemeralDHKeySize=2048
25-Aug-2023 14:23:23.582 INFORMAÇÕES [main] org.apache.catalina.startup.VersionLoggerListener.log Command line argument: -Djava.protocol.handler.pkgs=org.apache.catalina.webresources
25-Aug-2023 14:23:23.582 INFORMAÇÕES [main] org.apache.catalina.startup.VersionLoggerListener.log Command line argument: -Dorg.apache.catalina.security.SecurityListener.UMASK=0027
25-Aug-2023 14:23:23.582 INFORMAÇÕES [main] org.apache.catalina.startup.VersionLoggerListener.log Command line argument: -Dignore.endorsed.dirs=
25-Aug-2023 14:23:23.582 INFORMAÇÕES [main] org.apache.catalina.startup.VersionLoggerListener.log Command line argument: -Dcatalina.base=/home/matheus/Documentos/Web-Servers/apache-tomcat-8.5.91
25-Aug-2023 14:23:23.583 INFORMAÇÕES [main] org.apache.catalina.startup.VersionLoggerListener.log Command line argument: -Dcatalina.home=/home/matheus/Documentos/Web-Servers/apache-tomcat-8.5.91
25-Aug-2023 14:23:23.583 INFORMAÇÕES [main] org.apache.catalina.startup.VersionLoggerListener.log Command line argument: -Djava.io.tmpdir=/home/matheus/Documentos/Web-Servers/apache-tomcat-8.5.91/temp
25-Aug-2023 14:23:23.583 INFORMAÇÕES [main] org.apache.catalina.core.AprLifecycleListener.lifecycleEvent The Apache Tomcat Native library which allows using OpenSSL was not found on the java.library.path: [/usr/java/packages/lib:/usr/lib/x86_64-linux-gnu/jni:/lib/x86_64-linux-gnu:/usr/lib/x86_64-linux-gnu:/usr/lib/jni:/lib:/usr/lib]
25-Aug-2023 14:23:23.686 INFORMAÇÕES [main] org.apache.coyote.AbstractProtocol.init Initializing ProtocolHandler ["http-nio-8080"]
25-Aug-2023 14:23:23.755 INFORMAÇÕES [main] org.apache.catalina.startup.Catalina.load Initialization processed in 1436 ms
25-Aug-2023 14:23:24.601 INFORMAÇÕES [main] org.apache.catalina.core.StandardService.startInternal Starting service [Catalina]
25-Aug-2023 14:23:24.602 INFORMAÇÕES [main] org.apache.catalina.core.StandardEngine.startInternal Starting Servlet engine: [Apache Tomcat/8.5.91]
25-Aug-2023 14:23:24.630 INFORMAÇÕES [localhost-startStop-1] org.apache.catalina.startup.HostConfig.deployDescriptor Deploying deployment descriptor [/home/matheus/Documentos/Web-Servers/apache-tomcat-8.5.91/conf/Catalina/localhost/translate.xml]
25-Aug-2023 14:23:26.035 INFORMAÇÕES [localhost-startStop-1] org.apache.catalina.startup.HostConfig.deployDescriptor Deployment of deployment descriptor [/home/matheus/Documentos/Web-Servers/apache-tomcat-8.5.91/conf/Catalina/localhost/translate.xml] has finished in [1,404] ms
25-Aug-2023 14:23:26.035 INFORMAÇÕES [localhost-startStop-1] org.apache.catalina.startup.HostConfig.deployDescriptor Deploying deployment descriptor [/home/matheus/Documentos/Web-Servers/apache-tomcat-8.5.91/conf/Catalina/localhost/webapp.xml]
25-Aug-2023 14:23:26.474 INFORMAÇÕES [localhost-startStop-1] org.apache.jasper.servlet.TldScanner.scanJars At least one JAR was scanned for TLDs yet contained no TLDs. Enable debug logging for this logger for a complete list of JARs that were scanned but no TLDs were found in them. Skipping unneeded JARs during scanning can improve startup time and JSP compilation time.
25-Aug-2023 14:23:26.487 INFORMAÇÕES [localhost-startStop-1] org.apache.catalina.startup.HostConfig.deployDescriptor Deployment of deployment descriptor [/home/matheus/Documentos/Web-Servers/apache-tomcat-8.5.91/conf/Catalina/localhost/webapp.xml] has finished in [452] ms
25-Aug-2023 14:23:26.487 INFORMAÇÕES [localhost-startStop-1] org.apache.catalina.startup.HostConfig.deployDescriptor Deploying deployment descriptor [/home/matheus/Documentos/Web-Servers/apache-tomcat-8.5.91/conf/Catalina/localhost/studies.xml]
25-Aug-2023 14:23:26.569 INFORMAÇÕES [localhost-startStop-1] org.apache.catalina.startup.HostConfig.deployDescriptor Deployment of deployment descriptor [/home/matheus/Documentos/Web-Servers/apache-tomcat-8.5.91/conf/Catalina/localhost/studies.xml] has finished in [82] ms
25-Aug-2023 14:23:26.569 INFORMAÇÕES [localhost-startStop-1] org.apache.catalina.startup.HostConfig.deployDirectory Deploying web application directory [/home/matheus/Documentos/Web-Servers/apache-tomcat-8.5.91/webapps/host-manager]
25-Aug-2023 14:23:26.630 INFORMAÇÕES [localhost-startStop-1] org.apache.catalina.startup.HostConfig.deployDirectory Deployment of web application directory [/home/matheus/Documentos/Web-Servers/apache-tomcat-8.5.91/webapps/host-manager] has finished in [60] ms
25-Aug-2023 14:23:26.630 INFORMAÇÕES [localhost-startStop-1] org.apache.catalina.startup.HostConfig.deployDirectory Deploying web application directory [/home/matheus/Documentos/Web-Servers/apache-tomcat-8.5.91/webapps/examples]
25-Aug-2023 14:23:27.258 INFORMAÇÕES [localhost-startStop-1] org.apache.catalina.startup.HostConfig.deployDirectory Deployment of web application directory [/home/matheus/Documentos/Web-Servers/apache-tomcat-8.5.91/webapps/examples] has finished in [628] ms
25-Aug-2023 14:23:27.259 INFORMAÇÕES [localhost-startStop-1] org.apache.catalina.startup.HostConfig.deployDirectory Deploying web application directory [/home/matheus/Documentos/Web-Servers/apache-tomcat-8.5.91/webapps/manager]
25-Aug-2023 14:23:27.327 INFORMAÇÕES [localhost-startStop-1] org.apache.catalina.startup.HostConfig.deployDirectory Deployment of web application directory [/home/matheus/Documentos/Web-Servers/apache-tomcat-8.5.91/webapps/manager] has finished in [68] ms
25-Aug-2023 14:23:27.327 INFORMAÇÕES [localhost-startStop-1] org.apache.catalina.startup.HostConfig.deployDirectory Deploying web application directory [/home/matheus/Documentos/Web-Servers/apache-tomcat-8.5.91/webapps/ROOT]
25-Aug-2023 14:23:27.353 INFORMAÇÕES [localhost-startStop-1] org.apache.catalina.startup.HostConfig.deployDirectory Deployment of web application directory [/home/matheus/Documentos/Web-Servers/apache-tomcat-8.5.91/webapps/ROOT] has finished in [26] ms
25-Aug-2023 14:23:27.353 INFORMAÇÕES [localhost-startStop-1] org.apache.catalina.startup.HostConfig.deployDirectory Deploying web application directory [/home/matheus/Documentos/Web-Servers/apache-tomcat-8.5.91/webapps/docs]
25-Aug-2023 14:23:27.381 INFORMAÇÕES [localhost-startStop-1] org.apache.catalina.startup.HostConfig.deployDirectory Deployment of web application directory [/home/matheus/Documentos/Web-Servers/apache-tomcat-8.5.91/webapps/docs] has finished in [28] ms
25-Aug-2023 14:23:27.383 INFORMAÇÕES [main] org.apache.coyote.AbstractProtocol.start Starting ProtocolHandler ["http-nio-8080"]
25-Aug-2023 14:23:27.435 INFORMAÇÕES [main] org.apache.catalina.startup.Catalina.start Server startup in 3679 ms
25-Aug-2023 14:25:08.260 INFORMAÇÕES [http-nio-8080-exec-4] org.apache.catalina.startup.HostConfig.undeploy Undeploying context [/webapp]
25-Aug-2023 14:25:14.923 INFORMAÇÕES [http-nio-8080-exec-10] org.apache.catalina.startup.HostConfig.deployDescriptor Deploying deployment descriptor [/home/matheus/Documentos/Web-Servers/apache-tomcat-8.5.91/conf/Catalina/localhost/webapp.xml]
25-Aug-2023 14:25:15.058 INFORMAÇÕES [http-nio-8080-exec-10] org.apache.jasper.servlet.TldScanner.scanJars At least one JAR was scanned for TLDs yet contained no TLDs. Enable debug logging for this logger for a complete list of JARs that were scanned but no TLDs were found in them. Skipping unneeded JARs during scanning can improve startup time and JSP compilation time.
25-Aug-2023 14:25:15.480 INFORMAÇÕES [http-nio-8080-exec-10] org.apache.catalina.startup.HostConfig.deployDescriptor Deployment of deployment descriptor [/home/matheus/Documentos/Web-Servers/apache-tomcat-8.5.91/conf/Catalina/localhost/webapp.xml] has finished in [556] ms
25-Aug-2023 14:25:15.484 INFORMAÇÕES [http-nio-8080-exec-6] org.apache.catalina.util.LifecycleBase.start The start() method was called on component [StandardEngine[Catalina].StandardHost[localhost].StandardContext[/webapp]] after start() had already been called. The second call will be ignored.
25-Aug-2023 16:08:34.322 INFORMAÇÕES [main] org.apache.catalina.core.StandardServer.await A valid shutdown command was received via the shutdown port. Stopping the Server instance.
25-Aug-2023 16:08:34.678 INFORMAÇÕES [main] org.apache.coyote.AbstractProtocol.pause Pausing ProtocolHandler ["http-nio-8080"]
25-Aug-2023 16:08:35.056 INFORMAÇÕES [main] org.apache.catalina.core.StandardService.stopInternal Stopping service [Catalina]
25-Aug-2023 16:08:35.681 INFORMAÇÕES [main] org.apache.coyote.AbstractProtocol.stop Stopping ProtocolHandler ["http-nio-8080"]
25-Aug-2023 16:08:35.786 INFORMAÇÕES [main] org.apache.coyote.AbstractProtocol.destroy Destroying ProtocolHandler ["http-nio-8080"]
