18-Aug-2023 08:12:22.714 INFORMAÇÕES [main] org.apache.catalina.startup.VersionLoggerListener.log Server version name:   Apache Tomcat/8.5.91
18-Aug-2023 08:12:22.716 INFORMAÇÕES [main] org.apache.catalina.startup.VersionLoggerListener.log Server built:          Jul 6 2023 14:43:48 UTC
18-Aug-2023 08:12:22.716 INFORMAÇÕES [main] org.apache.catalina.startup.VersionLoggerListener.log Server version number: 8.5.91.0
18-Aug-2023 08:12:22.716 INFORMAÇÕES [main] org.apache.catalina.startup.VersionLoggerListener.log OS Name:               Linux
18-Aug-2023 08:12:22.716 INFORMAÇÕES [main] org.apache.catalina.startup.VersionLoggerListener.log OS Version:            6.2.0-26-generic
18-Aug-2023 08:12:22.716 INFORMAÇÕES [main] org.apache.catalina.startup.VersionLoggerListener.log Architecture:          amd64
18-Aug-2023 08:12:22.716 INFORMAÇÕES [main] org.apache.catalina.startup.VersionLoggerListener.log Java Home:             /usr/lib/jvm/java-17-openjdk-amd64
18-Aug-2023 08:12:22.716 INFORMAÇÕES [main] org.apache.catalina.startup.VersionLoggerListener.log JVM Version:           17.0.8+7-Ubuntu-122.04
18-Aug-2023 08:12:22.716 INFORMAÇÕES [main] org.apache.catalina.startup.VersionLoggerListener.log JVM Vendor:            Private Build
18-Aug-2023 08:12:22.717 INFORMAÇÕES [main] org.apache.catalina.startup.VersionLoggerListener.log CATALINA_BASE:         /home/matheus/Documentos/Web-Servers/apache-tomcat-8.5.91
18-Aug-2023 08:12:22.717 INFORMAÇÕES [main] org.apache.catalina.startup.VersionLoggerListener.log CATALINA_HOME:         /home/matheus/Documentos/Web-Servers/apache-tomcat-8.5.91
18-Aug-2023 08:12:22.717 INFORMAÇÕES [main] org.apache.catalina.startup.VersionLoggerListener.log Command line argument: --add-opens=java.base/java.lang=ALL-UNNAMED
18-Aug-2023 08:12:22.717 INFORMAÇÕES [main] org.apache.catalina.startup.VersionLoggerListener.log Command line argument: --add-opens=java.base/java.io=ALL-UNNAMED
18-Aug-2023 08:12:22.717 INFORMAÇÕES [main] org.apache.catalina.startup.VersionLoggerListener.log Command line argument: --add-opens=java.base/java.util=ALL-UNNAMED
18-Aug-2023 08:12:22.717 INFORMAÇÕES [main] org.apache.catalina.startup.VersionLoggerListener.log Command line argument: --add-opens=java.base/java.util.concurrent=ALL-UNNAMED
18-Aug-2023 08:12:22.718 INFORMAÇÕES [main] org.apache.catalina.startup.VersionLoggerListener.log Command line argument: --add-opens=java.rmi/sun.rmi.transport=ALL-UNNAMED
18-Aug-2023 08:12:22.718 INFORMAÇÕES [main] org.apache.catalina.startup.VersionLoggerListener.log Command line argument: -Djava.util.logging.config.file=/home/matheus/Documentos/Web-Servers/apache-tomcat-8.5.91/conf/logging.properties
18-Aug-2023 08:12:22.718 INFORMAÇÕES [main] org.apache.catalina.startup.VersionLoggerListener.log Command line argument: -Djava.util.logging.manager=org.apache.juli.ClassLoaderLogManager
18-Aug-2023 08:12:22.718 INFORMAÇÕES [main] org.apache.catalina.startup.VersionLoggerListener.log Command line argument: -Djdk.tls.ephemeralDHKeySize=2048
18-Aug-2023 08:12:22.718 INFORMAÇÕES [main] org.apache.catalina.startup.VersionLoggerListener.log Command line argument: -Djava.protocol.handler.pkgs=org.apache.catalina.webresources
18-Aug-2023 08:12:22.718 INFORMAÇÕES [main] org.apache.catalina.startup.VersionLoggerListener.log Command line argument: -Dorg.apache.catalina.security.SecurityListener.UMASK=0027
18-Aug-2023 08:12:22.718 INFORMAÇÕES [main] org.apache.catalina.startup.VersionLoggerListener.log Command line argument: -Dignore.endorsed.dirs=
18-Aug-2023 08:12:22.718 INFORMAÇÕES [main] org.apache.catalina.startup.VersionLoggerListener.log Command line argument: -Dcatalina.base=/home/matheus/Documentos/Web-Servers/apache-tomcat-8.5.91
18-Aug-2023 08:12:22.718 INFORMAÇÕES [main] org.apache.catalina.startup.VersionLoggerListener.log Command line argument: -Dcatalina.home=/home/matheus/Documentos/Web-Servers/apache-tomcat-8.5.91
18-Aug-2023 08:12:22.718 INFORMAÇÕES [main] org.apache.catalina.startup.VersionLoggerListener.log Command line argument: -Djava.io.tmpdir=/home/matheus/Documentos/Web-Servers/apache-tomcat-8.5.91/temp
18-Aug-2023 08:12:22.718 INFORMAÇÕES [main] org.apache.catalina.core.AprLifecycleListener.lifecycleEvent The Apache Tomcat Native library which allows using OpenSSL was not found on the java.library.path: [/usr/java/packages/lib:/usr/lib/x86_64-linux-gnu/jni:/lib/x86_64-linux-gnu:/usr/lib/x86_64-linux-gnu:/usr/lib/jni:/lib:/usr/lib]
18-Aug-2023 08:12:22.746 INFORMAÇÕES [main] org.apache.coyote.AbstractProtocol.init Initializing ProtocolHandler ["http-nio-8080"]
18-Aug-2023 08:12:22.796 INFORMAÇÕES [main] org.apache.catalina.startup.Catalina.load Initialization processed in 1059 ms
18-Aug-2023 08:12:22.867 INFORMAÇÕES [main] org.apache.catalina.core.StandardService.startInternal Starting service [Catalina]
18-Aug-2023 08:12:22.868 INFORMAÇÕES [main] org.apache.catalina.core.StandardEngine.startInternal Starting Servlet engine: [Apache Tomcat/8.5.91]
18-Aug-2023 08:12:22.873 INFORMAÇÕES [localhost-startStop-1] org.apache.catalina.startup.HostConfig.deployDescriptor Deploying deployment descriptor [/home/matheus/Documentos/Web-Servers/apache-tomcat-8.5.91/conf/Catalina/localhost/translate.xml]
18-Aug-2023 08:12:23.248 INFORMAÇÕES [localhost-startStop-1] org.apache.catalina.startup.HostConfig.deployDescriptor Deployment of deployment descriptor [/home/matheus/Documentos/Web-Servers/apache-tomcat-8.5.91/conf/Catalina/localhost/translate.xml] has finished in [376] ms
18-Aug-2023 08:12:23.248 INFORMAÇÕES [localhost-startStop-1] org.apache.catalina.startup.HostConfig.deployDescriptor Deploying deployment descriptor [/home/matheus/Documentos/Web-Servers/apache-tomcat-8.5.91/conf/Catalina/localhost/studies.xml]
18-Aug-2023 08:12:23.323 INFORMAÇÕES [localhost-startStop-1] org.apache.catalina.startup.HostConfig.deployDescriptor Deployment of deployment descriptor [/home/matheus/Documentos/Web-Servers/apache-tomcat-8.5.91/conf/Catalina/localhost/studies.xml] has finished in [74] ms
18-Aug-2023 08:12:23.323 INFORMAÇÕES [localhost-startStop-1] org.apache.catalina.startup.HostConfig.deployDirectory Deploying web application directory [/home/matheus/Documentos/Web-Servers/apache-tomcat-8.5.91/webapps/host-manager]
18-Aug-2023 08:12:23.364 INFORMAÇÕES [localhost-startStop-1] org.apache.catalina.startup.HostConfig.deployDirectory Deployment of web application directory [/home/matheus/Documentos/Web-Servers/apache-tomcat-8.5.91/webapps/host-manager] has finished in [41] ms
18-Aug-2023 08:12:23.365 INFORMAÇÕES [localhost-startStop-1] org.apache.catalina.startup.HostConfig.deployDirectory Deploying web application directory [/home/matheus/Documentos/Web-Servers/apache-tomcat-8.5.91/webapps/examples]
18-Aug-2023 08:12:23.661 INFORMAÇÕES [localhost-startStop-1] org.apache.catalina.startup.HostConfig.deployDirectory Deployment of web application directory [/home/matheus/Documentos/Web-Servers/apache-tomcat-8.5.91/webapps/examples] has finished in [296] ms
18-Aug-2023 08:12:23.661 INFORMAÇÕES [localhost-startStop-1] org.apache.catalina.startup.HostConfig.deployDirectory Deploying web application directory [/home/matheus/Documentos/Web-Servers/apache-tomcat-8.5.91/webapps/manager]
18-Aug-2023 08:12:23.694 INFORMAÇÕES [localhost-startStop-1] org.apache.catalina.startup.HostConfig.deployDirectory Deployment of web application directory [/home/matheus/Documentos/Web-Servers/apache-tomcat-8.5.91/webapps/manager] has finished in [33] ms
18-Aug-2023 08:12:23.695 INFORMAÇÕES [localhost-startStop-1] org.apache.catalina.startup.HostConfig.deployDirectory Deploying web application directory [/home/matheus/Documentos/Web-Servers/apache-tomcat-8.5.91/webapps/ROOT]
18-Aug-2023 08:12:23.707 INFORMAÇÕES [localhost-startStop-1] org.apache.catalina.startup.HostConfig.deployDirectory Deployment of web application directory [/home/matheus/Documentos/Web-Servers/apache-tomcat-8.5.91/webapps/ROOT] has finished in [11] ms
18-Aug-2023 08:12:23.707 INFORMAÇÕES [localhost-startStop-1] org.apache.catalina.startup.HostConfig.deployDirectory Deploying web application directory [/home/matheus/Documentos/Web-Servers/apache-tomcat-8.5.91/webapps/docs]
18-Aug-2023 08:12:23.721 INFORMAÇÕES [localhost-startStop-1] org.apache.catalina.startup.HostConfig.deployDirectory Deployment of web application directory [/home/matheus/Documentos/Web-Servers/apache-tomcat-8.5.91/webapps/docs] has finished in [14] ms
18-Aug-2023 08:12:23.723 INFORMAÇÕES [main] org.apache.coyote.AbstractProtocol.start Starting ProtocolHandler ["http-nio-8080"]
18-Aug-2023 08:12:23.747 INFORMAÇÕES [main] org.apache.catalina.startup.Catalina.start Server startup in 951 ms
18-Aug-2023 08:19:42.978 INFORMAÇÕES [http-nio-8080-exec-7] org.apache.catalina.startup.HostConfig.deployDescriptor Deploying deployment descriptor [/home/matheus/Documentos/Web-Servers/apache-tomcat-8.5.91/conf/Catalina/localhost/webapp.xml]
18-Aug-2023 08:19:43.022 INFORMAÇÕES [http-nio-8080-exec-7] org.apache.catalina.startup.HostConfig.deployDescriptor Deployment of deployment descriptor [/home/matheus/Documentos/Web-Servers/apache-tomcat-8.5.91/conf/Catalina/localhost/webapp.xml] has finished in [44] ms
18-Aug-2023 08:19:43.027 INFORMAÇÕES [http-nio-8080-exec-8] org.apache.catalina.util.LifecycleBase.start The start() method was called on component [StandardEngine[Catalina].StandardHost[localhost].StandardContext[/webapp]] after start() had already been called. The second call will be ignored.
18-Aug-2023 08:36:00.709 INFORMAÇÕES [Thread-1] org.apache.coyote.AbstractProtocol.pause Pausing ProtocolHandler ["http-nio-8080"]
18-Aug-2023 08:36:00.825 INFORMAÇÕES [Thread-1] org.apache.catalina.core.StandardService.stopInternal Stopping service [Catalina]
18-Aug-2023 08:36:00.932 INFORMAÇÕES [Thread-1] org.apache.coyote.AbstractProtocol.stop Stopping ProtocolHandler ["http-nio-8080"]
18-Aug-2023 08:36:00.943 INFORMAÇÕES [Thread-1] org.apache.coyote.AbstractProtocol.destroy Destroying ProtocolHandler ["http-nio-8080"]
18-Aug-2023 08:37:33.797 INFORMAÇÕES [main] org.apache.catalina.startup.VersionLoggerListener.log Server version name:   Apache Tomcat/8.5.91
18-Aug-2023 08:37:33.833 INFORMAÇÕES [main] org.apache.catalina.startup.VersionLoggerListener.log Server built:          Jul 6 2023 14:43:48 UTC
18-Aug-2023 08:37:33.833 INFORMAÇÕES [main] org.apache.catalina.startup.VersionLoggerListener.log Server version number: 8.5.91.0
18-Aug-2023 08:37:33.833 INFORMAÇÕES [main] org.apache.catalina.startup.VersionLoggerListener.log OS Name:               Linux
18-Aug-2023 08:37:33.833 INFORMAÇÕES [main] org.apache.catalina.startup.VersionLoggerListener.log OS Version:            6.2.0-26-generic
18-Aug-2023 08:37:33.833 INFORMAÇÕES [main] org.apache.catalina.startup.VersionLoggerListener.log Architecture:          amd64
18-Aug-2023 08:37:33.834 INFORMAÇÕES [main] org.apache.catalina.startup.VersionLoggerListener.log Java Home:             /usr/lib/jvm/java-17-openjdk-amd64
18-Aug-2023 08:37:33.834 INFORMAÇÕES [main] org.apache.catalina.startup.VersionLoggerListener.log JVM Version:           17.0.8+7-Ubuntu-122.04
18-Aug-2023 08:37:33.834 INFORMAÇÕES [main] org.apache.catalina.startup.VersionLoggerListener.log JVM Vendor:            Private Build
18-Aug-2023 08:37:33.834 INFORMAÇÕES [main] org.apache.catalina.startup.VersionLoggerListener.log CATALINA_BASE:         /home/matheus/Documentos/Web-Servers/apache-tomcat-8.5.91
18-Aug-2023 08:37:33.834 INFORMAÇÕES [main] org.apache.catalina.startup.VersionLoggerListener.log CATALINA_HOME:         /home/matheus/Documentos/Web-Servers/apache-tomcat-8.5.91
18-Aug-2023 08:37:33.835 INFORMAÇÕES [main] org.apache.catalina.startup.VersionLoggerListener.log Command line argument: --add-opens=java.base/java.lang=ALL-UNNAMED
18-Aug-2023 08:37:33.835 INFORMAÇÕES [main] org.apache.catalina.startup.VersionLoggerListener.log Command line argument: --add-opens=java.base/java.io=ALL-UNNAMED
18-Aug-2023 08:37:33.835 INFORMAÇÕES [main] org.apache.catalina.startup.VersionLoggerListener.log Command line argument: --add-opens=java.base/java.util=ALL-UNNAMED
18-Aug-2023 08:37:33.835 INFORMAÇÕES [main] org.apache.catalina.startup.VersionLoggerListener.log Command line argument: --add-opens=java.base/java.util.concurrent=ALL-UNNAMED
18-Aug-2023 08:37:33.835 INFORMAÇÕES [main] org.apache.catalina.startup.VersionLoggerListener.log Command line argument: --add-opens=java.rmi/sun.rmi.transport=ALL-UNNAMED
18-Aug-2023 08:37:33.835 INFORMAÇÕES [main] org.apache.catalina.startup.VersionLoggerListener.log Command line argument: -Djava.util.logging.config.file=/home/matheus/Documentos/Web-Servers/apache-tomcat-8.5.91/conf/logging.properties
18-Aug-2023 08:37:33.835 INFORMAÇÕES [main] org.apache.catalina.startup.VersionLoggerListener.log Command line argument: -Djava.util.logging.manager=org.apache.juli.ClassLoaderLogManager
18-Aug-2023 08:37:33.835 INFORMAÇÕES [main] org.apache.catalina.startup.VersionLoggerListener.log Command line argument: -Djdk.tls.ephemeralDHKeySize=2048
18-Aug-2023 08:37:33.835 INFORMAÇÕES [main] org.apache.catalina.startup.VersionLoggerListener.log Command line argument: -Djava.protocol.handler.pkgs=org.apache.catalina.webresources
18-Aug-2023 08:37:33.835 INFORMAÇÕES [main] org.apache.catalina.startup.VersionLoggerListener.log Command line argument: -Dorg.apache.catalina.security.SecurityListener.UMASK=0027
18-Aug-2023 08:37:33.836 INFORMAÇÕES [main] org.apache.catalina.startup.VersionLoggerListener.log Command line argument: -Dignore.endorsed.dirs=
18-Aug-2023 08:37:33.836 INFORMAÇÕES [main] org.apache.catalina.startup.VersionLoggerListener.log Command line argument: -Dcatalina.base=/home/matheus/Documentos/Web-Servers/apache-tomcat-8.5.91
18-Aug-2023 08:37:33.836 INFORMAÇÕES [main] org.apache.catalina.startup.VersionLoggerListener.log Command line argument: -Dcatalina.home=/home/matheus/Documentos/Web-Servers/apache-tomcat-8.5.91
18-Aug-2023 08:37:33.836 INFORMAÇÕES [main] org.apache.catalina.startup.VersionLoggerListener.log Command line argument: -Djava.io.tmpdir=/home/matheus/Documentos/Web-Servers/apache-tomcat-8.5.91/temp
18-Aug-2023 08:37:33.836 INFORMAÇÕES [main] org.apache.catalina.core.AprLifecycleListener.lifecycleEvent The Apache Tomcat Native library which allows using OpenSSL was not found on the java.library.path: [/usr/java/packages/lib:/usr/lib/x86_64-linux-gnu/jni:/lib/x86_64-linux-gnu:/usr/lib/x86_64-linux-gnu:/usr/lib/jni:/lib:/usr/lib]
18-Aug-2023 08:37:34.009 INFORMAÇÕES [main] org.apache.coyote.AbstractProtocol.init Initializing ProtocolHandler ["http-nio-8080"]
18-Aug-2023 08:37:34.059 INFORMAÇÕES [main] org.apache.catalina.startup.Catalina.load Initialization processed in 1002 ms
18-Aug-2023 08:37:34.273 INFORMAÇÕES [main] org.apache.catalina.core.StandardService.startInternal Starting service [Catalina]
18-Aug-2023 08:37:34.274 INFORMAÇÕES [main] org.apache.catalina.core.StandardEngine.startInternal Starting Servlet engine: [Apache Tomcat/8.5.91]
18-Aug-2023 08:37:34.281 INFORMAÇÕES [localhost-startStop-1] org.apache.catalina.startup.HostConfig.deployDescriptor Deploying deployment descriptor [/home/matheus/Documentos/Web-Servers/apache-tomcat-8.5.91/conf/Catalina/localhost/translate.xml]
18-Aug-2023 08:37:35.100 INFORMAÇÕES [localhost-startStop-1] org.apache.catalina.startup.HostConfig.deployDescriptor Deployment of deployment descriptor [/home/matheus/Documentos/Web-Servers/apache-tomcat-8.5.91/conf/Catalina/localhost/translate.xml] has finished in [819] ms
18-Aug-2023 08:37:35.101 INFORMAÇÕES [localhost-startStop-1] org.apache.catalina.startup.HostConfig.deployDescriptor Deploying deployment descriptor [/home/matheus/Documentos/Web-Servers/apache-tomcat-8.5.91/conf/Catalina/localhost/webapp.xml]
18-Aug-2023 08:37:35.116 INFORMAÇÕES [localhost-startStop-1] org.apache.catalina.startup.HostConfig.deployDescriptor Deployment of deployment descriptor [/home/matheus/Documentos/Web-Servers/apache-tomcat-8.5.91/conf/Catalina/localhost/webapp.xml] has finished in [15] ms
18-Aug-2023 08:37:35.117 INFORMAÇÕES [localhost-startStop-1] org.apache.catalina.startup.HostConfig.deployDescriptor Deploying deployment descriptor [/home/matheus/Documentos/Web-Servers/apache-tomcat-8.5.91/conf/Catalina/localhost/studies.xml]
18-Aug-2023 08:37:35.169 INFORMAÇÕES [localhost-startStop-1] org.apache.catalina.startup.HostConfig.deployDescriptor Deployment of deployment descriptor [/home/matheus/Documentos/Web-Servers/apache-tomcat-8.5.91/conf/Catalina/localhost/studies.xml] has finished in [52] ms
18-Aug-2023 08:37:35.170 INFORMAÇÕES [localhost-startStop-1] org.apache.catalina.startup.HostConfig.deployDirectory Deploying web application directory [/home/matheus/Documentos/Web-Servers/apache-tomcat-8.5.91/webapps/host-manager]
18-Aug-2023 08:37:35.235 INFORMAÇÕES [localhost-startStop-1] org.apache.catalina.startup.HostConfig.deployDirectory Deployment of web application directory [/home/matheus/Documentos/Web-Servers/apache-tomcat-8.5.91/webapps/host-manager] has finished in [65] ms
18-Aug-2023 08:37:35.235 INFORMAÇÕES [localhost-startStop-1] org.apache.catalina.startup.HostConfig.deployDirectory Deploying web application directory [/home/matheus/Documentos/Web-Servers/apache-tomcat-8.5.91/webapps/examples]
18-Aug-2023 08:37:35.614 INFORMAÇÕES [localhost-startStop-1] org.apache.catalina.startup.HostConfig.deployDirectory Deployment of web application directory [/home/matheus/Documentos/Web-Servers/apache-tomcat-8.5.91/webapps/examples] has finished in [378] ms
18-Aug-2023 08:37:35.614 INFORMAÇÕES [localhost-startStop-1] org.apache.catalina.startup.HostConfig.deployDirectory Deploying web application directory [/home/matheus/Documentos/Web-Servers/apache-tomcat-8.5.91/webapps/manager]
18-Aug-2023 08:37:35.632 INFORMAÇÕES [localhost-startStop-1] org.apache.catalina.startup.HostConfig.deployDirectory Deployment of web application directory [/home/matheus/Documentos/Web-Servers/apache-tomcat-8.5.91/webapps/manager] has finished in [18] ms
18-Aug-2023 08:37:35.632 INFORMAÇÕES [localhost-startStop-1] org.apache.catalina.startup.HostConfig.deployDirectory Deploying web application directory [/home/matheus/Documentos/Web-Servers/apache-tomcat-8.5.91/webapps/ROOT]
18-Aug-2023 08:37:35.651 INFORMAÇÕES [localhost-startStop-1] org.apache.catalina.startup.HostConfig.deployDirectory Deployment of web application directory [/home/matheus/Documentos/Web-Servers/apache-tomcat-8.5.91/webapps/ROOT] has finished in [19] ms
18-Aug-2023 08:37:35.652 INFORMAÇÕES [localhost-startStop-1] org.apache.catalina.startup.HostConfig.deployDirectory Deploying web application directory [/home/matheus/Documentos/Web-Servers/apache-tomcat-8.5.91/webapps/docs]
18-Aug-2023 08:37:35.687 INFORMAÇÕES [localhost-startStop-1] org.apache.catalina.startup.HostConfig.deployDirectory Deployment of web application directory [/home/matheus/Documentos/Web-Servers/apache-tomcat-8.5.91/webapps/docs] has finished in [35] ms
18-Aug-2023 08:37:35.689 INFORMAÇÕES [main] org.apache.coyote.AbstractProtocol.start Starting ProtocolHandler ["http-nio-8080"]
18-Aug-2023 08:37:35.730 INFORMAÇÕES [main] org.apache.catalina.startup.Catalina.start Server startup in 1671 ms
18-Aug-2023 08:46:02.518 INFORMAÇÕES [http-nio-8080-exec-2] org.apache.catalina.core.StandardContext.reload Reloading Context with name [/webapp] has started
18-Aug-2023 08:46:03.371 INFORMAÇÕES [http-nio-8080-exec-2] org.apache.jasper.servlet.TldScanner.scanJars At least one JAR was scanned for TLDs yet contained no TLDs. Enable debug logging for this logger for a complete list of JARs that were scanned but no TLDs were found in them. Skipping unneeded JARs during scanning can improve startup time and JSP compilation time.
18-Aug-2023 08:46:03.392 INFORMAÇÕES [http-nio-8080-exec-2] org.apache.catalina.core.StandardContext.reload Reloading Context with name [/webapp] is completed
18-Aug-2023 08:46:22.006 INFORMAÇÕES [http-nio-8080-exec-7] org.apache.catalina.startup.HostConfig.undeploy Undeploying context [/webapp]
18-Aug-2023 08:46:22.104 INFORMAÇÕES [http-nio-8080-exec-4] org.apache.catalina.startup.HostConfig.deployDescriptor Deploying deployment descriptor [/home/matheus/Documentos/Web-Servers/apache-tomcat-8.5.91/conf/Catalina/localhost/webapp.xml]
18-Aug-2023 08:46:22.482 INFORMAÇÕES [http-nio-8080-exec-4] org.apache.jasper.servlet.TldScanner.scanJars At least one JAR was scanned for TLDs yet contained no TLDs. Enable debug logging for this logger for a complete list of JARs that were scanned but no TLDs were found in them. Skipping unneeded JARs during scanning can improve startup time and JSP compilation time.
18-Aug-2023 08:46:22.485 INFORMAÇÕES [http-nio-8080-exec-4] org.apache.catalina.startup.HostConfig.deployDescriptor Deployment of deployment descriptor [/home/matheus/Documentos/Web-Servers/apache-tomcat-8.5.91/conf/Catalina/localhost/webapp.xml] has finished in [381] ms
18-Aug-2023 08:46:22.493 INFORMAÇÕES [http-nio-8080-exec-12] org.apache.catalina.util.LifecycleBase.start The start() method was called on component [StandardEngine[Catalina].StandardHost[localhost].StandardContext[/webapp]] after start() had already been called. The second call will be ignored.
18-Aug-2023 08:46:33.710 INFORMAÇÕES [http-nio-8080-exec-12] org.apache.catalina.startup.HostConfig.undeploy Undeploying context [/webapp]
18-Aug-2023 08:54:15.712 INFORMAÇÕES [http-nio-8080-exec-15] org.apache.catalina.startup.HostConfig.deployDescriptor Deploying deployment descriptor [/home/matheus/Documentos/Web-Servers/apache-tomcat-8.5.91/conf/Catalina/localhost/webapp.xml]
18-Aug-2023 08:54:16.111 INFORMAÇÕES [http-nio-8080-exec-15] org.apache.jasper.servlet.TldScanner.scanJars At least one JAR was scanned for TLDs yet contained no TLDs. Enable debug logging for this logger for a complete list of JARs that were scanned but no TLDs were found in them. Skipping unneeded JARs during scanning can improve startup time and JSP compilation time.
18-Aug-2023 08:54:16.115 INFORMAÇÕES [http-nio-8080-exec-15] org.apache.catalina.startup.HostConfig.deployDescriptor Deployment of deployment descriptor [/home/matheus/Documentos/Web-Servers/apache-tomcat-8.5.91/conf/Catalina/localhost/webapp.xml] has finished in [403] ms
18-Aug-2023 08:54:16.123 INFORMAÇÕES [http-nio-8080-exec-18] org.apache.catalina.util.LifecycleBase.start The start() method was called on component [StandardEngine[Catalina].StandardHost[localhost].StandardContext[/webapp]] after start() had already been called. The second call will be ignored.
18-Aug-2023 08:56:06.362 INFORMAÇÕES [http-nio-8080-exec-23] org.apache.jasper.servlet.TldScanner.scanJars At least one JAR was scanned for TLDs yet contained no TLDs. Enable debug logging for this logger for a complete list of JARs that were scanned but no TLDs were found in them. Skipping unneeded JARs during scanning can improve startup time and JSP compilation time.
18-Aug-2023 08:56:16.104 INFORMAÇÕES [ContainerBackgroundProcessor[StandardEngine[Catalina]]] org.apache.catalina.startup.HostConfig.reload Reloading context [/webapp]
18-Aug-2023 08:56:16.105 INFORMAÇÕES [ContainerBackgroundProcessor[StandardEngine[Catalina]]] org.apache.catalina.core.StandardContext.reload Reloading Context with name [/webapp] has started
18-Aug-2023 08:56:16.433 INFORMAÇÕES [ContainerBackgroundProcessor[StandardEngine[Catalina]]] org.apache.jasper.servlet.TldScanner.scanJars At least one JAR was scanned for TLDs yet contained no TLDs. Enable debug logging for this logger for a complete list of JARs that were scanned but no TLDs were found in them. Skipping unneeded JARs during scanning can improve startup time and JSP compilation time.
18-Aug-2023 08:56:16.452 INFORMAÇÕES [ContainerBackgroundProcessor[StandardEngine[Catalina]]] org.apache.catalina.core.StandardContext.reload Reloading Context with name [/webapp] is completed
18-Aug-2023 08:56:49.090 INFORMAÇÕES [http-nio-8080-exec-25] org.apache.jasper.servlet.TldScanner.scanJars At least one JAR was scanned for TLDs yet contained no TLDs. Enable debug logging for this logger for a complete list of JARs that were scanned but no TLDs were found in them. Skipping unneeded JARs during scanning can improve startup time and JSP compilation time.
18-Aug-2023 08:56:55.660 INFORMAÇÕES [http-nio-8080-exec-24] org.apache.catalina.startup.HostConfig.undeploy Undeploying context [/webapp]
18-Aug-2023 08:56:55.674 INFORMAÇÕES [http-nio-8080-exec-25] org.apache.catalina.startup.HostConfig.deployDescriptor Deploying deployment descriptor [/home/matheus/Documentos/Web-Servers/apache-tomcat-8.5.91/conf/Catalina/localhost/webapp.xml]
18-Aug-2023 08:56:55.944 INFORMAÇÕES [http-nio-8080-exec-25] org.apache.jasper.servlet.TldScanner.scanJars At least one JAR was scanned for TLDs yet contained no TLDs. Enable debug logging for this logger for a complete list of JARs that were scanned but no TLDs were found in them. Skipping unneeded JARs during scanning can improve startup time and JSP compilation time.
18-Aug-2023 08:56:56.031 INFORMAÇÕES [http-nio-8080-exec-25] org.apache.catalina.startup.HostConfig.deployDescriptor Deployment of deployment descriptor [/home/matheus/Documentos/Web-Servers/apache-tomcat-8.5.91/conf/Catalina/localhost/webapp.xml] has finished in [356] ms
18-Aug-2023 08:56:56.041 INFORMAÇÕES [http-nio-8080-exec-26] org.apache.catalina.util.LifecycleBase.start The start() method was called on component [StandardEngine[Catalina].StandardHost[localhost].StandardContext[/webapp]] after start() had already been called. The second call will be ignored.
18-Aug-2023 09:14:38.079 INFORMAÇÕES [http-nio-8080-exec-36] org.apache.jasper.servlet.TldScanner.scanJars At least one JAR was scanned for TLDs yet contained no TLDs. Enable debug logging for this logger for a complete list of JARs that were scanned but no TLDs were found in them. Skipping unneeded JARs during scanning can improve startup time and JSP compilation time.
18-Aug-2023 09:14:46.689 INFORMAÇÕES [ContainerBackgroundProcessor[StandardEngine[Catalina]]] org.apache.catalina.startup.HostConfig.reload Reloading context [/webapp]
18-Aug-2023 09:14:46.689 INFORMAÇÕES [ContainerBackgroundProcessor[StandardEngine[Catalina]]] org.apache.catalina.core.StandardContext.reload Reloading Context with name [/webapp] has started
18-Aug-2023 09:14:46.933 INFORMAÇÕES [ContainerBackgroundProcessor[StandardEngine[Catalina]]] org.apache.jasper.servlet.TldScanner.scanJars At least one JAR was scanned for TLDs yet contained no TLDs. Enable debug logging for this logger for a complete list of JARs that were scanned but no TLDs were found in them. Skipping unneeded JARs during scanning can improve startup time and JSP compilation time.
18-Aug-2023 09:14:46.941 INFORMAÇÕES [ContainerBackgroundProcessor[StandardEngine[Catalina]]] org.apache.catalina.core.StandardContext.reload Reloading Context with name [/webapp] is completed
18-Aug-2023 09:14:56.151 INFORMAÇÕES [http-nio-8080-exec-37] org.apache.jasper.servlet.TldScanner.scanJars At least one JAR was scanned for TLDs yet contained no TLDs. Enable debug logging for this logger for a complete list of JARs that were scanned but no TLDs were found in them. Skipping unneeded JARs during scanning can improve startup time and JSP compilation time.
18-Aug-2023 09:14:56.943 INFORMAÇÕES [ContainerBackgroundProcessor[StandardEngine[Catalina]]] org.apache.catalina.startup.HostConfig.reload Reloading context [/webapp]
18-Aug-2023 09:14:56.943 INFORMAÇÕES [ContainerBackgroundProcessor[StandardEngine[Catalina]]] org.apache.catalina.core.StandardContext.reload Reloading Context with name [/webapp] has started
18-Aug-2023 09:14:57.167 INFORMAÇÕES [ContainerBackgroundProcessor[StandardEngine[Catalina]]] org.apache.jasper.servlet.TldScanner.scanJars At least one JAR was scanned for TLDs yet contained no TLDs. Enable debug logging for this logger for a complete list of JARs that were scanned but no TLDs were found in them. Skipping unneeded JARs during scanning can improve startup time and JSP compilation time.
18-Aug-2023 09:14:57.174 INFORMAÇÕES [ContainerBackgroundProcessor[StandardEngine[Catalina]]] org.apache.catalina.core.StandardContext.reload Reloading Context with name [/webapp] is completed
18-Aug-2023 09:15:40.761 INFORMAÇÕES [http-nio-8080-exec-37] org.apache.catalina.startup.HostConfig.undeploy Undeploying context [/webapp]
18-Aug-2023 09:15:40.772 INFORMAÇÕES [http-nio-8080-exec-40] org.apache.catalina.startup.HostConfig.deployDescriptor Deploying deployment descriptor [/home/matheus/Documentos/Web-Servers/apache-tomcat-8.5.91/conf/Catalina/localhost/webapp.xml]
18-Aug-2023 09:15:41.054 INFORMAÇÕES [http-nio-8080-exec-40] org.apache.jasper.servlet.TldScanner.scanJars At least one JAR was scanned for TLDs yet contained no TLDs. Enable debug logging for this logger for a complete list of JARs that were scanned but no TLDs were found in them. Skipping unneeded JARs during scanning can improve startup time and JSP compilation time.
18-Aug-2023 09:15:41.163 INFORMAÇÕES [http-nio-8080-exec-40] org.apache.catalina.startup.HostConfig.deployDescriptor Deployment of deployment descriptor [/home/matheus/Documentos/Web-Servers/apache-tomcat-8.5.91/conf/Catalina/localhost/webapp.xml] has finished in [391] ms
18-Aug-2023 09:15:41.171 INFORMAÇÕES [http-nio-8080-exec-41] org.apache.catalina.util.LifecycleBase.start The start() method was called on component [StandardEngine[Catalina].StandardHost[localhost].StandardContext[/webapp]] after start() had already been called. The second call will be ignored.
18-Aug-2023 09:22:38.954 INFORMAÇÕES [http-nio-8080-exec-49] org.apache.catalina.startup.HostConfig.undeploy Undeploying context [/webapp]
18-Aug-2023 09:22:38.964 INFORMAÇÕES [http-nio-8080-exec-42] org.apache.catalina.startup.HostConfig.deployDescriptor Deploying deployment descriptor [/home/matheus/Documentos/Web-Servers/apache-tomcat-8.5.91/conf/Catalina/localhost/webapp.xml]
18-Aug-2023 09:22:39.223 INFORMAÇÕES [http-nio-8080-exec-42] org.apache.jasper.servlet.TldScanner.scanJars At least one JAR was scanned for TLDs yet contained no TLDs. Enable debug logging for this logger for a complete list of JARs that were scanned but no TLDs were found in them. Skipping unneeded JARs during scanning can improve startup time and JSP compilation time.
18-Aug-2023 09:22:39.306 INFORMAÇÕES [http-nio-8080-exec-42] org.apache.catalina.startup.HostConfig.deployDescriptor Deployment of deployment descriptor [/home/matheus/Documentos/Web-Servers/apache-tomcat-8.5.91/conf/Catalina/localhost/webapp.xml] has finished in [342] ms
18-Aug-2023 09:22:39.312 INFORMAÇÕES [http-nio-8080-exec-44] org.apache.catalina.util.LifecycleBase.start The start() method was called on component [StandardEngine[Catalina].StandardHost[localhost].StandardContext[/webapp]] after start() had already been called. The second call will be ignored.
18-Aug-2023 10:16:48.089 INFORMAÇÕES [Thread-1] org.apache.coyote.AbstractProtocol.pause Pausing ProtocolHandler ["http-nio-8080"]
18-Aug-2023 10:16:48.194 INFORMAÇÕES [Thread-1] org.apache.catalina.core.StandardService.stopInternal Stopping service [Catalina]
18-Aug-2023 10:16:48.238 INFORMAÇÕES [Thread-1] org.apache.coyote.AbstractProtocol.stop Stopping ProtocolHandler ["http-nio-8080"]
18-Aug-2023 10:16:48.252 INFORMAÇÕES [Thread-1] org.apache.coyote.AbstractProtocol.destroy Destroying ProtocolHandler ["http-nio-8080"]
18-Aug-2023 10:19:22.778 INFORMAÇÕES [main] org.apache.catalina.startup.VersionLoggerListener.log Server version name:   Apache Tomcat/8.5.91
18-Aug-2023 10:19:22.784 INFORMAÇÕES [main] org.apache.catalina.startup.VersionLoggerListener.log Server built:          Jul 6 2023 14:43:48 UTC
18-Aug-2023 10:19:22.785 INFORMAÇÕES [main] org.apache.catalina.startup.VersionLoggerListener.log Server version number: 8.5.91.0
18-Aug-2023 10:19:22.785 INFORMAÇÕES [main] org.apache.catalina.startup.VersionLoggerListener.log OS Name:               Linux
18-Aug-2023 10:19:22.785 INFORMAÇÕES [main] org.apache.catalina.startup.VersionLoggerListener.log OS Version:            6.2.0-26-generic
18-Aug-2023 10:19:22.785 INFORMAÇÕES [main] org.apache.catalina.startup.VersionLoggerListener.log Architecture:          amd64
18-Aug-2023 10:19:22.786 INFORMAÇÕES [main] org.apache.catalina.startup.VersionLoggerListener.log Java Home:             /usr/lib/jvm/java-17-openjdk-amd64
18-Aug-2023 10:19:22.786 INFORMAÇÕES [main] org.apache.catalina.startup.VersionLoggerListener.log JVM Version:           17.0.8+7-Ubuntu-122.04
18-Aug-2023 10:19:22.786 INFORMAÇÕES [main] org.apache.catalina.startup.VersionLoggerListener.log JVM Vendor:            Private Build
18-Aug-2023 10:19:22.786 INFORMAÇÕES [main] org.apache.catalina.startup.VersionLoggerListener.log CATALINA_BASE:         /home/matheus/Documentos/Web-Servers/apache-tomcat-8.5.91
18-Aug-2023 10:19:22.786 INFORMAÇÕES [main] org.apache.catalina.startup.VersionLoggerListener.log CATALINA_HOME:         /home/matheus/Documentos/Web-Servers/apache-tomcat-8.5.91
18-Aug-2023 10:19:22.794 INFORMAÇÕES [main] org.apache.catalina.startup.VersionLoggerListener.log Command line argument: --add-opens=java.base/java.lang=ALL-UNNAMED
18-Aug-2023 10:19:22.795 INFORMAÇÕES [main] org.apache.catalina.startup.VersionLoggerListener.log Command line argument: --add-opens=java.base/java.io=ALL-UNNAMED
18-Aug-2023 10:19:22.795 INFORMAÇÕES [main] org.apache.catalina.startup.VersionLoggerListener.log Command line argument: --add-opens=java.base/java.util=ALL-UNNAMED
18-Aug-2023 10:19:22.796 INFORMAÇÕES [main] org.apache.catalina.startup.VersionLoggerListener.log Command line argument: --add-opens=java.base/java.util.concurrent=ALL-UNNAMED
18-Aug-2023 10:19:22.796 INFORMAÇÕES [main] org.apache.catalina.startup.VersionLoggerListener.log Command line argument: --add-opens=java.rmi/sun.rmi.transport=ALL-UNNAMED
18-Aug-2023 10:19:22.796 INFORMAÇÕES [main] org.apache.catalina.startup.VersionLoggerListener.log Command line argument: -Djava.util.logging.config.file=/home/matheus/Documentos/Web-Servers/apache-tomcat-8.5.91/conf/logging.properties
18-Aug-2023 10:19:22.797 INFORMAÇÕES [main] org.apache.catalina.startup.VersionLoggerListener.log Command line argument: -Djava.util.logging.manager=org.apache.juli.ClassLoaderLogManager
18-Aug-2023 10:19:22.798 INFORMAÇÕES [main] org.apache.catalina.startup.VersionLoggerListener.log Command line argument: -Djdk.tls.ephemeralDHKeySize=2048
18-Aug-2023 10:19:22.798 INFORMAÇÕES [main] org.apache.catalina.startup.VersionLoggerListener.log Command line argument: -Djava.protocol.handler.pkgs=org.apache.catalina.webresources
18-Aug-2023 10:19:22.799 INFORMAÇÕES [main] org.apache.catalina.startup.VersionLoggerListener.log Command line argument: -Dorg.apache.catalina.security.SecurityListener.UMASK=0027
18-Aug-2023 10:19:22.799 INFORMAÇÕES [main] org.apache.catalina.startup.VersionLoggerListener.log Command line argument: -Dignore.endorsed.dirs=
18-Aug-2023 10:19:22.800 INFORMAÇÕES [main] org.apache.catalina.startup.VersionLoggerListener.log Command line argument: -Dcatalina.base=/home/matheus/Documentos/Web-Servers/apache-tomcat-8.5.91
18-Aug-2023 10:19:22.800 INFORMAÇÕES [main] org.apache.catalina.startup.VersionLoggerListener.log Command line argument: -Dcatalina.home=/home/matheus/Documentos/Web-Servers/apache-tomcat-8.5.91
18-Aug-2023 10:19:22.800 INFORMAÇÕES [main] org.apache.catalina.startup.VersionLoggerListener.log Command line argument: -Djava.io.tmpdir=/home/matheus/Documentos/Web-Servers/apache-tomcat-8.5.91/temp
18-Aug-2023 10:19:22.801 INFORMAÇÕES [main] org.apache.catalina.core.AprLifecycleListener.lifecycleEvent The Apache Tomcat Native library which allows using OpenSSL was not found on the java.library.path: [/usr/java/packages/lib:/usr/lib/x86_64-linux-gnu/jni:/lib/x86_64-linux-gnu:/usr/lib/x86_64-linux-gnu:/usr/lib/jni:/lib:/usr/lib]
18-Aug-2023 10:19:22.881 INFORMAÇÕES [main] org.apache.coyote.AbstractProtocol.init Initializing ProtocolHandler ["http-nio-8080"]
18-Aug-2023 10:19:22.949 INFORMAÇÕES [main] org.apache.catalina.startup.Catalina.load Initialization processed in 1540 ms
18-Aug-2023 10:19:23.086 INFORMAÇÕES [main] org.apache.catalina.core.StandardService.startInternal Starting service [Catalina]
18-Aug-2023 10:19:23.087 INFORMAÇÕES [main] org.apache.catalina.core.StandardEngine.startInternal Starting Servlet engine: [Apache Tomcat/8.5.91]
18-Aug-2023 10:19:23.101 INFORMAÇÕES [localhost-startStop-1] org.apache.catalina.startup.HostConfig.deployDescriptor Deploying deployment descriptor [/home/matheus/Documentos/Web-Servers/apache-tomcat-8.5.91/conf/Catalina/localhost/translate.xml]
18-Aug-2023 10:19:23.965 INFORMAÇÕES [localhost-startStop-1] org.apache.catalina.startup.HostConfig.deployDescriptor Deployment of deployment descriptor [/home/matheus/Documentos/Web-Servers/apache-tomcat-8.5.91/conf/Catalina/localhost/translate.xml] has finished in [863] ms
18-Aug-2023 10:19:23.966 INFORMAÇÕES [localhost-startStop-1] org.apache.catalina.startup.HostConfig.deployDescriptor Deploying deployment descriptor [/home/matheus/Documentos/Web-Servers/apache-tomcat-8.5.91/conf/Catalina/localhost/webapp.xml]
18-Aug-2023 10:19:24.502 INFORMAÇÕES [localhost-startStop-1] org.apache.jasper.servlet.TldScanner.scanJars At least one JAR was scanned for TLDs yet contained no TLDs. Enable debug logging for this logger for a complete list of JARs that were scanned but no TLDs were found in them. Skipping unneeded JARs during scanning can improve startup time and JSP compilation time.
18-Aug-2023 10:19:24.512 INFORMAÇÕES [localhost-startStop-1] org.apache.catalina.startup.HostConfig.deployDescriptor Deployment of deployment descriptor [/home/matheus/Documentos/Web-Servers/apache-tomcat-8.5.91/conf/Catalina/localhost/webapp.xml] has finished in [546] ms
18-Aug-2023 10:19:24.513 INFORMAÇÕES [localhost-startStop-1] org.apache.catalina.startup.HostConfig.deployDescriptor Deploying deployment descriptor [/home/matheus/Documentos/Web-Servers/apache-tomcat-8.5.91/conf/Catalina/localhost/studies.xml]
18-Aug-2023 10:19:24.657 INFORMAÇÕES [localhost-startStop-1] org.apache.catalina.startup.HostConfig.deployDescriptor Deployment of deployment descriptor [/home/matheus/Documentos/Web-Servers/apache-tomcat-8.5.91/conf/Catalina/localhost/studies.xml] has finished in [144] ms
18-Aug-2023 10:19:24.659 INFORMAÇÕES [localhost-startStop-1] org.apache.catalina.startup.HostConfig.deployDirectory Deploying web application directory [/home/matheus/Documentos/Web-Servers/apache-tomcat-8.5.91/webapps/host-manager]
18-Aug-2023 10:19:24.759 INFORMAÇÕES [localhost-startStop-1] org.apache.catalina.startup.HostConfig.deployDirectory Deployment of web application directory [/home/matheus/Documentos/Web-Servers/apache-tomcat-8.5.91/webapps/host-manager] has finished in [100] ms
18-Aug-2023 10:19:24.760 INFORMAÇÕES [localhost-startStop-1] org.apache.catalina.startup.HostConfig.deployDirectory Deploying web application directory [/home/matheus/Documentos/Web-Servers/apache-tomcat-8.5.91/webapps/examples]
18-Aug-2023 10:19:25.224 INFORMAÇÕES [localhost-startStop-1] org.apache.catalina.startup.HostConfig.deployDirectory Deployment of web application directory [/home/matheus/Documentos/Web-Servers/apache-tomcat-8.5.91/webapps/examples] has finished in [464] ms
18-Aug-2023 10:19:25.225 INFORMAÇÕES [localhost-startStop-1] org.apache.catalina.startup.HostConfig.deployDirectory Deploying web application directory [/home/matheus/Documentos/Web-Servers/apache-tomcat-8.5.91/webapps/manager]
18-Aug-2023 10:19:25.282 INFORMAÇÕES [localhost-startStop-1] org.apache.catalina.startup.HostConfig.deployDirectory Deployment of web application directory [/home/matheus/Documentos/Web-Servers/apache-tomcat-8.5.91/webapps/manager] has finished in [56] ms
18-Aug-2023 10:19:25.282 INFORMAÇÕES [localhost-startStop-1] org.apache.catalina.startup.HostConfig.deployDirectory Deploying web application directory [/home/matheus/Documentos/Web-Servers/apache-tomcat-8.5.91/webapps/ROOT]
18-Aug-2023 10:19:25.312 INFORMAÇÕES [localhost-startStop-1] org.apache.catalina.startup.HostConfig.deployDirectory Deployment of web application directory [/home/matheus/Documentos/Web-Servers/apache-tomcat-8.5.91/webapps/ROOT] has finished in [30] ms
18-Aug-2023 10:19:25.313 INFORMAÇÕES [localhost-startStop-1] org.apache.catalina.startup.HostConfig.deployDirectory Deploying web application directory [/home/matheus/Documentos/Web-Servers/apache-tomcat-8.5.91/webapps/docs]
18-Aug-2023 10:19:25.356 INFORMAÇÕES [localhost-startStop-1] org.apache.catalina.startup.HostConfig.deployDirectory Deployment of web application directory [/home/matheus/Documentos/Web-Servers/apache-tomcat-8.5.91/webapps/docs] has finished in [44] ms
18-Aug-2023 10:19:25.369 INFORMAÇÕES [main] org.apache.coyote.AbstractProtocol.start Starting ProtocolHandler ["http-nio-8080"]
18-Aug-2023 10:19:25.405 INFORMAÇÕES [main] org.apache.catalina.startup.Catalina.start Server startup in 2456 ms
18-Aug-2023 10:21:41.647 INFORMAÇÕES [http-nio-8080-exec-9] org.apache.catalina.startup.HostConfig.undeploy Undeploying context [/webapp]
18-Aug-2023 10:21:41.676 INFORMAÇÕES [http-nio-8080-exec-3] org.apache.catalina.startup.HostConfig.deployDescriptor Deploying deployment descriptor [/home/matheus/Documentos/Web-Servers/apache-tomcat-8.5.91/conf/Catalina/localhost/webapp.xml]
18-Aug-2023 10:21:42.030 INFORMAÇÕES [http-nio-8080-exec-3] org.apache.jasper.servlet.TldScanner.scanJars At least one JAR was scanned for TLDs yet contained no TLDs. Enable debug logging for this logger for a complete list of JARs that were scanned but no TLDs were found in them. Skipping unneeded JARs during scanning can improve startup time and JSP compilation time.
18-Aug-2023 10:21:43.005 INFORMAÇÕES [http-nio-8080-exec-3] org.apache.catalina.startup.HostConfig.deployDescriptor Deployment of deployment descriptor [/home/matheus/Documentos/Web-Servers/apache-tomcat-8.5.91/conf/Catalina/localhost/webapp.xml] has finished in [1,326] ms
18-Aug-2023 10:21:43.028 INFORMAÇÕES [http-nio-8080-exec-5] org.apache.catalina.util.LifecycleBase.start The start() method was called on component [StandardEngine[Catalina].StandardHost[localhost].StandardContext[/webapp]] after start() had already been called. The second call will be ignored.
18-Aug-2023 10:33:27.986 INFORMAÇÕES [http-nio-8080-exec-17] org.apache.catalina.startup.HostConfig.undeploy Undeploying context [/webapp]
18-Aug-2023 10:33:28.002 INFORMAÇÕES [http-nio-8080-exec-14] org.apache.catalina.startup.HostConfig.deployDescriptor Deploying deployment descriptor [/home/matheus/Documentos/Web-Servers/apache-tomcat-8.5.91/conf/Catalina/localhost/webapp.xml]
18-Aug-2023 10:33:28.326 INFORMAÇÕES [http-nio-8080-exec-14] org.apache.jasper.servlet.TldScanner.scanJars At least one JAR was scanned for TLDs yet contained no TLDs. Enable debug logging for this logger for a complete list of JARs that were scanned but no TLDs were found in them. Skipping unneeded JARs during scanning can improve startup time and JSP compilation time.
18-Aug-2023 10:33:28.461 INFORMAÇÕES [http-nio-8080-exec-14] org.apache.catalina.startup.HostConfig.deployDescriptor Deployment of deployment descriptor [/home/matheus/Documentos/Web-Servers/apache-tomcat-8.5.91/conf/Catalina/localhost/webapp.xml] has finished in [458] ms
18-Aug-2023 10:33:28.469 INFORMAÇÕES [http-nio-8080-exec-12] org.apache.catalina.util.LifecycleBase.start The start() method was called on component [StandardEngine[Catalina].StandardHost[localhost].StandardContext[/webapp]] after start() had already been called. The second call will be ignored.
18-Aug-2023 13:46:31.209 INFORMAÇÕES [Thread-1] org.apache.coyote.AbstractProtocol.pause Pausing ProtocolHandler ["http-nio-8080"]
18-Aug-2023 13:46:31.337 INFORMAÇÕES [Thread-1] org.apache.catalina.core.StandardService.stopInternal Stopping service [Catalina]
18-Aug-2023 13:46:31.398 INFORMAÇÕES [Thread-1] org.apache.coyote.AbstractProtocol.stop Stopping ProtocolHandler ["http-nio-8080"]
18-Aug-2023 13:46:31.415 INFORMAÇÕES [Thread-1] org.apache.coyote.AbstractProtocol.destroy Destroying ProtocolHandler ["http-nio-8080"]
18-Aug-2023 13:51:03.486 INFORMAÇÕES [main] org.apache.catalina.startup.VersionLoggerListener.log Server version name:   Apache Tomcat/8.5.91
18-Aug-2023 13:51:03.505 INFORMAÇÕES [main] org.apache.catalina.startup.VersionLoggerListener.log Server built:          Jul 6 2023 14:43:48 UTC
18-Aug-2023 13:51:03.505 INFORMAÇÕES [main] org.apache.catalina.startup.VersionLoggerListener.log Server version number: 8.5.91.0
18-Aug-2023 13:51:03.518 INFORMAÇÕES [main] org.apache.catalina.startup.VersionLoggerListener.log OS Name:               Linux
18-Aug-2023 13:51:03.518 INFORMAÇÕES [main] org.apache.catalina.startup.VersionLoggerListener.log OS Version:            6.2.0-26-generic
18-Aug-2023 13:51:03.518 INFORMAÇÕES [main] org.apache.catalina.startup.VersionLoggerListener.log Architecture:          amd64
18-Aug-2023 13:51:03.519 INFORMAÇÕES [main] org.apache.catalina.startup.VersionLoggerListener.log Java Home:             /usr/lib/jvm/java-17-openjdk-amd64
18-Aug-2023 13:51:03.519 INFORMAÇÕES [main] org.apache.catalina.startup.VersionLoggerListener.log JVM Version:           17.0.8+7-Ubuntu-122.04
18-Aug-2023 13:51:03.520 INFORMAÇÕES [main] org.apache.catalina.startup.VersionLoggerListener.log JVM Vendor:            Private Build
18-Aug-2023 13:51:03.520 INFORMAÇÕES [main] org.apache.catalina.startup.VersionLoggerListener.log CATALINA_BASE:         /home/matheus/Documentos/Web-Servers/apache-tomcat-8.5.91
18-Aug-2023 13:51:03.520 INFORMAÇÕES [main] org.apache.catalina.startup.VersionLoggerListener.log CATALINA_HOME:         /home/matheus/Documentos/Web-Servers/apache-tomcat-8.5.91
18-Aug-2023 13:51:03.521 INFORMAÇÕES [main] org.apache.catalina.startup.VersionLoggerListener.log Command line argument: --add-opens=java.base/java.lang=ALL-UNNAMED
18-Aug-2023 13:51:03.521 INFORMAÇÕES [main] org.apache.catalina.startup.VersionLoggerListener.log Command line argument: --add-opens=java.base/java.io=ALL-UNNAMED
18-Aug-2023 13:51:03.521 INFORMAÇÕES [main] org.apache.catalina.startup.VersionLoggerListener.log Command line argument: --add-opens=java.base/java.util=ALL-UNNAMED
18-Aug-2023 13:51:03.521 INFORMAÇÕES [main] org.apache.catalina.startup.VersionLoggerListener.log Command line argument: --add-opens=java.base/java.util.concurrent=ALL-UNNAMED
18-Aug-2023 13:51:03.521 INFORMAÇÕES [main] org.apache.catalina.startup.VersionLoggerListener.log Command line argument: --add-opens=java.rmi/sun.rmi.transport=ALL-UNNAMED
18-Aug-2023 13:51:03.521 INFORMAÇÕES [main] org.apache.catalina.startup.VersionLoggerListener.log Command line argument: -Djava.util.logging.config.file=/home/matheus/Documentos/Web-Servers/apache-tomcat-8.5.91/conf/logging.properties
18-Aug-2023 13:51:03.521 INFORMAÇÕES [main] org.apache.catalina.startup.VersionLoggerListener.log Command line argument: -Djava.util.logging.manager=org.apache.juli.ClassLoaderLogManager
18-Aug-2023 13:51:03.521 INFORMAÇÕES [main] org.apache.catalina.startup.VersionLoggerListener.log Command line argument: -Djdk.tls.ephemeralDHKeySize=2048
18-Aug-2023 13:51:03.522 INFORMAÇÕES [main] org.apache.catalina.startup.VersionLoggerListener.log Command line argument: -Djava.protocol.handler.pkgs=org.apache.catalina.webresources
18-Aug-2023 13:51:03.522 INFORMAÇÕES [main] org.apache.catalina.startup.VersionLoggerListener.log Command line argument: -Dorg.apache.catalina.security.SecurityListener.UMASK=0027
18-Aug-2023 13:51:03.522 INFORMAÇÕES [main] org.apache.catalina.startup.VersionLoggerListener.log Command line argument: -Dignore.endorsed.dirs=
18-Aug-2023 13:51:03.522 INFORMAÇÕES [main] org.apache.catalina.startup.VersionLoggerListener.log Command line argument: -Dcatalina.base=/home/matheus/Documentos/Web-Servers/apache-tomcat-8.5.91
18-Aug-2023 13:51:03.522 INFORMAÇÕES [main] org.apache.catalina.startup.VersionLoggerListener.log Command line argument: -Dcatalina.home=/home/matheus/Documentos/Web-Servers/apache-tomcat-8.5.91
18-Aug-2023 13:51:03.522 INFORMAÇÕES [main] org.apache.catalina.startup.VersionLoggerListener.log Command line argument: -Djava.io.tmpdir=/home/matheus/Documentos/Web-Servers/apache-tomcat-8.5.91/temp
18-Aug-2023 13:51:03.522 INFORMAÇÕES [main] org.apache.catalina.core.AprLifecycleListener.lifecycleEvent The Apache Tomcat Native library which allows using OpenSSL was not found on the java.library.path: [/usr/java/packages/lib:/usr/lib/x86_64-linux-gnu/jni:/lib/x86_64-linux-gnu:/usr/lib/x86_64-linux-gnu:/usr/lib/jni:/lib:/usr/lib]
18-Aug-2023 13:51:03.573 INFORMAÇÕES [main] org.apache.coyote.AbstractProtocol.init Initializing ProtocolHandler ["http-nio-8080"]
18-Aug-2023 13:51:03.627 INFORMAÇÕES [main] org.apache.catalina.startup.Catalina.load Initialization processed in 709 ms
18-Aug-2023 13:51:03.778 INFORMAÇÕES [main] org.apache.catalina.core.StandardService.startInternal Starting service [Catalina]
18-Aug-2023 13:51:03.778 INFORMAÇÕES [main] org.apache.catalina.core.StandardEngine.startInternal Starting Servlet engine: [Apache Tomcat/8.5.91]
18-Aug-2023 13:51:03.782 INFORMAÇÕES [localhost-startStop-1] org.apache.catalina.startup.HostConfig.deployDescriptor Deploying deployment descriptor [/home/matheus/Documentos/Web-Servers/apache-tomcat-8.5.91/conf/Catalina/localhost/translate.xml]
18-Aug-2023 13:51:04.301 INFORMAÇÕES [localhost-startStop-1] org.apache.catalina.startup.HostConfig.deployDescriptor Deployment of deployment descriptor [/home/matheus/Documentos/Web-Servers/apache-tomcat-8.5.91/conf/Catalina/localhost/translate.xml] has finished in [519] ms
18-Aug-2023 13:51:04.302 INFORMAÇÕES [localhost-startStop-1] org.apache.catalina.startup.HostConfig.deployDescriptor Deploying deployment descriptor [/home/matheus/Documentos/Web-Servers/apache-tomcat-8.5.91/conf/Catalina/localhost/webapp.xml]
18-Aug-2023 13:51:04.530 INFORMAÇÕES [localhost-startStop-1] org.apache.jasper.servlet.TldScanner.scanJars At least one JAR was scanned for TLDs yet contained no TLDs. Enable debug logging for this logger for a complete list of JARs that were scanned but no TLDs were found in them. Skipping unneeded JARs during scanning can improve startup time and JSP compilation time.
18-Aug-2023 13:51:04.542 INFORMAÇÕES [localhost-startStop-1] org.apache.catalina.startup.HostConfig.deployDescriptor Deployment of deployment descriptor [/home/matheus/Documentos/Web-Servers/apache-tomcat-8.5.91/conf/Catalina/localhost/webapp.xml] has finished in [240] ms
18-Aug-2023 13:51:04.542 INFORMAÇÕES [localhost-startStop-1] org.apache.catalina.startup.HostConfig.deployDescriptor Deploying deployment descriptor [/home/matheus/Documentos/Web-Servers/apache-tomcat-8.5.91/conf/Catalina/localhost/studies.xml]
18-Aug-2023 13:51:04.622 INFORMAÇÕES [localhost-startStop-1] org.apache.catalina.startup.HostConfig.deployDescriptor Deployment of deployment descriptor [/home/matheus/Documentos/Web-Servers/apache-tomcat-8.5.91/conf/Catalina/localhost/studies.xml] has finished in [79] ms
18-Aug-2023 13:51:04.626 INFORMAÇÕES [localhost-startStop-1] org.apache.catalina.startup.HostConfig.deployDirectory Deploying web application directory [/home/matheus/Documentos/Web-Servers/apache-tomcat-8.5.91/webapps/host-manager]
18-Aug-2023 13:51:04.661 INFORMAÇÕES [localhost-startStop-1] org.apache.catalina.startup.HostConfig.deployDirectory Deployment of web application directory [/home/matheus/Documentos/Web-Servers/apache-tomcat-8.5.91/webapps/host-manager] has finished in [35] ms
18-Aug-2023 13:51:04.661 INFORMAÇÕES [localhost-startStop-1] org.apache.catalina.startup.HostConfig.deployDirectory Deploying web application directory [/home/matheus/Documentos/Web-Servers/apache-tomcat-8.5.91/webapps/examples]
18-Aug-2023 13:51:04.890 INFORMAÇÕES [localhost-startStop-1] org.apache.catalina.startup.HostConfig.deployDirectory Deployment of web application directory [/home/matheus/Documentos/Web-Servers/apache-tomcat-8.5.91/webapps/examples] has finished in [229] ms
18-Aug-2023 13:51:04.890 INFORMAÇÕES [localhost-startStop-1] org.apache.catalina.startup.HostConfig.deployDirectory Deploying web application directory [/home/matheus/Documentos/Web-Servers/apache-tomcat-8.5.91/webapps/manager]
18-Aug-2023 13:51:05.026 INFORMAÇÕES [localhost-startStop-1] org.apache.catalina.startup.HostConfig.deployDirectory Deployment of web application directory [/home/matheus/Documentos/Web-Servers/apache-tomcat-8.5.91/webapps/manager] has finished in [136] ms
18-Aug-2023 13:51:05.027 INFORMAÇÕES [localhost-startStop-1] org.apache.catalina.startup.HostConfig.deployDirectory Deploying web application directory [/home/matheus/Documentos/Web-Servers/apache-tomcat-8.5.91/webapps/ROOT]
18-Aug-2023 13:51:05.093 INFORMAÇÕES [localhost-startStop-1] org.apache.catalina.startup.HostConfig.deployDirectory Deployment of web application directory [/home/matheus/Documentos/Web-Servers/apache-tomcat-8.5.91/webapps/ROOT] has finished in [66] ms
18-Aug-2023 13:51:05.093 INFORMAÇÕES [localhost-startStop-1] org.apache.catalina.startup.HostConfig.deployDirectory Deploying web application directory [/home/matheus/Documentos/Web-Servers/apache-tomcat-8.5.91/webapps/docs]
18-Aug-2023 13:51:05.119 INFORMAÇÕES [localhost-startStop-1] org.apache.catalina.startup.HostConfig.deployDirectory Deployment of web application directory [/home/matheus/Documentos/Web-Servers/apache-tomcat-8.5.91/webapps/docs] has finished in [25] ms
18-Aug-2023 13:51:05.122 INFORMAÇÕES [main] org.apache.coyote.AbstractProtocol.start Starting ProtocolHandler ["http-nio-8080"]
18-Aug-2023 13:51:05.132 INFORMAÇÕES [main] org.apache.catalina.startup.Catalina.start Server startup in 1504 ms
18-Aug-2023 13:51:13.783 INFORMAÇÕES [http-nio-8080-exec-9] org.apache.catalina.startup.HostConfig.undeploy Undeploying context [/webapp]
18-Aug-2023 13:51:13.797 INFORMAÇÕES [http-nio-8080-exec-3] org.apache.catalina.startup.HostConfig.deployDescriptor Deploying deployment descriptor [/home/matheus/Documentos/Web-Servers/apache-tomcat-8.5.91/conf/Catalina/localhost/webapp.xml]
18-Aug-2023 13:51:13.925 INFORMAÇÕES [http-nio-8080-exec-3] org.apache.jasper.servlet.TldScanner.scanJars At least one JAR was scanned for TLDs yet contained no TLDs. Enable debug logging for this logger for a complete list of JARs that were scanned but no TLDs were found in them. Skipping unneeded JARs during scanning can improve startup time and JSP compilation time.
18-Aug-2023 13:51:14.840 INFORMAÇÕES [http-nio-8080-exec-3] org.apache.catalina.startup.HostConfig.deployDescriptor Deployment of deployment descriptor [/home/matheus/Documentos/Web-Servers/apache-tomcat-8.5.91/conf/Catalina/localhost/webapp.xml] has finished in [1,043] ms
18-Aug-2023 13:51:14.846 INFORMAÇÕES [http-nio-8080-exec-7] org.apache.catalina.util.LifecycleBase.start The start() method was called on component [StandardEngine[Catalina].StandardHost[localhost].StandardContext[/webapp]] after start() had already been called. The second call will be ignored.
18-Aug-2023 16:38:32.665 INFORMAÇÕES [http-nio-8080-exec-12] org.apache.catalina.startup.HostConfig.undeploy Undeploying context [/webapp]
18-Aug-2023 16:38:32.738 INFORMAÇÕES [http-nio-8080-exec-18] org.apache.catalina.startup.HostConfig.deployDescriptor Deploying deployment descriptor [/home/matheus/Documentos/Web-Servers/apache-tomcat-8.5.91/conf/Catalina/localhost/webapp.xml]
18-Aug-2023 16:38:33.174 INFORMAÇÕES [http-nio-8080-exec-18] org.apache.jasper.servlet.TldScanner.scanJars At least one JAR was scanned for TLDs yet contained no TLDs. Enable debug logging for this logger for a complete list of JARs that were scanned but no TLDs were found in them. Skipping unneeded JARs during scanning can improve startup time and JSP compilation time.
18-Aug-2023 16:38:33.275 INFORMAÇÕES [http-nio-8080-exec-18] org.apache.catalina.startup.HostConfig.deployDescriptor Deployment of deployment descriptor [/home/matheus/Documentos/Web-Servers/apache-tomcat-8.5.91/conf/Catalina/localhost/webapp.xml] has finished in [538] ms
18-Aug-2023 16:38:33.278 INFORMAÇÕES [http-nio-8080-exec-16] org.apache.catalina.util.LifecycleBase.start The start() method was called on component [StandardEngine[Catalina].StandardHost[localhost].StandardContext[/webapp]] after start() had already been called. The second call will be ignored.
18-Aug-2023 16:56:08.192 INFORMAÇÕES [http-nio-8080-exec-29] org.apache.catalina.startup.HostConfig.undeploy Undeploying context [/webapp]
18-Aug-2023 16:56:08.693 INFORMAÇÕES [ContainerBackgroundProcessor[StandardEngine[Catalina]]] org.apache.catalina.startup.HostConfig.undeploy Undeploying context [/webapp]
18-Aug-2023 16:56:15.802 INFORMAÇÕES [http-nio-8080-exec-32] org.apache.catalina.startup.HostConfig.deployDescriptor Deploying deployment descriptor [/home/matheus/Documentos/Web-Servers/apache-tomcat-8.5.91/conf/Catalina/localhost/webapp.xml]
18-Aug-2023 16:56:15.906 INFORMAÇÕES [http-nio-8080-exec-32] org.apache.jasper.servlet.TldScanner.scanJars At least one JAR was scanned for TLDs yet contained no TLDs. Enable debug logging for this logger for a complete list of JARs that were scanned but no TLDs were found in them. Skipping unneeded JARs during scanning can improve startup time and JSP compilation time.
18-Aug-2023 16:56:15.940 INFORMAÇÕES [http-nio-8080-exec-32] org.apache.catalina.startup.HostConfig.deployDescriptor Deployment of deployment descriptor [/home/matheus/Documentos/Web-Servers/apache-tomcat-8.5.91/conf/Catalina/localhost/webapp.xml] has finished in [137] ms
18-Aug-2023 16:56:15.942 INFORMAÇÕES [http-nio-8080-exec-21] org.apache.catalina.util.LifecycleBase.start The start() method was called on component [StandardEngine[Catalina].StandardHost[localhost].StandardContext[/webapp]] after start() had already been called. The second call will be ignored.
18-Aug-2023 17:00:27.710 INFORMAÇÕES [http-nio-8080-exec-40] org.apache.catalina.startup.HostConfig.undeploy Undeploying context [/webapp]
18-Aug-2023 17:00:27.714 INFORMAÇÕES [http-nio-8080-exec-33] org.apache.catalina.startup.HostConfig.deployDescriptor Deploying deployment descriptor [/home/matheus/Documentos/Web-Servers/apache-tomcat-8.5.91/conf/Catalina/localhost/webapp.xml]
18-Aug-2023 17:00:28.003 INFORMAÇÕES [http-nio-8080-exec-33] org.apache.jasper.servlet.TldScanner.scanJars At least one JAR was scanned for TLDs yet contained no TLDs. Enable debug logging for this logger for a complete list of JARs that were scanned but no TLDs were found in them. Skipping unneeded JARs during scanning can improve startup time and JSP compilation time.
18-Aug-2023 17:00:28.044 INFORMAÇÕES [http-nio-8080-exec-33] org.apache.catalina.startup.HostConfig.deployDescriptor Deployment of deployment descriptor [/home/matheus/Documentos/Web-Servers/apache-tomcat-8.5.91/conf/Catalina/localhost/webapp.xml] has finished in [330] ms
18-Aug-2023 17:00:28.046 INFORMAÇÕES [http-nio-8080-exec-35] org.apache.catalina.util.LifecycleBase.start The start() method was called on component [StandardEngine[Catalina].StandardHost[localhost].StandardContext[/webapp]] after start() had already been called. The second call will be ignored.
18-Aug-2023 17:18:45.462 INFORMAÇÕES [http-nio-8080-exec-44] org.apache.catalina.startup.HostConfig.undeploy Undeploying context [/webapp]
18-Aug-2023 18:55:19.655 INFORMAÇÕES [Thread-1] org.apache.coyote.AbstractProtocol.pause Pausing ProtocolHandler ["http-nio-8080"]
18-Aug-2023 18:55:20.757 INFORMAÇÕES [Thread-1] org.apache.catalina.core.StandardService.stopInternal Stopping service [Catalina]
18-Aug-2023 18:55:21.594 INFORMAÇÕES [Thread-1] org.apache.coyote.AbstractProtocol.stop Stopping ProtocolHandler ["http-nio-8080"]
18-Aug-2023 18:55:22.555 INFORMAÇÕES [Thread-1] org.apache.coyote.AbstractProtocol.destroy Destroying ProtocolHandler ["http-nio-8080"]
