15-Sep-2023 08:31:34.455 INFORMAÇÕES [main] org.apache.catalina.startup.VersionLoggerListener.log Server version name:   Apache Tomcat/8.5.91
15-Sep-2023 08:31:34.458 INFORMAÇÕES [main] org.apache.catalina.startup.VersionLoggerListener.log Server built:          Jul 6 2023 14:43:48 UTC
15-Sep-2023 08:31:34.458 INFORMAÇÕES [main] org.apache.catalina.startup.VersionLoggerListener.log Server version number: 8.5.91.0
15-Sep-2023 08:31:34.458 INFORMAÇÕES [main] org.apache.catalina.startup.VersionLoggerListener.log OS Name:               Linux
15-Sep-2023 08:31:34.458 INFORMAÇÕES [main] org.apache.catalina.startup.VersionLoggerListener.log OS Version:            6.2.0-31-generic
15-Sep-2023 08:31:34.458 INFORMAÇÕES [main] org.apache.catalina.startup.VersionLoggerListener.log Architecture:          amd64
15-Sep-2023 08:31:34.458 INFORMAÇÕES [main] org.apache.catalina.startup.VersionLoggerListener.log Java Home:             /usr/lib/jvm/java-17-openjdk-amd64
15-Sep-2023 08:31:34.459 INFORMAÇÕES [main] org.apache.catalina.startup.VersionLoggerListener.log JVM Version:           17.0.8.1+1-Ubuntu-0ubuntu122.04
15-Sep-2023 08:31:34.459 INFORMAÇÕES [main] org.apache.catalina.startup.VersionLoggerListener.log JVM Vendor:            Private Build
15-Sep-2023 08:31:34.459 INFORMAÇÕES [main] org.apache.catalina.startup.VersionLoggerListener.log CATALINA_BASE:         /home/matheus/Documentos/Web-Servers/apache-tomcat-8.5.91
15-Sep-2023 08:31:34.459 INFORMAÇÕES [main] org.apache.catalina.startup.VersionLoggerListener.log CATALINA_HOME:         /home/matheus/Documentos/Web-Servers/apache-tomcat-8.5.91
15-Sep-2023 08:31:34.462 INFORMAÇÕES [main] org.apache.catalina.startup.VersionLoggerListener.log Command line argument: --add-opens=java.base/java.lang=ALL-UNNAMED
15-Sep-2023 08:31:34.462 INFORMAÇÕES [main] org.apache.catalina.startup.VersionLoggerListener.log Command line argument: --add-opens=java.base/java.io=ALL-UNNAMED
15-Sep-2023 08:31:34.462 INFORMAÇÕES [main] org.apache.catalina.startup.VersionLoggerListener.log Command line argument: --add-opens=java.base/java.util=ALL-UNNAMED
15-Sep-2023 08:31:34.462 INFORMAÇÕES [main] org.apache.catalina.startup.VersionLoggerListener.log Command line argument: --add-opens=java.base/java.util.concurrent=ALL-UNNAMED
15-Sep-2023 08:31:34.462 INFORMAÇÕES [main] org.apache.catalina.startup.VersionLoggerListener.log Command line argument: --add-opens=java.rmi/sun.rmi.transport=ALL-UNNAMED
15-Sep-2023 08:31:34.462 INFORMAÇÕES [main] org.apache.catalina.startup.VersionLoggerListener.log Command line argument: -Djava.util.logging.config.file=/home/matheus/Documentos/Web-Servers/apache-tomcat-8.5.91/conf/logging.properties
15-Sep-2023 08:31:34.463 INFORMAÇÕES [main] org.apache.catalina.startup.VersionLoggerListener.log Command line argument: -Djava.util.logging.manager=org.apache.juli.ClassLoaderLogManager
15-Sep-2023 08:31:34.463 INFORMAÇÕES [main] org.apache.catalina.startup.VersionLoggerListener.log Command line argument: -Dhttp.nonProxyHosts=localhost|127.0.0.1|matheus-ubuntu
15-Sep-2023 08:31:34.463 INFORMAÇÕES [main] org.apache.catalina.startup.VersionLoggerListener.log Command line argument: -Djdk.tls.ephemeralDHKeySize=2048
15-Sep-2023 08:31:34.463 INFORMAÇÕES [main] org.apache.catalina.startup.VersionLoggerListener.log Command line argument: -Djava.protocol.handler.pkgs=org.apache.catalina.webresources
15-Sep-2023 08:31:34.463 INFORMAÇÕES [main] org.apache.catalina.startup.VersionLoggerListener.log Command line argument: -Dorg.apache.catalina.security.SecurityListener.UMASK=0027
15-Sep-2023 08:31:34.463 INFORMAÇÕES [main] org.apache.catalina.startup.VersionLoggerListener.log Command line argument: -Dignore.endorsed.dirs=
15-Sep-2023 08:31:34.464 INFORMAÇÕES [main] org.apache.catalina.startup.VersionLoggerListener.log Command line argument: -Dcatalina.base=/home/matheus/Documentos/Web-Servers/apache-tomcat-8.5.91
15-Sep-2023 08:31:34.464 INFORMAÇÕES [main] org.apache.catalina.startup.VersionLoggerListener.log Command line argument: -Dcatalina.home=/home/matheus/Documentos/Web-Servers/apache-tomcat-8.5.91
15-Sep-2023 08:31:34.465 INFORMAÇÕES [main] org.apache.catalina.startup.VersionLoggerListener.log Command line argument: -Djava.io.tmpdir=/home/matheus/Documentos/Web-Servers/apache-tomcat-8.5.91/temp
15-Sep-2023 08:31:34.465 INFORMAÇÕES [main] org.apache.catalina.core.AprLifecycleListener.lifecycleEvent The Apache Tomcat Native library which allows using OpenSSL was not found on the java.library.path: [/usr/java/packages/lib:/usr/lib/x86_64-linux-gnu/jni:/lib/x86_64-linux-gnu:/usr/lib/x86_64-linux-gnu:/usr/lib/jni:/lib:/usr/lib]
15-Sep-2023 08:31:34.527 INFORMAÇÕES [main] org.apache.coyote.AbstractProtocol.init Initializing ProtocolHandler ["http-nio-8080"]
15-Sep-2023 08:31:34.570 INFORMAÇÕES [main] org.apache.catalina.startup.Catalina.load Initialization processed in 710 ms
15-Sep-2023 08:31:34.667 INFORMAÇÕES [main] org.apache.catalina.core.StandardService.startInternal Starting service [Catalina]
15-Sep-2023 08:31:34.667 INFORMAÇÕES [main] org.apache.catalina.core.StandardEngine.startInternal Starting Servlet engine: [Apache Tomcat/8.5.91]
15-Sep-2023 08:31:34.808 INFORMAÇÕES [localhost-startStop-1] org.apache.catalina.startup.HostConfig.deployDescriptor Deploying deployment descriptor [/home/matheus/Documentos/Web-Servers/apache-tomcat-8.5.91/conf/Catalina/localhost/translate.xml]
15-Sep-2023 08:31:35.292 INFORMAÇÕES [localhost-startStop-1] org.apache.catalina.startup.HostConfig.deployDescriptor Deployment of deployment descriptor [/home/matheus/Documentos/Web-Servers/apache-tomcat-8.5.91/conf/Catalina/localhost/translate.xml] has finished in [484] ms
15-Sep-2023 08:31:35.293 INFORMAÇÕES [localhost-startStop-1] org.apache.catalina.startup.HostConfig.deployDescriptor Deploying deployment descriptor [/home/matheus/Documentos/Web-Servers/apache-tomcat-8.5.91/conf/Catalina/localhost/webapp.xml]
15-Sep-2023 08:31:35.883 INFORMAÇÕES [localhost-startStop-1] org.apache.jasper.servlet.TldScanner.scanJars At least one JAR was scanned for TLDs yet contained no TLDs. Enable debug logging for this logger for a complete list of JARs that were scanned but no TLDs were found in them. Skipping unneeded JARs during scanning can improve startup time and JSP compilation time.
15-Sep-2023 08:31:36.239 INFORMAÇÕES [localhost-startStop-1] org.apache.catalina.startup.HostConfig.deployDescriptor Deployment of deployment descriptor [/home/matheus/Documentos/Web-Servers/apache-tomcat-8.5.91/conf/Catalina/localhost/webapp.xml] has finished in [946] ms
15-Sep-2023 08:31:36.239 INFORMAÇÕES [localhost-startStop-1] org.apache.catalina.startup.HostConfig.deployDescriptor Deploying deployment descriptor [/home/matheus/Documentos/Web-Servers/apache-tomcat-8.5.91/conf/Catalina/localhost/studies.xml]
15-Sep-2023 08:31:36.306 INFORMAÇÕES [localhost-startStop-1] org.apache.catalina.startup.HostConfig.deployDescriptor Deployment of deployment descriptor [/home/matheus/Documentos/Web-Servers/apache-tomcat-8.5.91/conf/Catalina/localhost/studies.xml] has finished in [67] ms
15-Sep-2023 08:31:36.306 INFORMAÇÕES [localhost-startStop-1] org.apache.catalina.startup.HostConfig.deployDirectory Deploying web application directory [/home/matheus/Documentos/Web-Servers/apache-tomcat-8.5.91/webapps/host-manager]
15-Sep-2023 08:31:36.400 INFORMAÇÕES [localhost-startStop-1] org.apache.catalina.startup.HostConfig.deployDirectory Deployment of web application directory [/home/matheus/Documentos/Web-Servers/apache-tomcat-8.5.91/webapps/host-manager] has finished in [94] ms
15-Sep-2023 08:31:36.400 INFORMAÇÕES [localhost-startStop-1] org.apache.catalina.startup.HostConfig.deployDirectory Deploying web application directory [/home/matheus/Documentos/Web-Servers/apache-tomcat-8.5.91/webapps/examples]
15-Sep-2023 08:31:36.770 INFORMAÇÕES [localhost-startStop-1] org.apache.catalina.startup.HostConfig.deployDirectory Deployment of web application directory [/home/matheus/Documentos/Web-Servers/apache-tomcat-8.5.91/webapps/examples] has finished in [370] ms
15-Sep-2023 08:31:36.770 INFORMAÇÕES [localhost-startStop-1] org.apache.catalina.startup.HostConfig.deployDirectory Deploying web application directory [/home/matheus/Documentos/Web-Servers/apache-tomcat-8.5.91/webapps/manager]
15-Sep-2023 08:31:36.822 INFORMAÇÕES [localhost-startStop-1] org.apache.catalina.startup.HostConfig.deployDirectory Deployment of web application directory [/home/matheus/Documentos/Web-Servers/apache-tomcat-8.5.91/webapps/manager] has finished in [51] ms
15-Sep-2023 08:31:36.822 INFORMAÇÕES [localhost-startStop-1] org.apache.catalina.startup.HostConfig.deployDirectory Deploying web application directory [/home/matheus/Documentos/Web-Servers/apache-tomcat-8.5.91/webapps/ROOT]
15-Sep-2023 08:31:36.858 INFORMAÇÕES [localhost-startStop-1] org.apache.catalina.startup.HostConfig.deployDirectory Deployment of web application directory [/home/matheus/Documentos/Web-Servers/apache-tomcat-8.5.91/webapps/ROOT] has finished in [36] ms
15-Sep-2023 08:31:36.859 INFORMAÇÕES [localhost-startStop-1] org.apache.catalina.startup.HostConfig.deployDirectory Deploying web application directory [/home/matheus/Documentos/Web-Servers/apache-tomcat-8.5.91/webapps/docs]
15-Sep-2023 08:31:36.947 INFORMAÇÕES [localhost-startStop-1] org.apache.catalina.startup.HostConfig.deployDirectory Deployment of web application directory [/home/matheus/Documentos/Web-Servers/apache-tomcat-8.5.91/webapps/docs] has finished in [87] ms
15-Sep-2023 08:31:36.953 INFORMAÇÕES [main] org.apache.coyote.AbstractProtocol.start Starting ProtocolHandler ["http-nio-8080"]
15-Sep-2023 08:31:36.960 INFORMAÇÕES [main] org.apache.catalina.startup.Catalina.start Server startup in 2388 ms
15-Sep-2023 08:31:40.380 INFORMAÇÕES [http-nio-8080-exec-1] org.apache.catalina.startup.HostConfig.undeploy Undeploying context [/webapp]
15-Sep-2023 08:31:40.389 INFORMAÇÕES [http-nio-8080-exec-5] org.apache.catalina.startup.HostConfig.deployDescriptor Deploying deployment descriptor [/home/matheus/Documentos/Web-Servers/apache-tomcat-8.5.91/conf/Catalina/localhost/webapp.xml]
15-Sep-2023 08:31:40.917 INFORMAÇÕES [http-nio-8080-exec-5] org.apache.jasper.servlet.TldScanner.scanJars At least one JAR was scanned for TLDs yet contained no TLDs. Enable debug logging for this logger for a complete list of JARs that were scanned but no TLDs were found in them. Skipping unneeded JARs during scanning can improve startup time and JSP compilation time.
15-Sep-2023 08:31:40.994 INFORMAÇÕES [http-nio-8080-exec-5] org.apache.catalina.startup.HostConfig.deployDescriptor Deployment of deployment descriptor [/home/matheus/Documentos/Web-Servers/apache-tomcat-8.5.91/conf/Catalina/localhost/webapp.xml] has finished in [604] ms
15-Sep-2023 08:48:25.591 INFORMAÇÕES [http-nio-8080-exec-13] org.apache.catalina.core.StandardContext.reload Reloading Context with name [/webapp] has started
15-Sep-2023 08:48:26.032 INFORMAÇÕES [http-nio-8080-exec-13] org.apache.jasper.servlet.TldScanner.scanJars At least one JAR was scanned for TLDs yet contained no TLDs. Enable debug logging for this logger for a complete list of JARs that were scanned but no TLDs were found in them. Skipping unneeded JARs during scanning can improve startup time and JSP compilation time.
15-Sep-2023 08:48:26.039 INFORMAÇÕES [http-nio-8080-exec-13] org.apache.catalina.core.StandardContext.reload Reloading Context with name [/webapp] is completed
15-Sep-2023 08:50:21.646 INFORMAÇÕES [http-nio-8080-exec-19] org.apache.catalina.core.StandardContext.reload Reloading Context with name [/webapp] has started
15-Sep-2023 08:50:22.030 INFORMAÇÕES [http-nio-8080-exec-19] org.apache.jasper.servlet.TldScanner.scanJars At least one JAR was scanned for TLDs yet contained no TLDs. Enable debug logging for this logger for a complete list of JARs that were scanned but no TLDs were found in them. Skipping unneeded JARs during scanning can improve startup time and JSP compilation time.
15-Sep-2023 08:50:22.034 INFORMAÇÕES [http-nio-8080-exec-19] org.apache.catalina.core.StandardContext.reload Reloading Context with name [/webapp] is completed
15-Sep-2023 08:53:21.487 INFORMAÇÕES [http-nio-8080-exec-26] org.apache.catalina.core.StandardContext.reload Reloading Context with name [/webapp] has started
15-Sep-2023 08:53:21.933 INFORMAÇÕES [http-nio-8080-exec-26] org.apache.jasper.servlet.TldScanner.scanJars At least one JAR was scanned for TLDs yet contained no TLDs. Enable debug logging for this logger for a complete list of JARs that were scanned but no TLDs were found in them. Skipping unneeded JARs during scanning can improve startup time and JSP compilation time.
15-Sep-2023 08:53:21.936 INFORMAÇÕES [http-nio-8080-exec-26] org.apache.catalina.core.StandardContext.reload Reloading Context with name [/webapp] is completed
15-Sep-2023 08:55:36.877 INFORMAÇÕES [http-nio-8080-exec-15] org.apache.catalina.core.StandardContext.reload Reloading Context with name [/webapp] has started
15-Sep-2023 08:55:37.224 INFORMAÇÕES [http-nio-8080-exec-15] org.apache.jasper.servlet.TldScanner.scanJars At least one JAR was scanned for TLDs yet contained no TLDs. Enable debug logging for this logger for a complete list of JARs that were scanned but no TLDs were found in them. Skipping unneeded JARs during scanning can improve startup time and JSP compilation time.
15-Sep-2023 08:55:37.228 INFORMAÇÕES [http-nio-8080-exec-15] org.apache.catalina.core.StandardContext.reload Reloading Context with name [/webapp] is completed
15-Sep-2023 09:04:59.038 INFORMAÇÕES [http-nio-8080-exec-32] org.apache.catalina.core.StandardContext.reload Reloading Context with name [/webapp] has started
15-Sep-2023 09:05:00.479 INFORMAÇÕES [http-nio-8080-exec-32] org.apache.jasper.servlet.TldScanner.scanJars At least one JAR was scanned for TLDs yet contained no TLDs. Enable debug logging for this logger for a complete list of JARs that were scanned but no TLDs were found in them. Skipping unneeded JARs during scanning can improve startup time and JSP compilation time.
15-Sep-2023 09:05:00.515 INFORMAÇÕES [http-nio-8080-exec-32] org.apache.catalina.core.StandardContext.reload Reloading Context with name [/webapp] is completed
15-Sep-2023 09:05:03.903 INFORMAÇÕES [http-nio-8080-exec-38] org.apache.catalina.core.StandardContext.reload Reloading Context with name [/webapp] has started
15-Sep-2023 09:05:04.235 INFORMAÇÕES [http-nio-8080-exec-38] org.apache.jasper.servlet.TldScanner.scanJars At least one JAR was scanned for TLDs yet contained no TLDs. Enable debug logging for this logger for a complete list of JARs that were scanned but no TLDs were found in them. Skipping unneeded JARs during scanning can improve startup time and JSP compilation time.
15-Sep-2023 09:05:04.238 INFORMAÇÕES [http-nio-8080-exec-38] org.apache.catalina.core.StandardContext.reload Reloading Context with name [/webapp] is completed
15-Sep-2023 09:10:55.012 INFORMAÇÕES [http-nio-8080-exec-44] org.apache.catalina.core.StandardContext.reload Reloading Context with name [/webapp] has started
15-Sep-2023 09:10:55.407 INFORMAÇÕES [http-nio-8080-exec-44] org.apache.jasper.servlet.TldScanner.scanJars At least one JAR was scanned for TLDs yet contained no TLDs. Enable debug logging for this logger for a complete list of JARs that were scanned but no TLDs were found in them. Skipping unneeded JARs during scanning can improve startup time and JSP compilation time.
15-Sep-2023 09:10:55.409 INFORMAÇÕES [http-nio-8080-exec-44] org.apache.catalina.core.StandardContext.reload Reloading Context with name [/webapp] is completed
15-Sep-2023 09:11:11.060 INFORMAÇÕES [http-nio-8080-exec-46] org.apache.catalina.core.StandardContext.reload Reloading Context with name [/webapp] has started
15-Sep-2023 09:11:11.419 INFORMAÇÕES [http-nio-8080-exec-46] org.apache.jasper.servlet.TldScanner.scanJars At least one JAR was scanned for TLDs yet contained no TLDs. Enable debug logging for this logger for a complete list of JARs that were scanned but no TLDs were found in them. Skipping unneeded JARs during scanning can improve startup time and JSP compilation time.
15-Sep-2023 09:11:11.422 INFORMAÇÕES [http-nio-8080-exec-46] org.apache.catalina.core.StandardContext.reload Reloading Context with name [/webapp] is completed
15-Sep-2023 09:11:17.867 INFORMAÇÕES [http-nio-8080-exec-37] org.apache.catalina.core.StandardContext.reload Reloading Context with name [/webapp] has started
15-Sep-2023 09:11:18.197 INFORMAÇÕES [http-nio-8080-exec-37] org.apache.jasper.servlet.TldScanner.scanJars At least one JAR was scanned for TLDs yet contained no TLDs. Enable debug logging for this logger for a complete list of JARs that were scanned but no TLDs were found in them. Skipping unneeded JARs during scanning can improve startup time and JSP compilation time.
15-Sep-2023 09:11:18.200 INFORMAÇÕES [http-nio-8080-exec-37] org.apache.catalina.core.StandardContext.reload Reloading Context with name [/webapp] is completed
15-Sep-2023 09:11:20.037 INFORMAÇÕES [http-nio-8080-exec-43] org.apache.catalina.core.StandardContext.reload Reloading Context with name [/webapp] has started
15-Sep-2023 09:11:20.393 INFORMAÇÕES [http-nio-8080-exec-43] org.apache.jasper.servlet.TldScanner.scanJars At least one JAR was scanned for TLDs yet contained no TLDs. Enable debug logging for this logger for a complete list of JARs that were scanned but no TLDs were found in them. Skipping unneeded JARs during scanning can improve startup time and JSP compilation time.
15-Sep-2023 09:11:20.397 INFORMAÇÕES [http-nio-8080-exec-43] org.apache.catalina.core.StandardContext.reload Reloading Context with name [/webapp] is completed
15-Sep-2023 09:18:29.485 INFORMAÇÕES [http-nio-8080-exec-56] org.apache.catalina.core.StandardContext.reload Reloading Context with name [/webapp] has started
15-Sep-2023 09:18:30.467 INFORMAÇÕES [http-nio-8080-exec-56] org.apache.jasper.servlet.TldScanner.scanJars At least one JAR was scanned for TLDs yet contained no TLDs. Enable debug logging for this logger for a complete list of JARs that were scanned but no TLDs were found in them. Skipping unneeded JARs during scanning can improve startup time and JSP compilation time.
15-Sep-2023 09:18:30.719 INFORMAÇÕES [http-nio-8080-exec-56] org.apache.catalina.core.StandardContext.reload Reloading Context with name [/webapp] is completed
15-Sep-2023 09:18:58.085 INFORMAÇÕES [http-nio-8080-exec-52] org.apache.catalina.core.StandardContext.reload Reloading Context with name [/webapp] has started
15-Sep-2023 09:18:59.466 INFORMAÇÕES [http-nio-8080-exec-52] org.apache.jasper.servlet.TldScanner.scanJars At least one JAR was scanned for TLDs yet contained no TLDs. Enable debug logging for this logger for a complete list of JARs that were scanned but no TLDs were found in them. Skipping unneeded JARs during scanning can improve startup time and JSP compilation time.
15-Sep-2023 09:18:59.470 INFORMAÇÕES [http-nio-8080-exec-52] org.apache.catalina.core.StandardContext.reload Reloading Context with name [/webapp] is completed
15-Sep-2023 09:20:47.594 INFORMAÇÕES [http-nio-8080-exec-54] org.apache.catalina.core.StandardContext.reload Reloading Context with name [/webapp] has started
15-Sep-2023 09:20:49.482 INFORMAÇÕES [http-nio-8080-exec-54] org.apache.jasper.servlet.TldScanner.scanJars At least one JAR was scanned for TLDs yet contained no TLDs. Enable debug logging for this logger for a complete list of JARs that were scanned but no TLDs were found in them. Skipping unneeded JARs during scanning can improve startup time and JSP compilation time.
15-Sep-2023 09:20:49.539 INFORMAÇÕES [http-nio-8080-exec-54] org.apache.catalina.core.StandardContext.reload Reloading Context with name [/webapp] is completed
15-Sep-2023 09:25:27.561 INFORMAÇÕES [http-nio-8080-exec-68] org.apache.catalina.core.StandardContext.reload Reloading Context with name [/webapp] has started
15-Sep-2023 09:25:27.926 INFORMAÇÕES [http-nio-8080-exec-68] org.apache.jasper.servlet.TldScanner.scanJars At least one JAR was scanned for TLDs yet contained no TLDs. Enable debug logging for this logger for a complete list of JARs that were scanned but no TLDs were found in them. Skipping unneeded JARs during scanning can improve startup time and JSP compilation time.
15-Sep-2023 09:25:27.928 INFORMAÇÕES [http-nio-8080-exec-68] org.apache.catalina.core.StandardContext.reload Reloading Context with name [/webapp] is completed
15-Sep-2023 09:25:32.608 INFORMAÇÕES [http-nio-8080-exec-66] org.apache.catalina.core.StandardContext.reload Reloading Context with name [/webapp] has started
15-Sep-2023 09:25:33.209 INFORMAÇÕES [http-nio-8080-exec-66] org.apache.jasper.servlet.TldScanner.scanJars At least one JAR was scanned for TLDs yet contained no TLDs. Enable debug logging for this logger for a complete list of JARs that were scanned but no TLDs were found in them. Skipping unneeded JARs during scanning can improve startup time and JSP compilation time.
15-Sep-2023 09:25:33.211 INFORMAÇÕES [http-nio-8080-exec-66] org.apache.catalina.core.StandardContext.reload Reloading Context with name [/webapp] is completed
15-Sep-2023 09:25:41.294 INFORMAÇÕES [http-nio-8080-exec-72] org.apache.catalina.core.StandardContext.reload Reloading Context with name [/webapp] has started
15-Sep-2023 09:25:43.061 INFORMAÇÕES [http-nio-8080-exec-72] org.apache.jasper.servlet.TldScanner.scanJars At least one JAR was scanned for TLDs yet contained no TLDs. Enable debug logging for this logger for a complete list of JARs that were scanned but no TLDs were found in them. Skipping unneeded JARs during scanning can improve startup time and JSP compilation time.
15-Sep-2023 09:25:43.071 INFORMAÇÕES [http-nio-8080-exec-72] org.apache.catalina.core.StandardContext.reload Reloading Context with name [/webapp] is completed
15-Sep-2023 09:30:06.417 INFORMAÇÕES [http-nio-8080-exec-80] org.apache.catalina.core.StandardContext.reload Reloading Context with name [/webapp] has started
15-Sep-2023 09:30:07.115 INFORMAÇÕES [http-nio-8080-exec-80] org.apache.jasper.servlet.TldScanner.scanJars At least one JAR was scanned for TLDs yet contained no TLDs. Enable debug logging for this logger for a complete list of JARs that were scanned but no TLDs were found in them. Skipping unneeded JARs during scanning can improve startup time and JSP compilation time.
15-Sep-2023 09:30:07.117 INFORMAÇÕES [http-nio-8080-exec-80] org.apache.catalina.core.StandardContext.reload Reloading Context with name [/webapp] is completed
15-Sep-2023 09:30:18.114 INFORMAÇÕES [http-nio-8080-exec-76] org.apache.catalina.core.StandardContext.reload Reloading Context with name [/webapp] has started
15-Sep-2023 09:30:19.628 INFORMAÇÕES [http-nio-8080-exec-76] org.apache.jasper.servlet.TldScanner.scanJars At least one JAR was scanned for TLDs yet contained no TLDs. Enable debug logging for this logger for a complete list of JARs that were scanned but no TLDs were found in them. Skipping unneeded JARs during scanning can improve startup time and JSP compilation time.
15-Sep-2023 09:30:19.630 INFORMAÇÕES [http-nio-8080-exec-76] org.apache.catalina.core.StandardContext.reload Reloading Context with name [/webapp] is completed
15-Sep-2023 09:30:31.259 INFORMAÇÕES [http-nio-8080-exec-80] org.apache.catalina.core.StandardContext.reload Reloading Context with name [/webapp] has started
15-Sep-2023 09:30:31.708 INFORMAÇÕES [http-nio-8080-exec-80] org.apache.jasper.servlet.TldScanner.scanJars At least one JAR was scanned for TLDs yet contained no TLDs. Enable debug logging for this logger for a complete list of JARs that were scanned but no TLDs were found in them. Skipping unneeded JARs during scanning can improve startup time and JSP compilation time.
15-Sep-2023 09:30:31.810 INFORMAÇÕES [http-nio-8080-exec-80] org.apache.catalina.core.StandardContext.reload Reloading Context with name [/webapp] is completed
15-Sep-2023 09:30:34.453 INFORMAÇÕES [http-nio-8080-exec-88] org.apache.catalina.core.StandardContext.reload Reloading Context with name [/webapp] has started
15-Sep-2023 09:30:35.190 INFORMAÇÕES [http-nio-8080-exec-88] org.apache.jasper.servlet.TldScanner.scanJars At least one JAR was scanned for TLDs yet contained no TLDs. Enable debug logging for this logger for a complete list of JARs that were scanned but no TLDs were found in them. Skipping unneeded JARs during scanning can improve startup time and JSP compilation time.
15-Sep-2023 09:30:35.292 INFORMAÇÕES [http-nio-8080-exec-88] org.apache.catalina.core.StandardContext.reload Reloading Context with name [/webapp] is completed
15-Sep-2023 09:32:49.974 INFORMAÇÕES [http-nio-8080-exec-78] org.apache.catalina.core.StandardContext.reload Reloading Context with name [/webapp] has started
15-Sep-2023 09:32:50.481 INFORMAÇÕES [http-nio-8080-exec-78] org.apache.jasper.servlet.TldScanner.scanJars At least one JAR was scanned for TLDs yet contained no TLDs. Enable debug logging for this logger for a complete list of JARs that were scanned but no TLDs were found in them. Skipping unneeded JARs during scanning can improve startup time and JSP compilation time.
15-Sep-2023 09:32:50.484 INFORMAÇÕES [http-nio-8080-exec-78] org.apache.catalina.core.StandardContext.reload Reloading Context with name [/webapp] is completed
15-Sep-2023 09:32:59.312 INFORMAÇÕES [http-nio-8080-exec-85] org.apache.catalina.startup.HostConfig.undeploy Undeploying context [/webapp]
15-Sep-2023 09:32:59.483 INFORMAÇÕES [http-nio-8080-exec-79] org.apache.catalina.startup.HostConfig.deployDescriptor Deploying deployment descriptor [/home/matheus/Documentos/Web-Servers/apache-tomcat-8.5.91/conf/Catalina/localhost/webapp.xml]
15-Sep-2023 09:33:00.537 INFORMAÇÕES [http-nio-8080-exec-79] org.apache.jasper.servlet.TldScanner.scanJars At least one JAR was scanned for TLDs yet contained no TLDs. Enable debug logging for this logger for a complete list of JARs that were scanned but no TLDs were found in them. Skipping unneeded JARs during scanning can improve startup time and JSP compilation time.
15-Sep-2023 09:33:00.800 INFORMAÇÕES [http-nio-8080-exec-79] org.apache.catalina.startup.HostConfig.deployDescriptor Deployment of deployment descriptor [/home/matheus/Documentos/Web-Servers/apache-tomcat-8.5.91/conf/Catalina/localhost/webapp.xml] has finished in [1,297] ms
15-Sep-2023 09:33:00.804 INFORMAÇÕES [http-nio-8080-exec-93] org.apache.catalina.util.LifecycleBase.start The start() method was called on component [StandardEngine[Catalina].StandardHost[localhost].StandardContext[/webapp]] after start() had already been called. The second call will be ignored.
15-Sep-2023 09:45:44.612 INFORMAÇÕES [http-nio-8080-exec-95] org.apache.catalina.core.StandardContext.reload Reloading Context with name [/webapp] has started
15-Sep-2023 09:45:44.757 ADVERTÊNCIA [http-nio-8080-exec-95] org.apache.catalina.loader.WebappClassLoaderBase.clearReferencesJdbc The web application [webapp] registered the JDBC driver [com.mysql.cj.jdbc.Driver] but failed to unregister it when the web application was stopped. To prevent a memory leak, the JDBC Driver has been forcibly unregistered.
15-Sep-2023 09:45:44.798 ADVERTÊNCIA [http-nio-8080-exec-95] org.apache.catalina.loader.WebappClassLoaderBase.clearReferencesThreads The web application [webapp] appears to have started a thread named [mysql-cj-abandoned-connection-cleanup] but has failed to stop it. This is very likely to create a memory leak. Stack trace of thread:
 java.base@17.0.8.1/java.lang.Object.wait(Native Method)
 java.base@17.0.8.1/java.lang.ref.ReferenceQueue.remove(ReferenceQueue.java:155)
 com.mysql.cj.jdbc.AbandonedConnectionCleanupThread.run(AbandonedConnectionCleanupThread.java:85)
 java.base@17.0.8.1/java.util.concurrent.ThreadPoolExecutor.runWorker(ThreadPoolExecutor.java:1136)
 java.base@17.0.8.1/java.util.concurrent.ThreadPoolExecutor$Worker.run(ThreadPoolExecutor.java:635)
 java.base@17.0.8.1/java.lang.Thread.run(Thread.java:833)
15-Sep-2023 09:45:46.693 INFORMAÇÕES [mysql-cj-abandoned-connection-cleanup] org.apache.catalina.loader.WebappClassLoaderBase.checkStateForResourceLoading Illegal access: this web application instance has been stopped already. Could not load []. The following stack trace is thrown for debugging purposes as well as to attempt to terminate the thread which caused the illegal access.
	java.lang.IllegalStateException: Illegal access: this web application instance has been stopped already. Could not load []. The following stack trace is thrown for debugging purposes as well as to attempt to terminate the thread which caused the illegal access.
		at org.apache.catalina.loader.WebappClassLoaderBase.checkStateForResourceLoading(WebappClassLoaderBase.java:1440)
		at org.apache.catalina.loader.WebappClassLoaderBase.getResource(WebappClassLoaderBase.java:1065)
		at com.mysql.cj.jdbc.AbandonedConnectionCleanupThread.checkThreadContextClassLoader(AbandonedConnectionCleanupThread.java:117)
		at com.mysql.cj.jdbc.AbandonedConnectionCleanupThread.run(AbandonedConnectionCleanupThread.java:84)
		at java.base/java.util.concurrent.ThreadPoolExecutor.runWorker(ThreadPoolExecutor.java:1136)
		at java.base/java.util.concurrent.ThreadPoolExecutor$Worker.run(ThreadPoolExecutor.java:635)
		at java.base/java.lang.Thread.run(Thread.java:833)
15-Sep-2023 09:45:51.393 INFORMAÇÕES [http-nio-8080-exec-95] org.apache.jasper.servlet.TldScanner.scanJars At least one JAR was scanned for TLDs yet contained no TLDs. Enable debug logging for this logger for a complete list of JARs that were scanned but no TLDs were found in them. Skipping unneeded JARs during scanning can improve startup time and JSP compilation time.
15-Sep-2023 09:45:51.585 INFORMAÇÕES [http-nio-8080-exec-95] org.apache.catalina.core.StandardContext.reload Reloading Context with name [/webapp] is completed
15-Sep-2023 09:46:15.663 INFORMAÇÕES [http-nio-8080-exec-98] org.apache.catalina.core.StandardContext.reload Reloading Context with name [/webapp] has started
15-Sep-2023 09:46:16.059 INFORMAÇÕES [http-nio-8080-exec-98] org.apache.jasper.servlet.TldScanner.scanJars At least one JAR was scanned for TLDs yet contained no TLDs. Enable debug logging for this logger for a complete list of JARs that were scanned but no TLDs were found in them. Skipping unneeded JARs during scanning can improve startup time and JSP compilation time.
15-Sep-2023 09:46:16.062 INFORMAÇÕES [http-nio-8080-exec-98] org.apache.catalina.core.StandardContext.reload Reloading Context with name [/webapp] is completed
15-Sep-2023 09:46:21.847 INFORMAÇÕES [http-nio-8080-exec-105] org.apache.catalina.core.StandardContext.reload Reloading Context with name [/webapp] has started
15-Sep-2023 09:46:22.184 INFORMAÇÕES [http-nio-8080-exec-105] org.apache.jasper.servlet.TldScanner.scanJars At least one JAR was scanned for TLDs yet contained no TLDs. Enable debug logging for this logger for a complete list of JARs that were scanned but no TLDs were found in them. Skipping unneeded JARs during scanning can improve startup time and JSP compilation time.
15-Sep-2023 09:46:22.186 INFORMAÇÕES [http-nio-8080-exec-105] org.apache.catalina.core.StandardContext.reload Reloading Context with name [/webapp] is completed
15-Sep-2023 09:46:49.647 INFORMAÇÕES [http-nio-8080-exec-107] org.apache.catalina.core.StandardContext.reload Reloading Context with name [/webapp] has started
15-Sep-2023 09:46:49.986 INFORMAÇÕES [http-nio-8080-exec-107] org.apache.jasper.servlet.TldScanner.scanJars At least one JAR was scanned for TLDs yet contained no TLDs. Enable debug logging for this logger for a complete list of JARs that were scanned but no TLDs were found in them. Skipping unneeded JARs during scanning can improve startup time and JSP compilation time.
15-Sep-2023 09:46:49.989 INFORMAÇÕES [http-nio-8080-exec-107] org.apache.catalina.core.StandardContext.reload Reloading Context with name [/webapp] is completed
15-Sep-2023 09:47:33.009 INFORMAÇÕES [http-nio-8080-exec-107] org.apache.catalina.core.StandardContext.reload Reloading Context with name [/webapp] has started
15-Sep-2023 09:47:33.010 ADVERTÊNCIA [http-nio-8080-exec-107] org.apache.catalina.loader.WebappClassLoaderBase.clearReferencesJdbc The web application [webapp] registered the JDBC driver [com.mysql.cj.jdbc.Driver] but failed to unregister it when the web application was stopped. To prevent a memory leak, the JDBC Driver has been forcibly unregistered.
15-Sep-2023 09:47:33.010 ADVERTÊNCIA [http-nio-8080-exec-107] org.apache.catalina.loader.WebappClassLoaderBase.clearReferencesThreads The web application [webapp] appears to have started a thread named [mysql-cj-abandoned-connection-cleanup] but has failed to stop it. This is very likely to create a memory leak. Stack trace of thread:
 java.base@17.0.8.1/java.lang.Object.wait(Native Method)
 java.base@17.0.8.1/java.lang.ref.ReferenceQueue.remove(ReferenceQueue.java:155)
 com.mysql.cj.jdbc.AbandonedConnectionCleanupThread.run(AbandonedConnectionCleanupThread.java:85)
 java.base@17.0.8.1/java.util.concurrent.ThreadPoolExecutor.runWorker(ThreadPoolExecutor.java:1136)
 java.base@17.0.8.1/java.util.concurrent.ThreadPoolExecutor$Worker.run(ThreadPoolExecutor.java:635)
 java.base@17.0.8.1/java.lang.Thread.run(Thread.java:833)
15-Sep-2023 09:47:33.062 INFORMAÇÕES [132] org.apache.catalina.loader.WebappClassLoaderBase.checkStateForResourceLoading Illegal access: this web application instance has been stopped already. Could not load []. The following stack trace is thrown for debugging purposes as well as to attempt to terminate the thread which caused the illegal access.
	java.lang.IllegalStateException: Illegal access: this web application instance has been stopped already. Could not load []. The following stack trace is thrown for debugging purposes as well as to attempt to terminate the thread which caused the illegal access.
		at org.apache.catalina.loader.WebappClassLoaderBase.checkStateForResourceLoading(WebappClassLoaderBase.java:1440)
		at org.apache.catalina.loader.WebappClassLoaderBase.getResource(WebappClassLoaderBase.java:1065)
		at com.mysql.cj.jdbc.AbandonedConnectionCleanupThread.checkThreadContextClassLoader(AbandonedConnectionCleanupThread.java:117)
		at com.mysql.cj.jdbc.AbandonedConnectionCleanupThread.run(AbandonedConnectionCleanupThread.java:84)
		at java.base/java.util.concurrent.ThreadPoolExecutor.runWorker(ThreadPoolExecutor.java:1136)
		at java.base/java.util.concurrent.ThreadPoolExecutor$Worker.run(ThreadPoolExecutor.java:635)
		at java.base/java.lang.Thread.run(Thread.java:833)
15-Sep-2023 09:47:33.374 INFORMAÇÕES [http-nio-8080-exec-107] org.apache.jasper.servlet.TldScanner.scanJars At least one JAR was scanned for TLDs yet contained no TLDs. Enable debug logging for this logger for a complete list of JARs that were scanned but no TLDs were found in them. Skipping unneeded JARs during scanning can improve startup time and JSP compilation time.
15-Sep-2023 09:47:33.377 INFORMAÇÕES [http-nio-8080-exec-107] org.apache.catalina.core.StandardContext.reload Reloading Context with name [/webapp] is completed
15-Sep-2023 09:48:20.101 ADVERTÊNCIA [http-nio-8080-exec-98] org.apache.catalina.loader.WebappClassLoaderBase.clearReferencesJdbc The web application [webapp] registered the JDBC driver [com.mysql.cj.jdbc.Driver] but failed to unregister it when the web application was stopped. To prevent a memory leak, the JDBC Driver has been forcibly unregistered.
15-Sep-2023 09:48:20.101 ADVERTÊNCIA [http-nio-8080-exec-98] org.apache.catalina.loader.WebappClassLoaderBase.clearReferencesThreads The web application [webapp] appears to have started a thread named [mysql-cj-abandoned-connection-cleanup] but has failed to stop it. This is very likely to create a memory leak. Stack trace of thread:
 java.base@17.0.8.1/java.lang.Object.wait(Native Method)
 java.base@17.0.8.1/java.lang.ref.ReferenceQueue.remove(ReferenceQueue.java:155)
 com.mysql.cj.jdbc.AbandonedConnectionCleanupThread.run(AbandonedConnectionCleanupThread.java:85)
 java.base@17.0.8.1/java.util.concurrent.ThreadPoolExecutor.runWorker(ThreadPoolExecutor.java:1136)
 java.base@17.0.8.1/java.util.concurrent.ThreadPoolExecutor$Worker.run(ThreadPoolExecutor.java:635)
 java.base@17.0.8.1/java.lang.Thread.run(Thread.java:833)
15-Sep-2023 09:48:20.207 INFORMAÇÕES [mysql-cj-abandoned-connection-cleanup] org.apache.catalina.loader.WebappClassLoaderBase.checkStateForResourceLoading Illegal access: this web application instance has been stopped already. Could not load []. The following stack trace is thrown for debugging purposes as well as to attempt to terminate the thread which caused the illegal access.
	java.lang.IllegalStateException: Illegal access: this web application instance has been stopped already. Could not load []. The following stack trace is thrown for debugging purposes as well as to attempt to terminate the thread which caused the illegal access.
		at org.apache.catalina.loader.WebappClassLoaderBase.checkStateForResourceLoading(WebappClassLoaderBase.java:1440)
		at org.apache.catalina.loader.WebappClassLoaderBase.getResource(WebappClassLoaderBase.java:1065)
		at com.mysql.cj.jdbc.AbandonedConnectionCleanupThread.checkThreadContextClassLoader(AbandonedConnectionCleanupThread.java:117)
		at com.mysql.cj.jdbc.AbandonedConnectionCleanupThread.run(AbandonedConnectionCleanupThread.java:84)
		at java.base/java.util.concurrent.ThreadPoolExecutor.runWorker(ThreadPoolExecutor.java:1136)
		at java.base/java.util.concurrent.ThreadPoolExecutor$Worker.run(ThreadPoolExecutor.java:635)
		at java.base/java.lang.Thread.run(Thread.java:833)
15-Sep-2023 09:48:20.476 INFORMAÇÕES [http-nio-8080-exec-98] org.apache.jasper.servlet.TldScanner.scanJars At least one JAR was scanned for TLDs yet contained no TLDs. Enable debug logging for this logger for a complete list of JARs that were scanned but no TLDs were found in them. Skipping unneeded JARs during scanning can improve startup time and JSP compilation time.
15-Sep-2023 09:48:29.014 INFORMAÇÕES [ContainerBackgroundProcessor[StandardEngine[Catalina]]] org.apache.catalina.startup.HostConfig.reload Reloading context [/webapp]
15-Sep-2023 09:48:29.015 INFORMAÇÕES [ContainerBackgroundProcessor[StandardEngine[Catalina]]] org.apache.catalina.core.StandardContext.reload Reloading Context with name [/webapp] has started
15-Sep-2023 09:48:29.360 INFORMAÇÕES [ContainerBackgroundProcessor[StandardEngine[Catalina]]] org.apache.jasper.servlet.TldScanner.scanJars At least one JAR was scanned for TLDs yet contained no TLDs. Enable debug logging for this logger for a complete list of JARs that were scanned but no TLDs were found in them. Skipping unneeded JARs during scanning can improve startup time and JSP compilation time.
15-Sep-2023 09:48:29.362 INFORMAÇÕES [ContainerBackgroundProcessor[StandardEngine[Catalina]]] org.apache.catalina.core.StandardContext.reload Reloading Context with name [/webapp] is completed
15-Sep-2023 09:49:02.860 INFORMAÇÕES [http-nio-8080-exec-115] org.apache.jasper.servlet.TldScanner.scanJars At least one JAR was scanned for TLDs yet contained no TLDs. Enable debug logging for this logger for a complete list of JARs that were scanned but no TLDs were found in them. Skipping unneeded JARs during scanning can improve startup time and JSP compilation time.
15-Sep-2023 09:49:09.371 INFORMAÇÕES [ContainerBackgroundProcessor[StandardEngine[Catalina]]] org.apache.catalina.startup.HostConfig.reload Reloading context [/webapp]
15-Sep-2023 09:49:09.371 INFORMAÇÕES [ContainerBackgroundProcessor[StandardEngine[Catalina]]] org.apache.catalina.core.StandardContext.reload Reloading Context with name [/webapp] has started
15-Sep-2023 09:49:09.702 INFORMAÇÕES [ContainerBackgroundProcessor[StandardEngine[Catalina]]] org.apache.jasper.servlet.TldScanner.scanJars At least one JAR was scanned for TLDs yet contained no TLDs. Enable debug logging for this logger for a complete list of JARs that were scanned but no TLDs were found in them. Skipping unneeded JARs during scanning can improve startup time and JSP compilation time.
15-Sep-2023 09:49:09.705 INFORMAÇÕES [ContainerBackgroundProcessor[StandardEngine[Catalina]]] org.apache.catalina.core.StandardContext.reload Reloading Context with name [/webapp] is completed
15-Sep-2023 09:49:17.075 INFORMAÇÕES [http-nio-8080-exec-112] org.apache.catalina.core.StandardContext.reload Reloading Context with name [/webapp] has started
15-Sep-2023 09:49:17.430 INFORMAÇÕES [http-nio-8080-exec-112] org.apache.jasper.servlet.TldScanner.scanJars At least one JAR was scanned for TLDs yet contained no TLDs. Enable debug logging for this logger for a complete list of JARs that were scanned but no TLDs were found in them. Skipping unneeded JARs during scanning can improve startup time and JSP compilation time.
15-Sep-2023 09:49:17.433 INFORMAÇÕES [http-nio-8080-exec-112] org.apache.catalina.core.StandardContext.reload Reloading Context with name [/webapp] is completed
15-Sep-2023 09:49:59.022 ADVERTÊNCIA [http-nio-8080-exec-122] org.apache.catalina.loader.WebappClassLoaderBase.clearReferencesJdbc The web application [webapp] registered the JDBC driver [com.mysql.cj.jdbc.Driver] but failed to unregister it when the web application was stopped. To prevent a memory leak, the JDBC Driver has been forcibly unregistered.
15-Sep-2023 09:49:59.023 ADVERTÊNCIA [http-nio-8080-exec-122] org.apache.catalina.loader.WebappClassLoaderBase.clearReferencesThreads The web application [webapp] appears to have started a thread named [mysql-cj-abandoned-connection-cleanup] but has failed to stop it. This is very likely to create a memory leak. Stack trace of thread:
 java.base@17.0.8.1/java.lang.Object.wait(Native Method)
 java.base@17.0.8.1/java.lang.ref.ReferenceQueue.remove(ReferenceQueue.java:155)
 com.mysql.cj.jdbc.AbandonedConnectionCleanupThread.run(AbandonedConnectionCleanupThread.java:85)
 java.base@17.0.8.1/java.util.concurrent.ThreadPoolExecutor.runWorker(ThreadPoolExecutor.java:1136)
 java.base@17.0.8.1/java.util.concurrent.ThreadPoolExecutor$Worker.run(ThreadPoolExecutor.java:635)
 java.base@17.0.8.1/java.lang.Thread.run(Thread.java:833)
15-Sep-2023 09:49:59.074 INFORMAÇÕES [mysql-cj-abandoned-connection-cleanup] org.apache.catalina.loader.WebappClassLoaderBase.checkStateForResourceLoading Illegal access: this web application instance has been stopped already. Could not load []. The following stack trace is thrown for debugging purposes as well as to attempt to terminate the thread which caused the illegal access.
	java.lang.IllegalStateException: Illegal access: this web application instance has been stopped already. Could not load []. The following stack trace is thrown for debugging purposes as well as to attempt to terminate the thread which caused the illegal access.
		at org.apache.catalina.loader.WebappClassLoaderBase.checkStateForResourceLoading(WebappClassLoaderBase.java:1440)
		at org.apache.catalina.loader.WebappClassLoaderBase.getResource(WebappClassLoaderBase.java:1065)
		at com.mysql.cj.jdbc.AbandonedConnectionCleanupThread.checkThreadContextClassLoader(AbandonedConnectionCleanupThread.java:117)
		at com.mysql.cj.jdbc.AbandonedConnectionCleanupThread.run(AbandonedConnectionCleanupThread.java:84)
		at java.base/java.util.concurrent.ThreadPoolExecutor.runWorker(ThreadPoolExecutor.java:1136)
		at java.base/java.util.concurrent.ThreadPoolExecutor$Worker.run(ThreadPoolExecutor.java:635)
		at java.base/java.lang.Thread.run(Thread.java:833)
15-Sep-2023 09:49:59.464 INFORMAÇÕES [http-nio-8080-exec-116] org.apache.jasper.servlet.TldScanner.scanJars At least one JAR was scanned for TLDs yet contained no TLDs. Enable debug logging for this logger for a complete list of JARs that were scanned but no TLDs were found in them. Skipping unneeded JARs during scanning can improve startup time and JSP compilation time.
15-Sep-2023 09:50:21.828 ADVERTÊNCIA [http-nio-8080-exec-122] org.apache.catalina.loader.WebappClassLoaderBase.clearReferencesJdbc The web application [webapp] registered the JDBC driver [com.mysql.cj.jdbc.Driver] but failed to unregister it when the web application was stopped. To prevent a memory leak, the JDBC Driver has been forcibly unregistered.
15-Sep-2023 09:50:21.830 ADVERTÊNCIA [http-nio-8080-exec-122] org.apache.catalina.loader.WebappClassLoaderBase.clearReferencesThreads The web application [webapp] appears to have started a thread named [mysql-cj-abandoned-connection-cleanup] but has failed to stop it. This is very likely to create a memory leak. Stack trace of thread:
 java.base@17.0.8.1/java.lang.Object.wait(Native Method)
 java.base@17.0.8.1/java.lang.ref.ReferenceQueue.remove(ReferenceQueue.java:155)
 com.mysql.cj.jdbc.AbandonedConnectionCleanupThread.run(AbandonedConnectionCleanupThread.java:85)
 java.base@17.0.8.1/java.util.concurrent.ThreadPoolExecutor.runWorker(ThreadPoolExecutor.java:1136)
 java.base@17.0.8.1/java.util.concurrent.ThreadPoolExecutor$Worker.run(ThreadPoolExecutor.java:635)
 java.base@17.0.8.1/java.lang.Thread.run(Thread.java:833)
15-Sep-2023 09:50:22.099 INFORMAÇÕES [152] org.apache.catalina.loader.WebappClassLoaderBase.checkStateForResourceLoading Illegal access: this web application instance has been stopped already. Could not load []. The following stack trace is thrown for debugging purposes as well as to attempt to terminate the thread which caused the illegal access.
	java.lang.IllegalStateException: Illegal access: this web application instance has been stopped already. Could not load []. The following stack trace is thrown for debugging purposes as well as to attempt to terminate the thread which caused the illegal access.
		at org.apache.catalina.loader.WebappClassLoaderBase.checkStateForResourceLoading(WebappClassLoaderBase.java:1440)
		at org.apache.catalina.loader.WebappClassLoaderBase.getResource(WebappClassLoaderBase.java:1065)
		at com.mysql.cj.jdbc.AbandonedConnectionCleanupThread.checkThreadContextClassLoader(AbandonedConnectionCleanupThread.java:117)
		at com.mysql.cj.jdbc.AbandonedConnectionCleanupThread.run(AbandonedConnectionCleanupThread.java:84)
		at java.base/java.util.concurrent.ThreadPoolExecutor.runWorker(ThreadPoolExecutor.java:1136)
		at java.base/java.util.concurrent.ThreadPoolExecutor$Worker.run(ThreadPoolExecutor.java:635)
		at java.base/java.lang.Thread.run(Thread.java:833)
15-Sep-2023 09:50:22.513 INFORMAÇÕES [http-nio-8080-exec-120] org.apache.jasper.servlet.TldScanner.scanJars At least one JAR was scanned for TLDs yet contained no TLDs. Enable debug logging for this logger for a complete list of JARs that were scanned but no TLDs were found in them. Skipping unneeded JARs during scanning can improve startup time and JSP compilation time.
15-Sep-2023 09:50:25.458 INFORMAÇÕES [http-nio-8080-exec-126] org.apache.jasper.servlet.TldScanner.scanJars At least one JAR was scanned for TLDs yet contained no TLDs. Enable debug logging for this logger for a complete list of JARs that were scanned but no TLDs were found in them. Skipping unneeded JARs during scanning can improve startup time and JSP compilation time.
15-Sep-2023 09:50:29.785 INFORMAÇÕES [ContainerBackgroundProcessor[StandardEngine[Catalina]]] org.apache.catalina.startup.HostConfig.reload Reloading context [/webapp]
15-Sep-2023 09:50:29.785 INFORMAÇÕES [ContainerBackgroundProcessor[StandardEngine[Catalina]]] org.apache.catalina.core.StandardContext.reload Reloading Context with name [/webapp] has started
15-Sep-2023 09:50:30.136 INFORMAÇÕES [ContainerBackgroundProcessor[StandardEngine[Catalina]]] org.apache.jasper.servlet.TldScanner.scanJars At least one JAR was scanned for TLDs yet contained no TLDs. Enable debug logging for this logger for a complete list of JARs that were scanned but no TLDs were found in them. Skipping unneeded JARs during scanning can improve startup time and JSP compilation time.
15-Sep-2023 09:50:30.140 INFORMAÇÕES [ContainerBackgroundProcessor[StandardEngine[Catalina]]] org.apache.catalina.core.StandardContext.reload Reloading Context with name [/webapp] is completed
15-Sep-2023 10:32:18.007 INFORMAÇÕES [main] org.apache.catalina.startup.VersionLoggerListener.log Server version name:   Apache Tomcat/8.5.91
15-Sep-2023 10:32:18.009 INFORMAÇÕES [main] org.apache.catalina.startup.VersionLoggerListener.log Server built:          Jul 6 2023 14:43:48 UTC
15-Sep-2023 10:32:18.009 INFORMAÇÕES [main] org.apache.catalina.startup.VersionLoggerListener.log Server version number: 8.5.91.0
15-Sep-2023 10:32:18.009 INFORMAÇÕES [main] org.apache.catalina.startup.VersionLoggerListener.log OS Name:               Linux
15-Sep-2023 10:32:18.009 INFORMAÇÕES [main] org.apache.catalina.startup.VersionLoggerListener.log OS Version:            6.2.0-31-generic
15-Sep-2023 10:32:18.010 INFORMAÇÕES [main] org.apache.catalina.startup.VersionLoggerListener.log Architecture:          amd64
15-Sep-2023 10:32:18.010 INFORMAÇÕES [main] org.apache.catalina.startup.VersionLoggerListener.log Java Home:             /usr/lib/jvm/java-17-openjdk-amd64
15-Sep-2023 10:32:18.010 INFORMAÇÕES [main] org.apache.catalina.startup.VersionLoggerListener.log JVM Version:           17.0.8.1+1-Ubuntu-0ubuntu122.04
15-Sep-2023 10:32:18.010 INFORMAÇÕES [main] org.apache.catalina.startup.VersionLoggerListener.log JVM Vendor:            Private Build
15-Sep-2023 10:32:18.010 INFORMAÇÕES [main] org.apache.catalina.startup.VersionLoggerListener.log CATALINA_BASE:         /home/matheus/Documentos/Web-Servers/apache-tomcat-8.5.91
15-Sep-2023 10:32:18.010 INFORMAÇÕES [main] org.apache.catalina.startup.VersionLoggerListener.log CATALINA_HOME:         /home/matheus/Documentos/Web-Servers/apache-tomcat-8.5.91
15-Sep-2023 10:32:18.011 INFORMAÇÕES [main] org.apache.catalina.startup.VersionLoggerListener.log Command line argument: --add-opens=java.base/java.lang=ALL-UNNAMED
15-Sep-2023 10:32:18.011 INFORMAÇÕES [main] org.apache.catalina.startup.VersionLoggerListener.log Command line argument: --add-opens=java.base/java.io=ALL-UNNAMED
15-Sep-2023 10:32:18.011 INFORMAÇÕES [main] org.apache.catalina.startup.VersionLoggerListener.log Command line argument: --add-opens=java.base/java.util=ALL-UNNAMED
15-Sep-2023 10:32:18.011 INFORMAÇÕES [main] org.apache.catalina.startup.VersionLoggerListener.log Command line argument: --add-opens=java.base/java.util.concurrent=ALL-UNNAMED
15-Sep-2023 10:32:18.011 INFORMAÇÕES [main] org.apache.catalina.startup.VersionLoggerListener.log Command line argument: --add-opens=java.rmi/sun.rmi.transport=ALL-UNNAMED
15-Sep-2023 10:32:18.011 INFORMAÇÕES [main] org.apache.catalina.startup.VersionLoggerListener.log Command line argument: -Djava.util.logging.config.file=/home/matheus/Documentos/Web-Servers/apache-tomcat-8.5.91/conf/logging.properties
15-Sep-2023 10:32:18.011 INFORMAÇÕES [main] org.apache.catalina.startup.VersionLoggerListener.log Command line argument: -Djava.util.logging.manager=org.apache.juli.ClassLoaderLogManager
15-Sep-2023 10:32:18.011 INFORMAÇÕES [main] org.apache.catalina.startup.VersionLoggerListener.log Command line argument: -Dhttp.nonProxyHosts=localhost|127.0.0.1|matheus-ubuntu
15-Sep-2023 10:32:18.011 INFORMAÇÕES [main] org.apache.catalina.startup.VersionLoggerListener.log Command line argument: -Djdk.tls.ephemeralDHKeySize=2048
15-Sep-2023 10:32:18.011 INFORMAÇÕES [main] org.apache.catalina.startup.VersionLoggerListener.log Command line argument: -Djava.protocol.handler.pkgs=org.apache.catalina.webresources
15-Sep-2023 10:32:18.011 INFORMAÇÕES [main] org.apache.catalina.startup.VersionLoggerListener.log Command line argument: -Dorg.apache.catalina.security.SecurityListener.UMASK=0027
15-Sep-2023 10:32:18.011 INFORMAÇÕES [main] org.apache.catalina.startup.VersionLoggerListener.log Command line argument: -Dignore.endorsed.dirs=
15-Sep-2023 10:32:18.011 INFORMAÇÕES [main] org.apache.catalina.startup.VersionLoggerListener.log Command line argument: -Dcatalina.base=/home/matheus/Documentos/Web-Servers/apache-tomcat-8.5.91
15-Sep-2023 10:32:18.011 INFORMAÇÕES [main] org.apache.catalina.startup.VersionLoggerListener.log Command line argument: -Dcatalina.home=/home/matheus/Documentos/Web-Servers/apache-tomcat-8.5.91
15-Sep-2023 10:32:18.011 INFORMAÇÕES [main] org.apache.catalina.startup.VersionLoggerListener.log Command line argument: -Djava.io.tmpdir=/home/matheus/Documentos/Web-Servers/apache-tomcat-8.5.91/temp
15-Sep-2023 10:32:18.011 INFORMAÇÕES [main] org.apache.catalina.core.AprLifecycleListener.lifecycleEvent The Apache Tomcat Native library which allows using OpenSSL was not found on the java.library.path: [/usr/java/packages/lib:/usr/lib/x86_64-linux-gnu/jni:/lib/x86_64-linux-gnu:/usr/lib/x86_64-linux-gnu:/usr/lib/jni:/lib:/usr/lib]
15-Sep-2023 10:32:18.204 INFORMAÇÕES [main] org.apache.coyote.AbstractProtocol.init Initializing ProtocolHandler ["http-nio-8080"]
15-Sep-2023 10:32:18.234 INFORMAÇÕES [main] org.apache.catalina.startup.Catalina.load Initialization processed in 861 ms
15-Sep-2023 10:32:18.363 INFORMAÇÕES [main] org.apache.catalina.core.StandardService.startInternal Starting service [Catalina]
15-Sep-2023 10:32:18.364 INFORMAÇÕES [main] org.apache.catalina.core.StandardEngine.startInternal Starting Servlet engine: [Apache Tomcat/8.5.91]
15-Sep-2023 10:32:18.372 INFORMAÇÕES [localhost-startStop-1] org.apache.catalina.startup.HostConfig.deployDescriptor Deploying deployment descriptor [/home/matheus/Documentos/Web-Servers/apache-tomcat-8.5.91/conf/Catalina/localhost/translate.xml]
15-Sep-2023 10:32:19.167 INFORMAÇÕES [localhost-startStop-1] org.apache.catalina.startup.HostConfig.deployDescriptor Deployment of deployment descriptor [/home/matheus/Documentos/Web-Servers/apache-tomcat-8.5.91/conf/Catalina/localhost/translate.xml] has finished in [794] ms
15-Sep-2023 10:32:19.168 INFORMAÇÕES [localhost-startStop-1] org.apache.catalina.startup.HostConfig.deployDescriptor Deploying deployment descriptor [/home/matheus/Documentos/Web-Servers/apache-tomcat-8.5.91/conf/Catalina/localhost/webapp.xml]
15-Sep-2023 10:32:20.152 INFORMAÇÕES [localhost-startStop-1] org.apache.jasper.servlet.TldScanner.scanJars At least one JAR was scanned for TLDs yet contained no TLDs. Enable debug logging for this logger for a complete list of JARs that were scanned but no TLDs were found in them. Skipping unneeded JARs during scanning can improve startup time and JSP compilation time.
15-Sep-2023 10:32:20.230 INFORMAÇÕES [localhost-startStop-1] org.apache.catalina.startup.HostConfig.deployDescriptor Deployment of deployment descriptor [/home/matheus/Documentos/Web-Servers/apache-tomcat-8.5.91/conf/Catalina/localhost/webapp.xml] has finished in [1,062] ms
15-Sep-2023 10:32:20.231 INFORMAÇÕES [localhost-startStop-1] org.apache.catalina.startup.HostConfig.deployDescriptor Deploying deployment descriptor [/home/matheus/Documentos/Web-Servers/apache-tomcat-8.5.91/conf/Catalina/localhost/studies.xml]
15-Sep-2023 10:32:20.301 INFORMAÇÕES [localhost-startStop-1] org.apache.catalina.startup.HostConfig.deployDescriptor Deployment of deployment descriptor [/home/matheus/Documentos/Web-Servers/apache-tomcat-8.5.91/conf/Catalina/localhost/studies.xml] has finished in [70] ms
15-Sep-2023 10:32:20.301 INFORMAÇÕES [localhost-startStop-1] org.apache.catalina.startup.HostConfig.deployDirectory Deploying web application directory [/home/matheus/Documentos/Web-Servers/apache-tomcat-8.5.91/webapps/host-manager]
15-Sep-2023 10:32:20.339 INFORMAÇÕES [localhost-startStop-1] org.apache.catalina.startup.HostConfig.deployDirectory Deployment of web application directory [/home/matheus/Documentos/Web-Servers/apache-tomcat-8.5.91/webapps/host-manager] has finished in [38] ms
15-Sep-2023 10:32:20.339 INFORMAÇÕES [localhost-startStop-1] org.apache.catalina.startup.HostConfig.deployDirectory Deploying web application directory [/home/matheus/Documentos/Web-Servers/apache-tomcat-8.5.91/webapps/examples]
15-Sep-2023 10:32:20.514 INFORMAÇÕES [localhost-startStop-1] org.apache.catalina.startup.HostConfig.deployDirectory Deployment of web application directory [/home/matheus/Documentos/Web-Servers/apache-tomcat-8.5.91/webapps/examples] has finished in [175] ms
15-Sep-2023 10:32:20.514 INFORMAÇÕES [localhost-startStop-1] org.apache.catalina.startup.HostConfig.deployDirectory Deploying web application directory [/home/matheus/Documentos/Web-Servers/apache-tomcat-8.5.91/webapps/manager]
15-Sep-2023 10:32:20.550 INFORMAÇÕES [localhost-startStop-1] org.apache.catalina.startup.HostConfig.deployDirectory Deployment of web application directory [/home/matheus/Documentos/Web-Servers/apache-tomcat-8.5.91/webapps/manager] has finished in [36] ms
15-Sep-2023 10:32:20.550 INFORMAÇÕES [localhost-startStop-1] org.apache.catalina.startup.HostConfig.deployDirectory Deploying web application directory [/home/matheus/Documentos/Web-Servers/apache-tomcat-8.5.91/webapps/ROOT]
15-Sep-2023 10:32:20.561 INFORMAÇÕES [localhost-startStop-1] org.apache.catalina.startup.HostConfig.deployDirectory Deployment of web application directory [/home/matheus/Documentos/Web-Servers/apache-tomcat-8.5.91/webapps/ROOT] has finished in [11] ms
15-Sep-2023 10:32:20.561 INFORMAÇÕES [localhost-startStop-1] org.apache.catalina.startup.HostConfig.deployDirectory Deploying web application directory [/home/matheus/Documentos/Web-Servers/apache-tomcat-8.5.91/webapps/docs]
15-Sep-2023 10:32:20.576 INFORMAÇÕES [localhost-startStop-1] org.apache.catalina.startup.HostConfig.deployDirectory Deployment of web application directory [/home/matheus/Documentos/Web-Servers/apache-tomcat-8.5.91/webapps/docs] has finished in [15] ms
15-Sep-2023 10:32:20.578 INFORMAÇÕES [main] org.apache.coyote.AbstractProtocol.start Starting ProtocolHandler ["http-nio-8080"]
15-Sep-2023 10:32:20.626 INFORMAÇÕES [main] org.apache.catalina.startup.Catalina.start Server startup in 2390 ms
15-Sep-2023 10:36:35.366 INFORMAÇÕES [http-nio-8080-exec-4] org.apache.catalina.core.StandardContext.reload Reloading Context with name [/webapp] has started
15-Sep-2023 10:36:35.380 ADVERTÊNCIA [http-nio-8080-exec-4] org.apache.catalina.loader.WebappClassLoaderBase.clearReferencesJdbc The web application [webapp] registered the JDBC driver [com.mysql.cj.jdbc.Driver] but failed to unregister it when the web application was stopped. To prevent a memory leak, the JDBC Driver has been forcibly unregistered.
15-Sep-2023 10:36:35.381 ADVERTÊNCIA [http-nio-8080-exec-4] org.apache.catalina.loader.WebappClassLoaderBase.clearReferencesThreads The web application [webapp] appears to have started a thread named [mysql-cj-abandoned-connection-cleanup] but has failed to stop it. This is very likely to create a memory leak. Stack trace of thread:
 java.base@17.0.8.1/java.lang.Object.wait(Native Method)
 java.base@17.0.8.1/java.lang.ref.ReferenceQueue.remove(ReferenceQueue.java:155)
 com.mysql.cj.jdbc.AbandonedConnectionCleanupThread.run(AbandonedConnectionCleanupThread.java:85)
 java.base@17.0.8.1/java.util.concurrent.ThreadPoolExecutor.runWorker(ThreadPoolExecutor.java:1136)
 java.base@17.0.8.1/java.util.concurrent.ThreadPoolExecutor$Worker.run(ThreadPoolExecutor.java:635)
 java.base@17.0.8.1/java.lang.Thread.run(Thread.java:833)
15-Sep-2023 10:36:35.752 INFORMAÇÕES [mysql-cj-abandoned-connection-cleanup] org.apache.catalina.loader.WebappClassLoaderBase.checkStateForResourceLoading Illegal access: this web application instance has been stopped already. Could not load []. The following stack trace is thrown for debugging purposes as well as to attempt to terminate the thread which caused the illegal access.
	java.lang.IllegalStateException: Illegal access: this web application instance has been stopped already. Could not load []. The following stack trace is thrown for debugging purposes as well as to attempt to terminate the thread which caused the illegal access.
		at org.apache.catalina.loader.WebappClassLoaderBase.checkStateForResourceLoading(WebappClassLoaderBase.java:1440)
		at org.apache.catalina.loader.WebappClassLoaderBase.getResource(WebappClassLoaderBase.java:1065)
		at com.mysql.cj.jdbc.AbandonedConnectionCleanupThread.checkThreadContextClassLoader(AbandonedConnectionCleanupThread.java:117)
		at com.mysql.cj.jdbc.AbandonedConnectionCleanupThread.run(AbandonedConnectionCleanupThread.java:84)
		at java.base/java.util.concurrent.ThreadPoolExecutor.runWorker(ThreadPoolExecutor.java:1136)
		at java.base/java.util.concurrent.ThreadPoolExecutor$Worker.run(ThreadPoolExecutor.java:635)
		at java.base/java.lang.Thread.run(Thread.java:833)
15-Sep-2023 10:36:36.185 INFORMAÇÕES [http-nio-8080-exec-4] org.apache.jasper.servlet.TldScanner.scanJars At least one JAR was scanned for TLDs yet contained no TLDs. Enable debug logging for this logger for a complete list of JARs that were scanned but no TLDs were found in them. Skipping unneeded JARs during scanning can improve startup time and JSP compilation time.
15-Sep-2023 10:36:36.194 INFORMAÇÕES [http-nio-8080-exec-4] org.apache.catalina.core.StandardContext.reload Reloading Context with name [/webapp] is completed
15-Sep-2023 10:37:11.159 INFORMAÇÕES [http-nio-8080-exec-10] org.apache.catalina.core.StandardContext.reload Reloading Context with name [/webapp] has started
15-Sep-2023 10:37:11.562 INFORMAÇÕES [http-nio-8080-exec-10] org.apache.jasper.servlet.TldScanner.scanJars At least one JAR was scanned for TLDs yet contained no TLDs. Enable debug logging for this logger for a complete list of JARs that were scanned but no TLDs were found in them. Skipping unneeded JARs during scanning can improve startup time and JSP compilation time.
15-Sep-2023 10:37:11.566 INFORMAÇÕES [http-nio-8080-exec-10] org.apache.catalina.core.StandardContext.reload Reloading Context with name [/webapp] is completed
15-Sep-2023 10:37:24.303 INFORMAÇÕES [http-nio-8080-exec-8] org.apache.catalina.core.StandardContext.reload Reloading Context with name [/webapp] has started
15-Sep-2023 10:37:24.682 INFORMAÇÕES [http-nio-8080-exec-8] org.apache.jasper.servlet.TldScanner.scanJars At least one JAR was scanned for TLDs yet contained no TLDs. Enable debug logging for this logger for a complete list of JARs that were scanned but no TLDs were found in them. Skipping unneeded JARs during scanning can improve startup time and JSP compilation time.
15-Sep-2023 10:37:24.687 INFORMAÇÕES [http-nio-8080-exec-8] org.apache.catalina.core.StandardContext.reload Reloading Context with name [/webapp] is completed
15-Sep-2023 10:37:27.122 INFORMAÇÕES [http-nio-8080-exec-2] org.apache.catalina.core.StandardContext.reload Reloading Context with name [/webapp] has started
15-Sep-2023 10:37:27.491 INFORMAÇÕES [http-nio-8080-exec-2] org.apache.jasper.servlet.TldScanner.scanJars At least one JAR was scanned for TLDs yet contained no TLDs. Enable debug logging for this logger for a complete list of JARs that were scanned but no TLDs were found in them. Skipping unneeded JARs during scanning can improve startup time and JSP compilation time.
15-Sep-2023 10:37:27.496 INFORMAÇÕES [http-nio-8080-exec-2] org.apache.catalina.core.StandardContext.reload Reloading Context with name [/webapp] is completed
15-Sep-2023 10:39:52.996 INFORMAÇÕES [http-nio-8080-exec-13] org.apache.catalina.core.StandardContext.reload Reloading Context with name [/webapp] has started
15-Sep-2023 10:39:53.384 INFORMAÇÕES [http-nio-8080-exec-13] org.apache.jasper.servlet.TldScanner.scanJars At least one JAR was scanned for TLDs yet contained no TLDs. Enable debug logging for this logger for a complete list of JARs that were scanned but no TLDs were found in them. Skipping unneeded JARs during scanning can improve startup time and JSP compilation time.
15-Sep-2023 10:39:53.388 INFORMAÇÕES [http-nio-8080-exec-13] org.apache.catalina.core.StandardContext.reload Reloading Context with name [/webapp] is completed
15-Sep-2023 10:48:55.153 INFORMAÇÕES [http-nio-8080-exec-21] org.apache.catalina.core.StandardContext.reload Reloading Context with name [/webapp] has started
15-Sep-2023 10:48:55.524 INFORMAÇÕES [http-nio-8080-exec-21] org.apache.jasper.servlet.TldScanner.scanJars At least one JAR was scanned for TLDs yet contained no TLDs. Enable debug logging for this logger for a complete list of JARs that were scanned but no TLDs were found in them. Skipping unneeded JARs during scanning can improve startup time and JSP compilation time.
15-Sep-2023 10:48:55.528 INFORMAÇÕES [http-nio-8080-exec-21] org.apache.catalina.core.StandardContext.reload Reloading Context with name [/webapp] is completed
15-Sep-2023 10:49:41.826 INFORMAÇÕES [http-nio-8080-exec-25] org.apache.catalina.core.StandardContext.reload Reloading Context with name [/webapp] has started
15-Sep-2023 10:49:42.231 INFORMAÇÕES [http-nio-8080-exec-25] org.apache.jasper.servlet.TldScanner.scanJars At least one JAR was scanned for TLDs yet contained no TLDs. Enable debug logging for this logger for a complete list of JARs that were scanned but no TLDs were found in them. Skipping unneeded JARs during scanning can improve startup time and JSP compilation time.
15-Sep-2023 10:49:42.236 INFORMAÇÕES [http-nio-8080-exec-25] org.apache.catalina.core.StandardContext.reload Reloading Context with name [/webapp] is completed
15-Sep-2023 10:53:23.125 INFORMAÇÕES [http-nio-8080-exec-36] org.apache.jasper.servlet.TldScanner.scanJars At least one JAR was scanned for TLDs yet contained no TLDs. Enable debug logging for this logger for a complete list of JARs that were scanned but no TLDs were found in them. Skipping unneeded JARs during scanning can improve startup time and JSP compilation time.
15-Sep-2023 10:53:31.258 INFORMAÇÕES [ContainerBackgroundProcessor[StandardEngine[Catalina]]] org.apache.catalina.startup.HostConfig.reload Reloading context [/webapp]
15-Sep-2023 10:53:31.259 INFORMAÇÕES [ContainerBackgroundProcessor[StandardEngine[Catalina]]] org.apache.catalina.core.StandardContext.reload Reloading Context with name [/webapp] has started
15-Sep-2023 10:53:31.588 INFORMAÇÕES [ContainerBackgroundProcessor[StandardEngine[Catalina]]] org.apache.jasper.servlet.TldScanner.scanJars At least one JAR was scanned for TLDs yet contained no TLDs. Enable debug logging for this logger for a complete list of JARs that were scanned but no TLDs were found in them. Skipping unneeded JARs during scanning can improve startup time and JSP compilation time.
15-Sep-2023 10:53:31.593 INFORMAÇÕES [ContainerBackgroundProcessor[StandardEngine[Catalina]]] org.apache.catalina.core.StandardContext.reload Reloading Context with name [/webapp] is completed
15-Sep-2023 10:53:36.131 INFORMAÇÕES [http-nio-8080-exec-36] org.apache.catalina.core.StandardContext.reload Reloading Context with name [/webapp] has started
15-Sep-2023 10:53:36.476 INFORMAÇÕES [http-nio-8080-exec-36] org.apache.jasper.servlet.TldScanner.scanJars At least one JAR was scanned for TLDs yet contained no TLDs. Enable debug logging for this logger for a complete list of JARs that were scanned but no TLDs were found in them. Skipping unneeded JARs during scanning can improve startup time and JSP compilation time.
15-Sep-2023 10:53:36.480 INFORMAÇÕES [http-nio-8080-exec-36] org.apache.catalina.core.StandardContext.reload Reloading Context with name [/webapp] is completed
15-Sep-2023 10:53:45.744 INFORMAÇÕES [http-nio-8080-exec-32] org.apache.jasper.servlet.TldScanner.scanJars At least one JAR was scanned for TLDs yet contained no TLDs. Enable debug logging for this logger for a complete list of JARs that were scanned but no TLDs were found in them. Skipping unneeded JARs during scanning can improve startup time and JSP compilation time.
15-Sep-2023 11:28:59.943 INFORMAÇÕES [main] org.apache.catalina.core.StandardServer.await A valid shutdown command was received via the shutdown port. Stopping the Server instance.
15-Sep-2023 11:28:59.943 INFORMAÇÕES [main] org.apache.coyote.AbstractProtocol.pause Pausing ProtocolHandler ["http-nio-8080"]
15-Sep-2023 11:28:59.944 INFORMAÇÕES [main] org.apache.catalina.core.StandardService.stopInternal Stopping service [Catalina]
15-Sep-2023 11:28:59.952 ADVERTÊNCIA [localhost-startStop-2] org.apache.catalina.loader.WebappClassLoaderBase.clearReferencesJdbc The web application [webapp] registered the JDBC driver [com.mysql.cj.jdbc.Driver] but failed to unregister it when the web application was stopped. To prevent a memory leak, the JDBC Driver has been forcibly unregistered.
15-Sep-2023 11:28:59.952 ADVERTÊNCIA [localhost-startStop-2] org.apache.catalina.loader.WebappClassLoaderBase.clearReferencesThreads The web application [webapp] appears to have started a thread named [mysql-cj-abandoned-connection-cleanup] but has failed to stop it. This is very likely to create a memory leak. Stack trace of thread:
 java.base@17.0.8.1/java.lang.Object.wait(Native Method)
 java.base@17.0.8.1/java.lang.ref.ReferenceQueue.remove(ReferenceQueue.java:155)
 com.mysql.cj.jdbc.AbandonedConnectionCleanupThread.run(AbandonedConnectionCleanupThread.java:85)
 java.base@17.0.8.1/java.util.concurrent.ThreadPoolExecutor.runWorker(ThreadPoolExecutor.java:1136)
 java.base@17.0.8.1/java.util.concurrent.ThreadPoolExecutor$Worker.run(ThreadPoolExecutor.java:635)
 java.base@17.0.8.1/java.lang.Thread.run(Thread.java:833)
15-Sep-2023 11:28:59.955 INFORMAÇÕES [main] org.apache.coyote.AbstractProtocol.stop Stopping ProtocolHandler ["http-nio-8080"]
15-Sep-2023 11:28:59.983 INFORMAÇÕES [main] org.apache.coyote.AbstractProtocol.destroy Destroying ProtocolHandler ["http-nio-8080"]
