01-Sep-2023 08:24:27.155 INFORMAÇÕES [main] org.apache.catalina.startup.VersionLoggerListener.log Server version name:   Apache Tomcat/8.5.91
01-Sep-2023 08:24:27.158 INFORMAÇÕES [main] org.apache.catalina.startup.VersionLoggerListener.log Server built:          Jul 6 2023 14:43:48 UTC
01-Sep-2023 08:24:27.158 INFORMAÇÕES [main] org.apache.catalina.startup.VersionLoggerListener.log Server version number: 8.5.91.0
01-Sep-2023 08:24:27.158 INFORMAÇÕES [main] org.apache.catalina.startup.VersionLoggerListener.log OS Name:               Linux
01-Sep-2023 08:24:27.158 INFORMAÇÕES [main] org.apache.catalina.startup.VersionLoggerListener.log OS Version:            6.2.0-31-generic
01-Sep-2023 08:24:27.158 INFORMAÇÕES [main] org.apache.catalina.startup.VersionLoggerListener.log Architecture:          amd64
01-Sep-2023 08:24:27.158 INFORMAÇÕES [main] org.apache.catalina.startup.VersionLoggerListener.log Java Home:             /usr/lib/jvm/java-17-openjdk-amd64
01-Sep-2023 08:24:27.159 INFORMAÇÕES [main] org.apache.catalina.startup.VersionLoggerListener.log JVM Version:           17.0.8.1+1-Ubuntu-0ubuntu122.04
01-Sep-2023 08:24:27.159 INFORMAÇÕES [main] org.apache.catalina.startup.VersionLoggerListener.log JVM Vendor:            Private Build
01-Sep-2023 08:24:27.159 INFORMAÇÕES [main] org.apache.catalina.startup.VersionLoggerListener.log CATALINA_BASE:         /home/matheus/Documentos/Web-Servers/apache-tomcat-8.5.91
01-Sep-2023 08:24:27.159 INFORMAÇÕES [main] org.apache.catalina.startup.VersionLoggerListener.log CATALINA_HOME:         /home/matheus/Documentos/Web-Servers/apache-tomcat-8.5.91
01-Sep-2023 08:24:27.159 INFORMAÇÕES [main] org.apache.catalina.startup.VersionLoggerListener.log Command line argument: --add-opens=java.base/java.lang=ALL-UNNAMED
01-Sep-2023 08:24:27.159 INFORMAÇÕES [main] org.apache.catalina.startup.VersionLoggerListener.log Command line argument: --add-opens=java.base/java.io=ALL-UNNAMED
01-Sep-2023 08:24:27.160 INFORMAÇÕES [main] org.apache.catalina.startup.VersionLoggerListener.log Command line argument: --add-opens=java.base/java.util=ALL-UNNAMED
01-Sep-2023 08:24:27.160 INFORMAÇÕES [main] org.apache.catalina.startup.VersionLoggerListener.log Command line argument: --add-opens=java.base/java.util.concurrent=ALL-UNNAMED
01-Sep-2023 08:24:27.160 INFORMAÇÕES [main] org.apache.catalina.startup.VersionLoggerListener.log Command line argument: --add-opens=java.rmi/sun.rmi.transport=ALL-UNNAMED
01-Sep-2023 08:24:27.160 INFORMAÇÕES [main] org.apache.catalina.startup.VersionLoggerListener.log Command line argument: -Djava.util.logging.config.file=/home/matheus/Documentos/Web-Servers/apache-tomcat-8.5.91/conf/logging.properties
01-Sep-2023 08:24:27.160 INFORMAÇÕES [main] org.apache.catalina.startup.VersionLoggerListener.log Command line argument: -Djava.util.logging.manager=org.apache.juli.ClassLoaderLogManager
01-Sep-2023 08:24:27.160 INFORMAÇÕES [main] org.apache.catalina.startup.VersionLoggerListener.log Command line argument: -Dhttp.nonProxyHosts=localhost|127.0.0.1|matheus-ubuntu
01-Sep-2023 08:24:27.160 INFORMAÇÕES [main] org.apache.catalina.startup.VersionLoggerListener.log Command line argument: -Djdk.tls.ephemeralDHKeySize=2048
01-Sep-2023 08:24:27.160 INFORMAÇÕES [main] org.apache.catalina.startup.VersionLoggerListener.log Command line argument: -Djava.protocol.handler.pkgs=org.apache.catalina.webresources
01-Sep-2023 08:24:27.160 INFORMAÇÕES [main] org.apache.catalina.startup.VersionLoggerListener.log Command line argument: -Dorg.apache.catalina.security.SecurityListener.UMASK=0027
01-Sep-2023 08:24:27.160 INFORMAÇÕES [main] org.apache.catalina.startup.VersionLoggerListener.log Command line argument: -Dignore.endorsed.dirs=
01-Sep-2023 08:24:27.160 INFORMAÇÕES [main] org.apache.catalina.startup.VersionLoggerListener.log Command line argument: -Dcatalina.base=/home/matheus/Documentos/Web-Servers/apache-tomcat-8.5.91
01-Sep-2023 08:24:27.160 INFORMAÇÕES [main] org.apache.catalina.startup.VersionLoggerListener.log Command line argument: -Dcatalina.home=/home/matheus/Documentos/Web-Servers/apache-tomcat-8.5.91
01-Sep-2023 08:24:27.160 INFORMAÇÕES [main] org.apache.catalina.startup.VersionLoggerListener.log Command line argument: -Djava.io.tmpdir=/home/matheus/Documentos/Web-Servers/apache-tomcat-8.5.91/temp
01-Sep-2023 08:24:27.161 INFORMAÇÕES [main] org.apache.catalina.core.AprLifecycleListener.lifecycleEvent The Apache Tomcat Native library which allows using OpenSSL was not found on the java.library.path: [/usr/java/packages/lib:/usr/lib/x86_64-linux-gnu/jni:/lib/x86_64-linux-gnu:/usr/lib/x86_64-linux-gnu:/usr/lib/jni:/lib:/usr/lib]
01-Sep-2023 08:24:27.265 INFORMAÇÕES [main] org.apache.coyote.AbstractProtocol.init Initializing ProtocolHandler ["http-nio-8080"]
01-Sep-2023 08:24:27.302 INFORMAÇÕES [main] org.apache.catalina.startup.Catalina.load Initialization processed in 1733 ms
01-Sep-2023 08:24:27.363 INFORMAÇÕES [main] org.apache.catalina.core.StandardService.startInternal Starting service [Catalina]
01-Sep-2023 08:24:27.363 INFORMAÇÕES [main] org.apache.catalina.core.StandardEngine.startInternal Starting Servlet engine: [Apache Tomcat/8.5.91]
01-Sep-2023 08:24:27.383 INFORMAÇÕES [localhost-startStop-1] org.apache.catalina.startup.HostConfig.deployDescriptor Deploying deployment descriptor [/home/matheus/Documentos/Web-Servers/apache-tomcat-8.5.91/conf/Catalina/localhost/translate.xml]
01-Sep-2023 08:24:28.655 INFORMAÇÕES [localhost-startStop-1] org.apache.catalina.startup.HostConfig.deployDescriptor Deployment of deployment descriptor [/home/matheus/Documentos/Web-Servers/apache-tomcat-8.5.91/conf/Catalina/localhost/translate.xml] has finished in [1,271] ms
01-Sep-2023 08:24:28.655 INFORMAÇÕES [localhost-startStop-1] org.apache.catalina.startup.HostConfig.deployDescriptor Deploying deployment descriptor [/home/matheus/Documentos/Web-Servers/apache-tomcat-8.5.91/conf/Catalina/localhost/webapp.xml]
01-Sep-2023 08:24:28.977 INFORMAÇÕES [localhost-startStop-1] org.apache.jasper.servlet.TldScanner.scanJars At least one JAR was scanned for TLDs yet contained no TLDs. Enable debug logging for this logger for a complete list of JARs that were scanned but no TLDs were found in them. Skipping unneeded JARs during scanning can improve startup time and JSP compilation time.
01-Sep-2023 08:24:29.004 INFORMAÇÕES [localhost-startStop-1] org.apache.catalina.startup.HostConfig.deployDescriptor Deployment of deployment descriptor [/home/matheus/Documentos/Web-Servers/apache-tomcat-8.5.91/conf/Catalina/localhost/webapp.xml] has finished in [349] ms
01-Sep-2023 08:24:29.004 INFORMAÇÕES [localhost-startStop-1] org.apache.catalina.startup.HostConfig.deployDescriptor Deploying deployment descriptor [/home/matheus/Documentos/Web-Servers/apache-tomcat-8.5.91/conf/Catalina/localhost/studies.xml]
01-Sep-2023 08:24:29.079 INFORMAÇÕES [localhost-startStop-1] org.apache.catalina.startup.HostConfig.deployDescriptor Deployment of deployment descriptor [/home/matheus/Documentos/Web-Servers/apache-tomcat-8.5.91/conf/Catalina/localhost/studies.xml] has finished in [74] ms
01-Sep-2023 08:24:29.079 INFORMAÇÕES [localhost-startStop-1] org.apache.catalina.startup.HostConfig.deployDirectory Deploying web application directory [/home/matheus/Documentos/Web-Servers/apache-tomcat-8.5.91/webapps/host-manager]
01-Sep-2023 08:24:29.124 INFORMAÇÕES [localhost-startStop-1] org.apache.catalina.startup.HostConfig.deployDirectory Deployment of web application directory [/home/matheus/Documentos/Web-Servers/apache-tomcat-8.5.91/webapps/host-manager] has finished in [44] ms
01-Sep-2023 08:24:29.124 INFORMAÇÕES [localhost-startStop-1] org.apache.catalina.startup.HostConfig.deployDirectory Deploying web application directory [/home/matheus/Documentos/Web-Servers/apache-tomcat-8.5.91/webapps/examples]
01-Sep-2023 08:24:29.343 INFORMAÇÕES [localhost-startStop-1] org.apache.catalina.startup.HostConfig.deployDirectory Deployment of web application directory [/home/matheus/Documentos/Web-Servers/apache-tomcat-8.5.91/webapps/examples] has finished in [218] ms
01-Sep-2023 08:24:29.343 INFORMAÇÕES [localhost-startStop-1] org.apache.catalina.startup.HostConfig.deployDirectory Deploying web application directory [/home/matheus/Documentos/Web-Servers/apache-tomcat-8.5.91/webapps/manager]
01-Sep-2023 08:24:29.377 INFORMAÇÕES [localhost-startStop-1] org.apache.catalina.startup.HostConfig.deployDirectory Deployment of web application directory [/home/matheus/Documentos/Web-Servers/apache-tomcat-8.5.91/webapps/manager] has finished in [34] ms
01-Sep-2023 08:24:29.377 INFORMAÇÕES [localhost-startStop-1] org.apache.catalina.startup.HostConfig.deployDirectory Deploying web application directory [/home/matheus/Documentos/Web-Servers/apache-tomcat-8.5.91/webapps/ROOT]
01-Sep-2023 08:24:29.392 INFORMAÇÕES [localhost-startStop-1] org.apache.catalina.startup.HostConfig.deployDirectory Deployment of web application directory [/home/matheus/Documentos/Web-Servers/apache-tomcat-8.5.91/webapps/ROOT] has finished in [14] ms
01-Sep-2023 08:24:29.392 INFORMAÇÕES [localhost-startStop-1] org.apache.catalina.startup.HostConfig.deployDirectory Deploying web application directory [/home/matheus/Documentos/Web-Servers/apache-tomcat-8.5.91/webapps/docs]
01-Sep-2023 08:24:29.419 INFORMAÇÕES [localhost-startStop-1] org.apache.catalina.startup.HostConfig.deployDirectory Deployment of web application directory [/home/matheus/Documentos/Web-Servers/apache-tomcat-8.5.91/webapps/docs] has finished in [27] ms
01-Sep-2023 08:24:29.421 INFORMAÇÕES [main] org.apache.coyote.AbstractProtocol.start Starting ProtocolHandler ["http-nio-8080"]
01-Sep-2023 08:24:29.443 INFORMAÇÕES [main] org.apache.catalina.startup.Catalina.start Server startup in 2140 ms
01-Sep-2023 08:30:38.593 INFORMAÇÕES [http-nio-8080-exec-2] org.apache.catalina.startup.HostConfig.undeploy Undeploying context [/webapp]
01-Sep-2023 08:30:38.616 INFORMAÇÕES [http-nio-8080-exec-7] org.apache.catalina.startup.HostConfig.deployDescriptor Deploying deployment descriptor [/home/matheus/Documentos/Web-Servers/apache-tomcat-8.5.91/conf/Catalina/localhost/webapp.xml]
01-Sep-2023 08:30:38.747 INFORMAÇÕES [http-nio-8080-exec-7] org.apache.jasper.servlet.TldScanner.scanJars At least one JAR was scanned for TLDs yet contained no TLDs. Enable debug logging for this logger for a complete list of JARs that were scanned but no TLDs were found in them. Skipping unneeded JARs during scanning can improve startup time and JSP compilation time.
01-Sep-2023 08:30:38.827 INFORMAÇÕES [http-nio-8080-exec-7] org.apache.catalina.startup.HostConfig.deployDescriptor Deployment of deployment descriptor [/home/matheus/Documentos/Web-Servers/apache-tomcat-8.5.91/conf/Catalina/localhost/webapp.xml] has finished in [211] ms
01-Sep-2023 08:30:38.834 INFORMAÇÕES [http-nio-8080-exec-5] org.apache.catalina.util.LifecycleBase.start The start() method was called on component [StandardEngine[Catalina].StandardHost[localhost].StandardContext[/webapp]] after start() had already been called. The second call will be ignored.
01-Sep-2023 08:35:57.514 INFORMAÇÕES [http-nio-8080-exec-20] org.apache.catalina.startup.HostConfig.undeploy Undeploying context [/webapp]
01-Sep-2023 08:35:57.542 INFORMAÇÕES [http-nio-8080-exec-17] org.apache.catalina.startup.HostConfig.deployDescriptor Deploying deployment descriptor [/home/matheus/Documentos/Web-Servers/apache-tomcat-8.5.91/conf/Catalina/localhost/webapp.xml]
01-Sep-2023 08:35:57.722 INFORMAÇÕES [http-nio-8080-exec-17] org.apache.jasper.servlet.TldScanner.scanJars At least one JAR was scanned for TLDs yet contained no TLDs. Enable debug logging for this logger for a complete list of JARs that were scanned but no TLDs were found in them. Skipping unneeded JARs during scanning can improve startup time and JSP compilation time.
01-Sep-2023 08:35:57.787 INFORMAÇÕES [http-nio-8080-exec-17] org.apache.catalina.startup.HostConfig.deployDescriptor Deployment of deployment descriptor [/home/matheus/Documentos/Web-Servers/apache-tomcat-8.5.91/conf/Catalina/localhost/webapp.xml] has finished in [244] ms
01-Sep-2023 08:35:57.791 INFORMAÇÕES [http-nio-8080-exec-11] org.apache.catalina.util.LifecycleBase.start The start() method was called on component [StandardEngine[Catalina].StandardHost[localhost].StandardContext[/webapp]] after start() had already been called. The second call will be ignored.
01-Sep-2023 08:56:22.232 INFORMAÇÕES [http-nio-8080-exec-24] org.apache.catalina.core.StandardContext.reload Reloading Context with name [/webapp] has started
01-Sep-2023 08:56:22.397 INFORMAÇÕES [http-nio-8080-exec-24] org.apache.jasper.servlet.TldScanner.scanJars At least one JAR was scanned for TLDs yet contained no TLDs. Enable debug logging for this logger for a complete list of JARs that were scanned but no TLDs were found in them. Skipping unneeded JARs during scanning can improve startup time and JSP compilation time.
01-Sep-2023 08:56:22.403 INFORMAÇÕES [http-nio-8080-exec-24] org.apache.catalina.core.StandardContext.reload Reloading Context with name [/webapp] is completed
01-Sep-2023 09:27:20.963 INFORMAÇÕES [http-nio-8080-exec-33] org.apache.catalina.core.StandardContext.reload Reloading Context with name [/webapp] has started
01-Sep-2023 09:27:22.295 INFORMAÇÕES [http-nio-8080-exec-33] org.apache.jasper.servlet.TldScanner.scanJars At least one JAR was scanned for TLDs yet contained no TLDs. Enable debug logging for this logger for a complete list of JARs that were scanned but no TLDs were found in them. Skipping unneeded JARs during scanning can improve startup time and JSP compilation time.
01-Sep-2023 09:27:22.306 INFORMAÇÕES [http-nio-8080-exec-33] org.apache.catalina.core.StandardContext.reload Reloading Context with name [/webapp] is completed
01-Sep-2023 09:27:22.957 INFORMAÇÕES [http-nio-8080-exec-41] org.apache.catalina.core.StandardContext.reload Reloading Context with name [/webapp] has started
01-Sep-2023 09:27:23.425 INFORMAÇÕES [http-nio-8080-exec-41] org.apache.jasper.servlet.TldScanner.scanJars At least one JAR was scanned for TLDs yet contained no TLDs. Enable debug logging for this logger for a complete list of JARs that were scanned but no TLDs were found in them. Skipping unneeded JARs during scanning can improve startup time and JSP compilation time.
01-Sep-2023 09:27:23.428 INFORMAÇÕES [http-nio-8080-exec-41] org.apache.catalina.core.StandardContext.reload Reloading Context with name [/webapp] is completed
01-Sep-2023 09:27:36.282 INFORMAÇÕES [http-nio-8080-exec-38] org.apache.catalina.core.StandardContext.reload Reloading Context with name [/webapp] has started
01-Sep-2023 09:27:36.825 INFORMAÇÕES [http-nio-8080-exec-38] org.apache.jasper.servlet.TldScanner.scanJars At least one JAR was scanned for TLDs yet contained no TLDs. Enable debug logging for this logger for a complete list of JARs that were scanned but no TLDs were found in them. Skipping unneeded JARs during scanning can improve startup time and JSP compilation time.
01-Sep-2023 09:27:36.829 INFORMAÇÕES [http-nio-8080-exec-38] org.apache.catalina.core.StandardContext.reload Reloading Context with name [/webapp] is completed
01-Sep-2023 09:27:44.778 INFORMAÇÕES [http-nio-8080-exec-39] org.apache.catalina.core.StandardContext.reload Reloading Context with name [/webapp] has started
01-Sep-2023 09:27:45.166 INFORMAÇÕES [http-nio-8080-exec-39] org.apache.jasper.servlet.TldScanner.scanJars At least one JAR was scanned for TLDs yet contained no TLDs. Enable debug logging for this logger for a complete list of JARs that were scanned but no TLDs were found in them. Skipping unneeded JARs during scanning can improve startup time and JSP compilation time.
01-Sep-2023 09:27:45.168 INFORMAÇÕES [http-nio-8080-exec-39] org.apache.catalina.core.StandardContext.reload Reloading Context with name [/webapp] is completed
01-Sep-2023 09:28:41.252 INFORMAÇÕES [http-nio-8080-exec-42] org.apache.catalina.core.StandardContext.reload Reloading Context with name [/webapp] has started
01-Sep-2023 09:28:41.625 INFORMAÇÕES [http-nio-8080-exec-42] org.apache.jasper.servlet.TldScanner.scanJars At least one JAR was scanned for TLDs yet contained no TLDs. Enable debug logging for this logger for a complete list of JARs that were scanned but no TLDs were found in them. Skipping unneeded JARs during scanning can improve startup time and JSP compilation time.
01-Sep-2023 09:28:41.628 INFORMAÇÕES [http-nio-8080-exec-42] org.apache.catalina.core.StandardContext.reload Reloading Context with name [/webapp] is completed
01-Sep-2023 09:28:48.644 INFORMAÇÕES [http-nio-8080-exec-39] org.apache.catalina.core.StandardContext.reload Reloading Context with name [/webapp] has started
01-Sep-2023 09:28:48.988 INFORMAÇÕES [http-nio-8080-exec-39] org.apache.jasper.servlet.TldScanner.scanJars At least one JAR was scanned for TLDs yet contained no TLDs. Enable debug logging for this logger for a complete list of JARs that were scanned but no TLDs were found in them. Skipping unneeded JARs during scanning can improve startup time and JSP compilation time.
01-Sep-2023 09:28:48.993 INFORMAÇÕES [http-nio-8080-exec-39] org.apache.catalina.core.StandardContext.reload Reloading Context with name [/webapp] is completed
01-Sep-2023 09:29:10.715 INFORMAÇÕES [http-nio-8080-exec-31] org.apache.catalina.core.StandardContext.reload Reloading Context with name [/webapp] has started
01-Sep-2023 09:29:11.167 INFORMAÇÕES [http-nio-8080-exec-31] org.apache.jasper.servlet.TldScanner.scanJars At least one JAR was scanned for TLDs yet contained no TLDs. Enable debug logging for this logger for a complete list of JARs that were scanned but no TLDs were found in them. Skipping unneeded JARs during scanning can improve startup time and JSP compilation time.
01-Sep-2023 09:29:11.170 INFORMAÇÕES [http-nio-8080-exec-31] org.apache.catalina.core.StandardContext.reload Reloading Context with name [/webapp] is completed
01-Sep-2023 09:29:22.358 INFORMAÇÕES [http-nio-8080-exec-45] org.apache.catalina.core.StandardContext.reload Reloading Context with name [/webapp] has started
01-Sep-2023 09:29:22.721 INFORMAÇÕES [http-nio-8080-exec-45] org.apache.jasper.servlet.TldScanner.scanJars At least one JAR was scanned for TLDs yet contained no TLDs. Enable debug logging for this logger for a complete list of JARs that were scanned but no TLDs were found in them. Skipping unneeded JARs during scanning can improve startup time and JSP compilation time.
01-Sep-2023 09:29:22.725 INFORMAÇÕES [http-nio-8080-exec-45] org.apache.catalina.core.StandardContext.reload Reloading Context with name [/webapp] is completed
01-Sep-2023 09:29:27.396 INFORMAÇÕES [http-nio-8080-exec-46] org.apache.catalina.core.StandardContext.reload Reloading Context with name [/webapp] has started
01-Sep-2023 09:29:27.829 INFORMAÇÕES [http-nio-8080-exec-46] org.apache.jasper.servlet.TldScanner.scanJars At least one JAR was scanned for TLDs yet contained no TLDs. Enable debug logging for this logger for a complete list of JARs that were scanned but no TLDs were found in them. Skipping unneeded JARs during scanning can improve startup time and JSP compilation time.
01-Sep-2023 09:29:27.831 INFORMAÇÕES [http-nio-8080-exec-46] org.apache.catalina.core.StandardContext.reload Reloading Context with name [/webapp] is completed
01-Sep-2023 09:36:33.114 INFORMAÇÕES [Thread-1] org.apache.coyote.AbstractProtocol.pause Pausing ProtocolHandler ["http-nio-8080"]
01-Sep-2023 09:36:33.262 INFORMAÇÕES [Thread-1] org.apache.catalina.core.StandardService.stopInternal Stopping service [Catalina]
01-Sep-2023 09:36:33.292 INFORMAÇÕES [Thread-1] org.apache.coyote.AbstractProtocol.stop Stopping ProtocolHandler ["http-nio-8080"]
01-Sep-2023 09:36:33.379 INFORMAÇÕES [Thread-1] org.apache.coyote.AbstractProtocol.destroy Destroying ProtocolHandler ["http-nio-8080"]
01-Sep-2023 10:12:13.811 INFORMAÇÕES [main] org.apache.catalina.startup.VersionLoggerListener.log Server version name:   Apache Tomcat/8.5.91
01-Sep-2023 10:12:13.813 INFORMAÇÕES [main] org.apache.catalina.startup.VersionLoggerListener.log Server built:          Jul 6 2023 14:43:48 UTC
01-Sep-2023 10:12:13.813 INFORMAÇÕES [main] org.apache.catalina.startup.VersionLoggerListener.log Server version number: 8.5.91.0
01-Sep-2023 10:12:13.813 INFORMAÇÕES [main] org.apache.catalina.startup.VersionLoggerListener.log OS Name:               Linux
01-Sep-2023 10:12:13.814 INFORMAÇÕES [main] org.apache.catalina.startup.VersionLoggerListener.log OS Version:            6.2.0-31-generic
01-Sep-2023 10:12:13.814 INFORMAÇÕES [main] org.apache.catalina.startup.VersionLoggerListener.log Architecture:          amd64
01-Sep-2023 10:12:13.814 INFORMAÇÕES [main] org.apache.catalina.startup.VersionLoggerListener.log Java Home:             /usr/lib/jvm/java-17-openjdk-amd64
01-Sep-2023 10:12:13.814 INFORMAÇÕES [main] org.apache.catalina.startup.VersionLoggerListener.log JVM Version:           17.0.8.1+1-Ubuntu-0ubuntu122.04
01-Sep-2023 10:12:13.814 INFORMAÇÕES [main] org.apache.catalina.startup.VersionLoggerListener.log JVM Vendor:            Private Build
01-Sep-2023 10:12:13.814 INFORMAÇÕES [main] org.apache.catalina.startup.VersionLoggerListener.log CATALINA_BASE:         /home/matheus/Documentos/Web-Servers/apache-tomcat-8.5.91
01-Sep-2023 10:12:13.814 INFORMAÇÕES [main] org.apache.catalina.startup.VersionLoggerListener.log CATALINA_HOME:         /home/matheus/Documentos/Web-Servers/apache-tomcat-8.5.91
01-Sep-2023 10:12:13.815 INFORMAÇÕES [main] org.apache.catalina.startup.VersionLoggerListener.log Command line argument: --add-opens=java.base/java.lang=ALL-UNNAMED
01-Sep-2023 10:12:13.815 INFORMAÇÕES [main] org.apache.catalina.startup.VersionLoggerListener.log Command line argument: --add-opens=java.base/java.io=ALL-UNNAMED
01-Sep-2023 10:12:13.815 INFORMAÇÕES [main] org.apache.catalina.startup.VersionLoggerListener.log Command line argument: --add-opens=java.base/java.util=ALL-UNNAMED
01-Sep-2023 10:12:13.815 INFORMAÇÕES [main] org.apache.catalina.startup.VersionLoggerListener.log Command line argument: --add-opens=java.base/java.util.concurrent=ALL-UNNAMED
01-Sep-2023 10:12:13.815 INFORMAÇÕES [main] org.apache.catalina.startup.VersionLoggerListener.log Command line argument: --add-opens=java.rmi/sun.rmi.transport=ALL-UNNAMED
01-Sep-2023 10:12:13.815 INFORMAÇÕES [main] org.apache.catalina.startup.VersionLoggerListener.log Command line argument: -Djava.util.logging.config.file=/home/matheus/Documentos/Web-Servers/apache-tomcat-8.5.91/conf/logging.properties
01-Sep-2023 10:12:13.815 INFORMAÇÕES [main] org.apache.catalina.startup.VersionLoggerListener.log Command line argument: -Djava.util.logging.manager=org.apache.juli.ClassLoaderLogManager
01-Sep-2023 10:12:13.815 INFORMAÇÕES [main] org.apache.catalina.startup.VersionLoggerListener.log Command line argument: -Dhttp.nonProxyHosts=localhost|127.0.0.1|matheus-ubuntu
01-Sep-2023 10:12:13.815 INFORMAÇÕES [main] org.apache.catalina.startup.VersionLoggerListener.log Command line argument: -Djdk.tls.ephemeralDHKeySize=2048
01-Sep-2023 10:12:13.815 INFORMAÇÕES [main] org.apache.catalina.startup.VersionLoggerListener.log Command line argument: -Djava.protocol.handler.pkgs=org.apache.catalina.webresources
01-Sep-2023 10:12:13.815 INFORMAÇÕES [main] org.apache.catalina.startup.VersionLoggerListener.log Command line argument: -Dorg.apache.catalina.security.SecurityListener.UMASK=0027
01-Sep-2023 10:12:13.815 INFORMAÇÕES [main] org.apache.catalina.startup.VersionLoggerListener.log Command line argument: -Dignore.endorsed.dirs=
01-Sep-2023 10:12:13.815 INFORMAÇÕES [main] org.apache.catalina.startup.VersionLoggerListener.log Command line argument: -Dcatalina.base=/home/matheus/Documentos/Web-Servers/apache-tomcat-8.5.91
01-Sep-2023 10:12:13.815 INFORMAÇÕES [main] org.apache.catalina.startup.VersionLoggerListener.log Command line argument: -Dcatalina.home=/home/matheus/Documentos/Web-Servers/apache-tomcat-8.5.91
01-Sep-2023 10:12:13.816 INFORMAÇÕES [main] org.apache.catalina.startup.VersionLoggerListener.log Command line argument: -Djava.io.tmpdir=/home/matheus/Documentos/Web-Servers/apache-tomcat-8.5.91/temp
01-Sep-2023 10:12:13.816 INFORMAÇÕES [main] org.apache.catalina.core.AprLifecycleListener.lifecycleEvent The Apache Tomcat Native library which allows using OpenSSL was not found on the java.library.path: [/usr/java/packages/lib:/usr/lib/x86_64-linux-gnu/jni:/lib/x86_64-linux-gnu:/usr/lib/x86_64-linux-gnu:/usr/lib/jni:/lib:/usr/lib]
01-Sep-2023 10:12:14.543 INFORMAÇÕES [main] org.apache.coyote.AbstractProtocol.init Initializing ProtocolHandler ["http-nio-8080"]
01-Sep-2023 10:12:14.935 INFORMAÇÕES [main] org.apache.catalina.startup.Catalina.load Initialization processed in 3083 ms
01-Sep-2023 10:12:15.513 INFORMAÇÕES [main] org.apache.catalina.core.StandardService.startInternal Starting service [Catalina]
01-Sep-2023 10:12:15.514 INFORMAÇÕES [main] org.apache.catalina.core.StandardEngine.startInternal Starting Servlet engine: [Apache Tomcat/8.5.91]
01-Sep-2023 10:12:15.535 INFORMAÇÕES [localhost-startStop-1] org.apache.catalina.startup.HostConfig.deployDescriptor Deploying deployment descriptor [/home/matheus/Documentos/Web-Servers/apache-tomcat-8.5.91/conf/Catalina/localhost/translate.xml]
01-Sep-2023 10:12:21.659 INFORMAÇÕES [localhost-startStop-1] org.apache.catalina.startup.HostConfig.deployDescriptor Deployment of deployment descriptor [/home/matheus/Documentos/Web-Servers/apache-tomcat-8.5.91/conf/Catalina/localhost/translate.xml] has finished in [6,123] ms
01-Sep-2023 10:12:21.660 INFORMAÇÕES [localhost-startStop-1] org.apache.catalina.startup.HostConfig.deployDescriptor Deploying deployment descriptor [/home/matheus/Documentos/Web-Servers/apache-tomcat-8.5.91/conf/Catalina/localhost/webapp.xml]
01-Sep-2023 10:12:22.415 INFORMAÇÕES [localhost-startStop-1] org.apache.jasper.servlet.TldScanner.scanJars At least one JAR was scanned for TLDs yet contained no TLDs. Enable debug logging for this logger for a complete list of JARs that were scanned but no TLDs were found in them. Skipping unneeded JARs during scanning can improve startup time and JSP compilation time.
01-Sep-2023 10:12:22.420 INFORMAÇÕES [localhost-startStop-1] org.apache.catalina.startup.HostConfig.deployDescriptor Deployment of deployment descriptor [/home/matheus/Documentos/Web-Servers/apache-tomcat-8.5.91/conf/Catalina/localhost/webapp.xml] has finished in [761] ms
01-Sep-2023 10:12:22.420 INFORMAÇÕES [localhost-startStop-1] org.apache.catalina.startup.HostConfig.deployDescriptor Deploying deployment descriptor [/home/matheus/Documentos/Web-Servers/apache-tomcat-8.5.91/conf/Catalina/localhost/studies.xml]
01-Sep-2023 10:12:22.846 INFORMAÇÕES [localhost-startStop-1] org.apache.catalina.startup.HostConfig.deployDescriptor Deployment of deployment descriptor [/home/matheus/Documentos/Web-Servers/apache-tomcat-8.5.91/conf/Catalina/localhost/studies.xml] has finished in [426] ms
01-Sep-2023 10:12:22.847 INFORMAÇÕES [localhost-startStop-1] org.apache.catalina.startup.HostConfig.deployDirectory Deploying web application directory [/home/matheus/Documentos/Web-Servers/apache-tomcat-8.5.91/webapps/host-manager]
01-Sep-2023 10:12:23.368 INFORMAÇÕES [localhost-startStop-1] org.apache.catalina.startup.HostConfig.deployDirectory Deployment of web application directory [/home/matheus/Documentos/Web-Servers/apache-tomcat-8.5.91/webapps/host-manager] has finished in [521] ms
01-Sep-2023 10:12:23.368 INFORMAÇÕES [localhost-startStop-1] org.apache.catalina.startup.HostConfig.deployDirectory Deploying web application directory [/home/matheus/Documentos/Web-Servers/apache-tomcat-8.5.91/webapps/examples]
01-Sep-2023 10:12:27.222 INFORMAÇÕES [localhost-startStop-1] org.apache.catalina.startup.HostConfig.deployDirectory Deployment of web application directory [/home/matheus/Documentos/Web-Servers/apache-tomcat-8.5.91/webapps/examples] has finished in [3,854] ms
01-Sep-2023 10:12:27.223 INFORMAÇÕES [localhost-startStop-1] org.apache.catalina.startup.HostConfig.deployDirectory Deploying web application directory [/home/matheus/Documentos/Web-Servers/apache-tomcat-8.5.91/webapps/manager]
01-Sep-2023 10:12:27.370 INFORMAÇÕES [localhost-startStop-1] org.apache.catalina.startup.HostConfig.deployDirectory Deployment of web application directory [/home/matheus/Documentos/Web-Servers/apache-tomcat-8.5.91/webapps/manager] has finished in [147] ms
01-Sep-2023 10:12:27.370 INFORMAÇÕES [localhost-startStop-1] org.apache.catalina.startup.HostConfig.deployDirectory Deploying web application directory [/home/matheus/Documentos/Web-Servers/apache-tomcat-8.5.91/webapps/ROOT]
01-Sep-2023 10:12:27.407 INFORMAÇÕES [localhost-startStop-1] org.apache.catalina.startup.HostConfig.deployDirectory Deployment of web application directory [/home/matheus/Documentos/Web-Servers/apache-tomcat-8.5.91/webapps/ROOT] has finished in [37] ms
01-Sep-2023 10:12:27.407 INFORMAÇÕES [localhost-startStop-1] org.apache.catalina.startup.HostConfig.deployDirectory Deploying web application directory [/home/matheus/Documentos/Web-Servers/apache-tomcat-8.5.91/webapps/docs]
01-Sep-2023 10:12:27.471 INFORMAÇÕES [localhost-startStop-1] org.apache.catalina.startup.HostConfig.deployDirectory Deployment of web application directory [/home/matheus/Documentos/Web-Servers/apache-tomcat-8.5.91/webapps/docs] has finished in [64] ms
01-Sep-2023 10:12:27.473 INFORMAÇÕES [main] org.apache.coyote.AbstractProtocol.start Starting ProtocolHandler ["http-nio-8080"]
01-Sep-2023 10:12:27.956 INFORMAÇÕES [main] org.apache.catalina.startup.Catalina.start Server startup in 13020 ms
01-Sep-2023 10:12:53.797 INFORMAÇÕES [http-nio-8080-exec-1] org.apache.jasper.servlet.TldScanner.scanJars At least one JAR was scanned for TLDs yet contained no TLDs. Enable debug logging for this logger for a complete list of JARs that were scanned but no TLDs were found in them. Skipping unneeded JARs during scanning can improve startup time and JSP compilation time.
01-Sep-2023 10:14:19.401 INFORMAÇÕES [http-nio-8080-exec-12] org.apache.catalina.core.StandardContext.reload Reloading Context with name [/webapp] has started
01-Sep-2023 10:14:19.906 INFORMAÇÕES [http-nio-8080-exec-12] org.apache.jasper.servlet.TldScanner.scanJars At least one JAR was scanned for TLDs yet contained no TLDs. Enable debug logging for this logger for a complete list of JARs that were scanned but no TLDs were found in them. Skipping unneeded JARs during scanning can improve startup time and JSP compilation time.
01-Sep-2023 10:14:19.911 INFORMAÇÕES [http-nio-8080-exec-12] org.apache.catalina.core.StandardContext.reload Reloading Context with name [/webapp] is completed
01-Sep-2023 10:14:23.522 INFORMAÇÕES [http-nio-8080-exec-14] org.apache.catalina.core.StandardContext.reload Reloading Context with name [/webapp] has started
01-Sep-2023 10:14:23.924 INFORMAÇÕES [http-nio-8080-exec-14] org.apache.jasper.servlet.TldScanner.scanJars At least one JAR was scanned for TLDs yet contained no TLDs. Enable debug logging for this logger for a complete list of JARs that were scanned but no TLDs were found in them. Skipping unneeded JARs during scanning can improve startup time and JSP compilation time.
01-Sep-2023 10:14:23.932 INFORMAÇÕES [http-nio-8080-exec-14] org.apache.catalina.core.StandardContext.reload Reloading Context with name [/webapp] is completed
01-Sep-2023 10:14:27.443 INFORMAÇÕES [http-nio-8080-exec-20] org.apache.catalina.core.StandardContext.reload Reloading Context with name [/webapp] has started
01-Sep-2023 10:14:27.916 INFORMAÇÕES [http-nio-8080-exec-20] org.apache.jasper.servlet.TldScanner.scanJars At least one JAR was scanned for TLDs yet contained no TLDs. Enable debug logging for this logger for a complete list of JARs that were scanned but no TLDs were found in them. Skipping unneeded JARs during scanning can improve startup time and JSP compilation time.
01-Sep-2023 10:14:27.920 INFORMAÇÕES [http-nio-8080-exec-20] org.apache.catalina.core.StandardContext.reload Reloading Context with name [/webapp] is completed
01-Sep-2023 10:21:45.743 INFORMAÇÕES [http-nio-8080-exec-23] org.apache.catalina.core.StandardContext.reload Reloading Context with name [/webapp] has started
01-Sep-2023 10:21:46.118 INFORMAÇÕES [http-nio-8080-exec-23] org.apache.jasper.servlet.TldScanner.scanJars At least one JAR was scanned for TLDs yet contained no TLDs. Enable debug logging for this logger for a complete list of JARs that were scanned but no TLDs were found in them. Skipping unneeded JARs during scanning can improve startup time and JSP compilation time.
01-Sep-2023 10:21:46.122 INFORMAÇÕES [http-nio-8080-exec-23] org.apache.catalina.core.StandardContext.reload Reloading Context with name [/webapp] is completed
01-Sep-2023 10:22:59.752 INFORMAÇÕES [http-nio-8080-exec-30] org.apache.catalina.core.StandardContext.reload Reloading Context with name [/webapp] has started
01-Sep-2023 10:23:00.102 INFORMAÇÕES [http-nio-8080-exec-30] org.apache.jasper.servlet.TldScanner.scanJars At least one JAR was scanned for TLDs yet contained no TLDs. Enable debug logging for this logger for a complete list of JARs that were scanned but no TLDs were found in them. Skipping unneeded JARs during scanning can improve startup time and JSP compilation time.
01-Sep-2023 10:23:00.106 INFORMAÇÕES [http-nio-8080-exec-30] org.apache.catalina.core.StandardContext.reload Reloading Context with name [/webapp] is completed
01-Sep-2023 10:23:28.448 INFORMAÇÕES [http-nio-8080-exec-24] org.apache.catalina.core.StandardContext.reload Reloading Context with name [/webapp] has started
01-Sep-2023 10:23:28.822 INFORMAÇÕES [http-nio-8080-exec-24] org.apache.jasper.servlet.TldScanner.scanJars At least one JAR was scanned for TLDs yet contained no TLDs. Enable debug logging for this logger for a complete list of JARs that were scanned but no TLDs were found in them. Skipping unneeded JARs during scanning can improve startup time and JSP compilation time.
01-Sep-2023 10:23:28.825 INFORMAÇÕES [http-nio-8080-exec-24] org.apache.catalina.core.StandardContext.reload Reloading Context with name [/webapp] is completed
01-Sep-2023 10:23:31.439 INFORMAÇÕES [http-nio-8080-exec-30] org.apache.catalina.core.StandardContext.reload Reloading Context with name [/webapp] has started
01-Sep-2023 10:23:31.807 INFORMAÇÕES [http-nio-8080-exec-30] org.apache.jasper.servlet.TldScanner.scanJars At least one JAR was scanned for TLDs yet contained no TLDs. Enable debug logging for this logger for a complete list of JARs that were scanned but no TLDs were found in them. Skipping unneeded JARs during scanning can improve startup time and JSP compilation time.
01-Sep-2023 10:23:31.812 INFORMAÇÕES [http-nio-8080-exec-30] org.apache.catalina.core.StandardContext.reload Reloading Context with name [/webapp] is completed
01-Sep-2023 10:23:35.376 INFORMAÇÕES [http-nio-8080-exec-31] org.apache.catalina.core.StandardContext.reload Reloading Context with name [/webapp] has started
01-Sep-2023 10:23:35.709 INFORMAÇÕES [http-nio-8080-exec-31] org.apache.jasper.servlet.TldScanner.scanJars At least one JAR was scanned for TLDs yet contained no TLDs. Enable debug logging for this logger for a complete list of JARs that were scanned but no TLDs were found in them. Skipping unneeded JARs during scanning can improve startup time and JSP compilation time.
01-Sep-2023 10:23:35.712 INFORMAÇÕES [http-nio-8080-exec-31] org.apache.catalina.core.StandardContext.reload Reloading Context with name [/webapp] is completed
01-Sep-2023 10:25:24.781 INFORMAÇÕES [http-nio-8080-exec-23] org.apache.catalina.core.StandardContext.reload Reloading Context with name [/webapp] has started
01-Sep-2023 10:25:25.113 INFORMAÇÕES [http-nio-8080-exec-23] org.apache.jasper.servlet.TldScanner.scanJars At least one JAR was scanned for TLDs yet contained no TLDs. Enable debug logging for this logger for a complete list of JARs that were scanned but no TLDs were found in them. Skipping unneeded JARs during scanning can improve startup time and JSP compilation time.
01-Sep-2023 10:25:25.116 INFORMAÇÕES [http-nio-8080-exec-23] org.apache.catalina.core.StandardContext.reload Reloading Context with name [/webapp] is completed
01-Sep-2023 10:28:26.176 INFORMAÇÕES [http-nio-8080-exec-30] org.apache.catalina.core.StandardContext.reload Reloading Context with name [/webapp] has started
01-Sep-2023 10:28:26.560 INFORMAÇÕES [http-nio-8080-exec-30] org.apache.jasper.servlet.TldScanner.scanJars At least one JAR was scanned for TLDs yet contained no TLDs. Enable debug logging for this logger for a complete list of JARs that were scanned but no TLDs were found in them. Skipping unneeded JARs during scanning can improve startup time and JSP compilation time.
01-Sep-2023 10:28:26.564 INFORMAÇÕES [http-nio-8080-exec-30] org.apache.catalina.core.StandardContext.reload Reloading Context with name [/webapp] is completed
01-Sep-2023 10:28:36.375 INFORMAÇÕES [http-nio-8080-exec-26] org.apache.catalina.core.StandardContext.reload Reloading Context with name [/webapp] has started
01-Sep-2023 10:28:36.700 INFORMAÇÕES [http-nio-8080-exec-26] org.apache.jasper.servlet.TldScanner.scanJars At least one JAR was scanned for TLDs yet contained no TLDs. Enable debug logging for this logger for a complete list of JARs that were scanned but no TLDs were found in them. Skipping unneeded JARs during scanning can improve startup time and JSP compilation time.
01-Sep-2023 10:28:36.704 INFORMAÇÕES [http-nio-8080-exec-26] org.apache.catalina.core.StandardContext.reload Reloading Context with name [/webapp] is completed
01-Sep-2023 10:29:29.247 INFORMAÇÕES [http-nio-8080-exec-35] org.apache.catalina.core.StandardContext.reload Reloading Context with name [/webapp] has started
01-Sep-2023 10:29:29.576 INFORMAÇÕES [http-nio-8080-exec-35] org.apache.jasper.servlet.TldScanner.scanJars At least one JAR was scanned for TLDs yet contained no TLDs. Enable debug logging for this logger for a complete list of JARs that were scanned but no TLDs were found in them. Skipping unneeded JARs during scanning can improve startup time and JSP compilation time.
01-Sep-2023 10:29:29.579 INFORMAÇÕES [http-nio-8080-exec-35] org.apache.catalina.core.StandardContext.reload Reloading Context with name [/webapp] is completed
01-Sep-2023 10:30:57.715 INFORMAÇÕES [http-nio-8080-exec-39] org.apache.catalina.core.StandardContext.reload Reloading Context with name [/webapp] has started
01-Sep-2023 10:30:58.044 INFORMAÇÕES [http-nio-8080-exec-39] org.apache.jasper.servlet.TldScanner.scanJars At least one JAR was scanned for TLDs yet contained no TLDs. Enable debug logging for this logger for a complete list of JARs that were scanned but no TLDs were found in them. Skipping unneeded JARs during scanning can improve startup time and JSP compilation time.
01-Sep-2023 10:30:58.047 INFORMAÇÕES [http-nio-8080-exec-39] org.apache.catalina.core.StandardContext.reload Reloading Context with name [/webapp] is completed
01-Sep-2023 10:32:39.300 INFORMAÇÕES [http-nio-8080-exec-42] org.apache.catalina.core.StandardContext.reload Reloading Context with name [/webapp] has started
01-Sep-2023 10:32:39.640 INFORMAÇÕES [http-nio-8080-exec-42] org.apache.jasper.servlet.TldScanner.scanJars At least one JAR was scanned for TLDs yet contained no TLDs. Enable debug logging for this logger for a complete list of JARs that were scanned but no TLDs were found in them. Skipping unneeded JARs during scanning can improve startup time and JSP compilation time.
01-Sep-2023 10:32:39.644 INFORMAÇÕES [http-nio-8080-exec-42] org.apache.catalina.core.StandardContext.reload Reloading Context with name [/webapp] is completed
01-Sep-2023 10:33:36.226 INFORMAÇÕES [http-nio-8080-exec-43] org.apache.catalina.core.StandardContext.reload Reloading Context with name [/webapp] has started
01-Sep-2023 10:33:36.569 INFORMAÇÕES [http-nio-8080-exec-43] org.apache.jasper.servlet.TldScanner.scanJars At least one JAR was scanned for TLDs yet contained no TLDs. Enable debug logging for this logger for a complete list of JARs that were scanned but no TLDs were found in them. Skipping unneeded JARs during scanning can improve startup time and JSP compilation time.
01-Sep-2023 10:33:36.572 INFORMAÇÕES [http-nio-8080-exec-43] org.apache.catalina.core.StandardContext.reload Reloading Context with name [/webapp] is completed
01-Sep-2023 10:34:04.236 INFORMAÇÕES [http-nio-8080-exec-30] org.apache.catalina.core.StandardContext.reload Reloading Context with name [/webapp] has started
01-Sep-2023 10:34:04.578 INFORMAÇÕES [http-nio-8080-exec-30] org.apache.jasper.servlet.TldScanner.scanJars At least one JAR was scanned for TLDs yet contained no TLDs. Enable debug logging for this logger for a complete list of JARs that were scanned but no TLDs were found in them. Skipping unneeded JARs during scanning can improve startup time and JSP compilation time.
01-Sep-2023 10:34:04.582 INFORMAÇÕES [http-nio-8080-exec-30] org.apache.catalina.core.StandardContext.reload Reloading Context with name [/webapp] is completed
01-Sep-2023 10:34:12.169 INFORMAÇÕES [http-nio-8080-exec-48] org.apache.catalina.core.StandardContext.reload Reloading Context with name [/webapp] has started
01-Sep-2023 10:34:12.503 INFORMAÇÕES [http-nio-8080-exec-48] org.apache.jasper.servlet.TldScanner.scanJars At least one JAR was scanned for TLDs yet contained no TLDs. Enable debug logging for this logger for a complete list of JARs that were scanned but no TLDs were found in them. Skipping unneeded JARs during scanning can improve startup time and JSP compilation time.
01-Sep-2023 10:34:12.507 INFORMAÇÕES [http-nio-8080-exec-48] org.apache.catalina.core.StandardContext.reload Reloading Context with name [/webapp] is completed
01-Sep-2023 10:37:38.656 INFORMAÇÕES [http-nio-8080-exec-53] org.apache.catalina.startup.HostConfig.undeploy Undeploying context [/webapp]
01-Sep-2023 10:37:38.672 INFORMAÇÕES [http-nio-8080-exec-51] org.apache.catalina.startup.HostConfig.deployDescriptor Deploying deployment descriptor [/home/matheus/Documentos/Web-Servers/apache-tomcat-8.5.91/conf/Catalina/localhost/webapp.xml]
01-Sep-2023 10:37:39.010 INFORMAÇÕES [http-nio-8080-exec-51] org.apache.jasper.servlet.TldScanner.scanJars At least one JAR was scanned for TLDs yet contained no TLDs. Enable debug logging for this logger for a complete list of JARs that were scanned but no TLDs were found in them. Skipping unneeded JARs during scanning can improve startup time and JSP compilation time.
01-Sep-2023 10:37:39.057 INFORMAÇÕES [http-nio-8080-exec-51] org.apache.catalina.startup.HostConfig.deployDescriptor Deployment of deployment descriptor [/home/matheus/Documentos/Web-Servers/apache-tomcat-8.5.91/conf/Catalina/localhost/webapp.xml] has finished in [385] ms
01-Sep-2023 10:37:39.061 INFORMAÇÕES [http-nio-8080-exec-57] org.apache.catalina.util.LifecycleBase.start The start() method was called on component [StandardEngine[Catalina].StandardHost[localhost].StandardContext[/webapp]] after start() had already been called. The second call will be ignored.
01-Sep-2023 10:39:39.510 INFORMAÇÕES [http-nio-8080-exec-66] org.apache.catalina.core.StandardContext.reload Reloading Context with name [/webapp] has started
01-Sep-2023 10:39:39.883 INFORMAÇÕES [http-nio-8080-exec-66] org.apache.jasper.servlet.TldScanner.scanJars At least one JAR was scanned for TLDs yet contained no TLDs. Enable debug logging for this logger for a complete list of JARs that were scanned but no TLDs were found in them. Skipping unneeded JARs during scanning can improve startup time and JSP compilation time.
01-Sep-2023 10:39:39.887 INFORMAÇÕES [http-nio-8080-exec-66] org.apache.catalina.core.StandardContext.reload Reloading Context with name [/webapp] is completed
01-Sep-2023 10:39:42.418 INFORMAÇÕES [http-nio-8080-exec-65] org.apache.catalina.core.StandardContext.reload Reloading Context with name [/webapp] has started
01-Sep-2023 10:39:42.747 INFORMAÇÕES [http-nio-8080-exec-65] org.apache.jasper.servlet.TldScanner.scanJars At least one JAR was scanned for TLDs yet contained no TLDs. Enable debug logging for this logger for a complete list of JARs that were scanned but no TLDs were found in them. Skipping unneeded JARs during scanning can improve startup time and JSP compilation time.
01-Sep-2023 10:39:42.749 INFORMAÇÕES [http-nio-8080-exec-65] org.apache.catalina.core.StandardContext.reload Reloading Context with name [/webapp] is completed
01-Sep-2023 10:39:58.174 INFORMAÇÕES [http-nio-8080-exec-60] org.apache.catalina.core.StandardContext.reload Reloading Context with name [/webapp] has started
01-Sep-2023 10:39:58.535 INFORMAÇÕES [http-nio-8080-exec-60] org.apache.jasper.servlet.TldScanner.scanJars At least one JAR was scanned for TLDs yet contained no TLDs. Enable debug logging for this logger for a complete list of JARs that were scanned but no TLDs were found in them. Skipping unneeded JARs during scanning can improve startup time and JSP compilation time.
01-Sep-2023 10:39:58.538 INFORMAÇÕES [http-nio-8080-exec-60] org.apache.catalina.core.StandardContext.reload Reloading Context with name [/webapp] is completed
01-Sep-2023 10:40:01.643 INFORMAÇÕES [http-nio-8080-exec-67] org.apache.catalina.core.StandardContext.reload Reloading Context with name [/webapp] has started
01-Sep-2023 10:40:01.998 INFORMAÇÕES [http-nio-8080-exec-67] org.apache.jasper.servlet.TldScanner.scanJars At least one JAR was scanned for TLDs yet contained no TLDs. Enable debug logging for this logger for a complete list of JARs that were scanned but no TLDs were found in them. Skipping unneeded JARs during scanning can improve startup time and JSP compilation time.
01-Sep-2023 10:40:02.002 INFORMAÇÕES [http-nio-8080-exec-67] org.apache.catalina.core.StandardContext.reload Reloading Context with name [/webapp] is completed
01-Sep-2023 10:40:17.843 INFORMAÇÕES [http-nio-8080-exec-70] org.apache.catalina.core.StandardContext.reload Reloading Context with name [/webapp] has started
01-Sep-2023 10:40:18.296 INFORMAÇÕES [http-nio-8080-exec-70] org.apache.jasper.servlet.TldScanner.scanJars At least one JAR was scanned for TLDs yet contained no TLDs. Enable debug logging for this logger for a complete list of JARs that were scanned but no TLDs were found in them. Skipping unneeded JARs during scanning can improve startup time and JSP compilation time.
01-Sep-2023 10:40:18.299 INFORMAÇÕES [http-nio-8080-exec-70] org.apache.catalina.core.StandardContext.reload Reloading Context with name [/webapp] is completed
01-Sep-2023 10:40:21.499 INFORMAÇÕES [http-nio-8080-exec-71] org.apache.catalina.core.StandardContext.reload Reloading Context with name [/webapp] has started
01-Sep-2023 10:40:21.939 INFORMAÇÕES [http-nio-8080-exec-71] org.apache.jasper.servlet.TldScanner.scanJars At least one JAR was scanned for TLDs yet contained no TLDs. Enable debug logging for this logger for a complete list of JARs that were scanned but no TLDs were found in them. Skipping unneeded JARs during scanning can improve startup time and JSP compilation time.
01-Sep-2023 10:40:21.943 INFORMAÇÕES [http-nio-8080-exec-71] org.apache.catalina.core.StandardContext.reload Reloading Context with name [/webapp] is completed
01-Sep-2023 10:40:24.228 INFORMAÇÕES [http-nio-8080-exec-65] org.apache.catalina.core.StandardContext.reload Reloading Context with name [/webapp] has started
01-Sep-2023 10:40:24.547 INFORMAÇÕES [http-nio-8080-exec-65] org.apache.jasper.servlet.TldScanner.scanJars At least one JAR was scanned for TLDs yet contained no TLDs. Enable debug logging for this logger for a complete list of JARs that were scanned but no TLDs were found in them. Skipping unneeded JARs during scanning can improve startup time and JSP compilation time.
01-Sep-2023 10:40:24.549 INFORMAÇÕES [http-nio-8080-exec-65] org.apache.catalina.core.StandardContext.reload Reloading Context with name [/webapp] is completed
01-Sep-2023 10:41:18.512 INFORMAÇÕES [http-nio-8080-exec-63] org.apache.catalina.core.StandardContext.reload Reloading Context with name [/webapp] has started
01-Sep-2023 10:41:18.848 INFORMAÇÕES [http-nio-8080-exec-63] org.apache.jasper.servlet.TldScanner.scanJars At least one JAR was scanned for TLDs yet contained no TLDs. Enable debug logging for this logger for a complete list of JARs that were scanned but no TLDs were found in them. Skipping unneeded JARs during scanning can improve startup time and JSP compilation time.
01-Sep-2023 10:41:18.851 INFORMAÇÕES [http-nio-8080-exec-63] org.apache.catalina.core.StandardContext.reload Reloading Context with name [/webapp] is completed
01-Sep-2023 10:41:56.475 INFORMAÇÕES [http-nio-8080-exec-75] org.apache.catalina.core.StandardContext.reload Reloading Context with name [/webapp] has started
01-Sep-2023 10:41:56.798 INFORMAÇÕES [http-nio-8080-exec-75] org.apache.jasper.servlet.TldScanner.scanJars At least one JAR was scanned for TLDs yet contained no TLDs. Enable debug logging for this logger for a complete list of JARs that were scanned but no TLDs were found in them. Skipping unneeded JARs during scanning can improve startup time and JSP compilation time.
01-Sep-2023 10:41:56.801 INFORMAÇÕES [http-nio-8080-exec-75] org.apache.catalina.core.StandardContext.reload Reloading Context with name [/webapp] is completed
01-Sep-2023 10:41:59.366 INFORMAÇÕES [http-nio-8080-exec-80] org.apache.catalina.core.StandardContext.reload Reloading Context with name [/webapp] has started
01-Sep-2023 10:41:59.688 INFORMAÇÕES [http-nio-8080-exec-80] org.apache.jasper.servlet.TldScanner.scanJars At least one JAR was scanned for TLDs yet contained no TLDs. Enable debug logging for this logger for a complete list of JARs that were scanned but no TLDs were found in them. Skipping unneeded JARs during scanning can improve startup time and JSP compilation time.
01-Sep-2023 10:41:59.691 INFORMAÇÕES [http-nio-8080-exec-80] org.apache.catalina.core.StandardContext.reload Reloading Context with name [/webapp] is completed
01-Sep-2023 10:42:09.092 INFORMAÇÕES [http-nio-8080-exec-75] org.apache.catalina.core.StandardContext.reload Reloading Context with name [/webapp] has started
01-Sep-2023 10:42:09.410 INFORMAÇÕES [http-nio-8080-exec-75] org.apache.jasper.servlet.TldScanner.scanJars At least one JAR was scanned for TLDs yet contained no TLDs. Enable debug logging for this logger for a complete list of JARs that were scanned but no TLDs were found in them. Skipping unneeded JARs during scanning can improve startup time and JSP compilation time.
01-Sep-2023 10:42:09.413 INFORMAÇÕES [http-nio-8080-exec-75] org.apache.catalina.core.StandardContext.reload Reloading Context with name [/webapp] is completed
01-Sep-2023 10:42:41.633 INFORMAÇÕES [http-nio-8080-exec-80] org.apache.catalina.core.StandardContext.reload Reloading Context with name [/webapp] has started
01-Sep-2023 10:42:41.946 INFORMAÇÕES [http-nio-8080-exec-80] org.apache.jasper.servlet.TldScanner.scanJars At least one JAR was scanned for TLDs yet contained no TLDs. Enable debug logging for this logger for a complete list of JARs that were scanned but no TLDs were found in them. Skipping unneeded JARs during scanning can improve startup time and JSP compilation time.
01-Sep-2023 10:42:41.950 INFORMAÇÕES [http-nio-8080-exec-80] org.apache.catalina.core.StandardContext.reload Reloading Context with name [/webapp] is completed
01-Sep-2023 10:44:08.269 INFORMAÇÕES [http-nio-8080-exec-84] org.apache.catalina.core.StandardContext.reload Reloading Context with name [/webapp] has started
01-Sep-2023 10:44:08.668 INFORMAÇÕES [http-nio-8080-exec-84] org.apache.jasper.servlet.TldScanner.scanJars At least one JAR was scanned for TLDs yet contained no TLDs. Enable debug logging for this logger for a complete list of JARs that were scanned but no TLDs were found in them. Skipping unneeded JARs during scanning can improve startup time and JSP compilation time.
01-Sep-2023 10:44:08.673 INFORMAÇÕES [http-nio-8080-exec-84] org.apache.catalina.core.StandardContext.reload Reloading Context with name [/webapp] is completed
01-Sep-2023 10:44:21.645 INFORMAÇÕES [http-nio-8080-exec-87] org.apache.catalina.startup.HostConfig.undeploy Undeploying context [/webapp]
01-Sep-2023 10:44:21.657 INFORMAÇÕES [http-nio-8080-exec-76] org.apache.catalina.startup.HostConfig.deployDescriptor Deploying deployment descriptor [/home/matheus/Documentos/Web-Servers/apache-tomcat-8.5.91/conf/Catalina/localhost/webapp.xml]
01-Sep-2023 10:44:21.983 INFORMAÇÕES [http-nio-8080-exec-76] org.apache.jasper.servlet.TldScanner.scanJars At least one JAR was scanned for TLDs yet contained no TLDs. Enable debug logging for this logger for a complete list of JARs that were scanned but no TLDs were found in them. Skipping unneeded JARs during scanning can improve startup time and JSP compilation time.
01-Sep-2023 10:44:22.018 INFORMAÇÕES [http-nio-8080-exec-76] org.apache.catalina.startup.HostConfig.deployDescriptor Deployment of deployment descriptor [/home/matheus/Documentos/Web-Servers/apache-tomcat-8.5.91/conf/Catalina/localhost/webapp.xml] has finished in [361] ms
01-Sep-2023 10:44:22.021 INFORMAÇÕES [http-nio-8080-exec-65] org.apache.catalina.util.LifecycleBase.start The start() method was called on component [StandardEngine[Catalina].StandardHost[localhost].StandardContext[/webapp]] after start() had already been called. The second call will be ignored.
01-Sep-2023 10:46:10.096 INFORMAÇÕES [http-nio-8080-exec-96] org.apache.catalina.core.StandardContext.reload Reloading Context with name [/webapp] has started
01-Sep-2023 10:46:10.432 INFORMAÇÕES [http-nio-8080-exec-96] org.apache.jasper.servlet.TldScanner.scanJars At least one JAR was scanned for TLDs yet contained no TLDs. Enable debug logging for this logger for a complete list of JARs that were scanned but no TLDs were found in them. Skipping unneeded JARs during scanning can improve startup time and JSP compilation time.
01-Sep-2023 10:46:10.435 INFORMAÇÕES [http-nio-8080-exec-96] org.apache.catalina.core.StandardContext.reload Reloading Context with name [/webapp] is completed
01-Sep-2023 10:46:17.176 INFORMAÇÕES [http-nio-8080-exec-94] org.apache.catalina.core.StandardContext.reload Reloading Context with name [/webapp] has started
01-Sep-2023 10:46:17.494 INFORMAÇÕES [http-nio-8080-exec-94] org.apache.jasper.servlet.TldScanner.scanJars At least one JAR was scanned for TLDs yet contained no TLDs. Enable debug logging for this logger for a complete list of JARs that were scanned but no TLDs were found in them. Skipping unneeded JARs during scanning can improve startup time and JSP compilation time.
01-Sep-2023 10:46:17.497 INFORMAÇÕES [http-nio-8080-exec-94] org.apache.catalina.core.StandardContext.reload Reloading Context with name [/webapp] is completed
01-Sep-2023 10:46:23.057 INFORMAÇÕES [http-nio-8080-exec-90] org.apache.catalina.core.StandardContext.reload Reloading Context with name [/webapp] has started
01-Sep-2023 10:46:23.381 INFORMAÇÕES [http-nio-8080-exec-90] org.apache.jasper.servlet.TldScanner.scanJars At least one JAR was scanned for TLDs yet contained no TLDs. Enable debug logging for this logger for a complete list of JARs that were scanned but no TLDs were found in them. Skipping unneeded JARs during scanning can improve startup time and JSP compilation time.
01-Sep-2023 10:46:23.385 INFORMAÇÕES [http-nio-8080-exec-90] org.apache.catalina.core.StandardContext.reload Reloading Context with name [/webapp] is completed
01-Sep-2023 10:46:39.368 INFORMAÇÕES [http-nio-8080-exec-95] org.apache.catalina.core.StandardContext.reload Reloading Context with name [/webapp] has started
01-Sep-2023 10:46:39.696 INFORMAÇÕES [http-nio-8080-exec-95] org.apache.jasper.servlet.TldScanner.scanJars At least one JAR was scanned for TLDs yet contained no TLDs. Enable debug logging for this logger for a complete list of JARs that were scanned but no TLDs were found in them. Skipping unneeded JARs during scanning can improve startup time and JSP compilation time.
01-Sep-2023 10:46:39.699 INFORMAÇÕES [http-nio-8080-exec-95] org.apache.catalina.core.StandardContext.reload Reloading Context with name [/webapp] is completed
01-Sep-2023 10:46:59.616 INFORMAÇÕES [http-nio-8080-exec-90] org.apache.catalina.core.StandardContext.reload Reloading Context with name [/webapp] has started
01-Sep-2023 10:46:59.935 INFORMAÇÕES [http-nio-8080-exec-90] org.apache.jasper.servlet.TldScanner.scanJars At least one JAR was scanned for TLDs yet contained no TLDs. Enable debug logging for this logger for a complete list of JARs that were scanned but no TLDs were found in them. Skipping unneeded JARs during scanning can improve startup time and JSP compilation time.
01-Sep-2023 10:46:59.938 INFORMAÇÕES [http-nio-8080-exec-90] org.apache.catalina.core.StandardContext.reload Reloading Context with name [/webapp] is completed
01-Sep-2023 10:47:18.862 INFORMAÇÕES [http-nio-8080-exec-103] org.apache.catalina.core.StandardContext.reload Reloading Context with name [/webapp] has started
01-Sep-2023 10:47:19.192 INFORMAÇÕES [http-nio-8080-exec-103] org.apache.jasper.servlet.TldScanner.scanJars At least one JAR was scanned for TLDs yet contained no TLDs. Enable debug logging for this logger for a complete list of JARs that were scanned but no TLDs were found in them. Skipping unneeded JARs during scanning can improve startup time and JSP compilation time.
01-Sep-2023 10:47:19.194 INFORMAÇÕES [http-nio-8080-exec-103] org.apache.catalina.core.StandardContext.reload Reloading Context with name [/webapp] is completed
01-Sep-2023 10:47:21.869 INFORMAÇÕES [http-nio-8080-exec-94] org.apache.catalina.core.StandardContext.reload Reloading Context with name [/webapp] has started
01-Sep-2023 10:47:22.185 INFORMAÇÕES [http-nio-8080-exec-94] org.apache.jasper.servlet.TldScanner.scanJars At least one JAR was scanned for TLDs yet contained no TLDs. Enable debug logging for this logger for a complete list of JARs that were scanned but no TLDs were found in them. Skipping unneeded JARs during scanning can improve startup time and JSP compilation time.
01-Sep-2023 10:47:22.188 INFORMAÇÕES [http-nio-8080-exec-94] org.apache.catalina.core.StandardContext.reload Reloading Context with name [/webapp] is completed
01-Sep-2023 10:47:29.764 INFORMAÇÕES [http-nio-8080-exec-104] org.apache.catalina.core.StandardContext.reload Reloading Context with name [/webapp] has started
01-Sep-2023 10:47:30.093 INFORMAÇÕES [http-nio-8080-exec-104] org.apache.jasper.servlet.TldScanner.scanJars At least one JAR was scanned for TLDs yet contained no TLDs. Enable debug logging for this logger for a complete list of JARs that were scanned but no TLDs were found in them. Skipping unneeded JARs during scanning can improve startup time and JSP compilation time.
01-Sep-2023 10:47:30.096 INFORMAÇÕES [http-nio-8080-exec-104] org.apache.catalina.core.StandardContext.reload Reloading Context with name [/webapp] is completed
01-Sep-2023 10:48:29.709 INFORMAÇÕES [http-nio-8080-exec-113] org.apache.catalina.core.StandardContext.reload Reloading Context with name [/webapp] has started
01-Sep-2023 10:48:30.054 INFORMAÇÕES [http-nio-8080-exec-113] org.apache.jasper.servlet.TldScanner.scanJars At least one JAR was scanned for TLDs yet contained no TLDs. Enable debug logging for this logger for a complete list of JARs that were scanned but no TLDs were found in them. Skipping unneeded JARs during scanning can improve startup time and JSP compilation time.
01-Sep-2023 10:48:30.059 INFORMAÇÕES [http-nio-8080-exec-113] org.apache.catalina.core.StandardContext.reload Reloading Context with name [/webapp] is completed
01-Sep-2023 10:48:49.043 INFORMAÇÕES [http-nio-8080-exec-110] org.apache.catalina.core.StandardContext.reload Reloading Context with name [/webapp] has started
01-Sep-2023 10:48:49.358 INFORMAÇÕES [http-nio-8080-exec-110] org.apache.jasper.servlet.TldScanner.scanJars At least one JAR was scanned for TLDs yet contained no TLDs. Enable debug logging for this logger for a complete list of JARs that were scanned but no TLDs were found in them. Skipping unneeded JARs during scanning can improve startup time and JSP compilation time.
01-Sep-2023 10:48:49.360 INFORMAÇÕES [http-nio-8080-exec-110] org.apache.catalina.core.StandardContext.reload Reloading Context with name [/webapp] is completed
01-Sep-2023 10:49:02.468 INFORMAÇÕES [http-nio-8080-exec-90] org.apache.catalina.core.StandardContext.reload Reloading Context with name [/webapp] has started
01-Sep-2023 10:49:02.786 INFORMAÇÕES [http-nio-8080-exec-90] org.apache.jasper.servlet.TldScanner.scanJars At least one JAR was scanned for TLDs yet contained no TLDs. Enable debug logging for this logger for a complete list of JARs that were scanned but no TLDs were found in them. Skipping unneeded JARs during scanning can improve startup time and JSP compilation time.
01-Sep-2023 10:49:02.789 INFORMAÇÕES [http-nio-8080-exec-90] org.apache.catalina.core.StandardContext.reload Reloading Context with name [/webapp] is completed
01-Sep-2023 10:49:12.832 INFORMAÇÕES [http-nio-8080-exec-117] org.apache.catalina.core.StandardContext.reload Reloading Context with name [/webapp] has started
01-Sep-2023 10:49:13.196 INFORMAÇÕES [http-nio-8080-exec-117] org.apache.jasper.servlet.TldScanner.scanJars At least one JAR was scanned for TLDs yet contained no TLDs. Enable debug logging for this logger for a complete list of JARs that were scanned but no TLDs were found in them. Skipping unneeded JARs during scanning can improve startup time and JSP compilation time.
01-Sep-2023 10:49:13.199 INFORMAÇÕES [http-nio-8080-exec-117] org.apache.catalina.core.StandardContext.reload Reloading Context with name [/webapp] is completed
01-Sep-2023 10:49:17.231 INFORMAÇÕES [http-nio-8080-exec-107] org.apache.catalina.core.StandardContext.reload Reloading Context with name [/webapp] has started
01-Sep-2023 10:49:17.570 INFORMAÇÕES [http-nio-8080-exec-107] org.apache.jasper.servlet.TldScanner.scanJars At least one JAR was scanned for TLDs yet contained no TLDs. Enable debug logging for this logger for a complete list of JARs that were scanned but no TLDs were found in them. Skipping unneeded JARs during scanning can improve startup time and JSP compilation time.
01-Sep-2023 10:49:17.573 INFORMAÇÕES [http-nio-8080-exec-107] org.apache.catalina.core.StandardContext.reload Reloading Context with name [/webapp] is completed
01-Sep-2023 10:49:36.676 INFORMAÇÕES [http-nio-8080-exec-90] org.apache.catalina.core.StandardContext.reload Reloading Context with name [/webapp] has started
01-Sep-2023 10:49:37.012 INFORMAÇÕES [http-nio-8080-exec-90] org.apache.jasper.servlet.TldScanner.scanJars At least one JAR was scanned for TLDs yet contained no TLDs. Enable debug logging for this logger for a complete list of JARs that were scanned but no TLDs were found in them. Skipping unneeded JARs during scanning can improve startup time and JSP compilation time.
01-Sep-2023 10:49:37.015 INFORMAÇÕES [http-nio-8080-exec-90] org.apache.catalina.core.StandardContext.reload Reloading Context with name [/webapp] is completed
01-Sep-2023 10:50:01.560 INFORMAÇÕES [http-nio-8080-exec-125] org.apache.catalina.startup.HostConfig.undeploy Undeploying context [/webapp]
01-Sep-2023 10:50:01.570 INFORMAÇÕES [http-nio-8080-exec-112] org.apache.catalina.startup.HostConfig.deployDescriptor Deploying deployment descriptor [/home/matheus/Documentos/Web-Servers/apache-tomcat-8.5.91/conf/Catalina/localhost/webapp.xml]
01-Sep-2023 10:50:01.913 INFORMAÇÕES [http-nio-8080-exec-112] org.apache.jasper.servlet.TldScanner.scanJars At least one JAR was scanned for TLDs yet contained no TLDs. Enable debug logging for this logger for a complete list of JARs that were scanned but no TLDs were found in them. Skipping unneeded JARs during scanning can improve startup time and JSP compilation time.
01-Sep-2023 10:50:01.952 INFORMAÇÕES [http-nio-8080-exec-112] org.apache.catalina.startup.HostConfig.deployDescriptor Deployment of deployment descriptor [/home/matheus/Documentos/Web-Servers/apache-tomcat-8.5.91/conf/Catalina/localhost/webapp.xml] has finished in [382] ms
01-Sep-2023 10:50:01.955 INFORMAÇÕES [http-nio-8080-exec-95] org.apache.catalina.util.LifecycleBase.start The start() method was called on component [StandardEngine[Catalina].StandardHost[localhost].StandardContext[/webapp]] after start() had already been called. The second call will be ignored.
01-Sep-2023 10:50:48.220 INFORMAÇÕES [http-nio-8080-exec-121] org.apache.catalina.core.StandardContext.reload Reloading Context with name [/webapp] has started
01-Sep-2023 10:50:48.538 INFORMAÇÕES [http-nio-8080-exec-121] org.apache.jasper.servlet.TldScanner.scanJars At least one JAR was scanned for TLDs yet contained no TLDs. Enable debug logging for this logger for a complete list of JARs that were scanned but no TLDs were found in them. Skipping unneeded JARs during scanning can improve startup time and JSP compilation time.
01-Sep-2023 10:50:48.540 INFORMAÇÕES [http-nio-8080-exec-121] org.apache.catalina.core.StandardContext.reload Reloading Context with name [/webapp] is completed
01-Sep-2023 10:50:50.315 INFORMAÇÕES [http-nio-8080-exec-125] org.apache.catalina.core.StandardContext.reload Reloading Context with name [/webapp] has started
01-Sep-2023 10:50:50.646 INFORMAÇÕES [http-nio-8080-exec-125] org.apache.jasper.servlet.TldScanner.scanJars At least one JAR was scanned for TLDs yet contained no TLDs. Enable debug logging for this logger for a complete list of JARs that were scanned but no TLDs were found in them. Skipping unneeded JARs during scanning can improve startup time and JSP compilation time.
01-Sep-2023 10:50:50.648 INFORMAÇÕES [http-nio-8080-exec-125] org.apache.catalina.core.StandardContext.reload Reloading Context with name [/webapp] is completed
01-Sep-2023 10:50:57.055 INFORMAÇÕES [http-nio-8080-exec-131] org.apache.catalina.core.StandardContext.reload Reloading Context with name [/webapp] has started
01-Sep-2023 10:50:57.410 INFORMAÇÕES [http-nio-8080-exec-131] org.apache.jasper.servlet.TldScanner.scanJars At least one JAR was scanned for TLDs yet contained no TLDs. Enable debug logging for this logger for a complete list of JARs that were scanned but no TLDs were found in them. Skipping unneeded JARs during scanning can improve startup time and JSP compilation time.
01-Sep-2023 10:50:57.413 INFORMAÇÕES [http-nio-8080-exec-131] org.apache.catalina.core.StandardContext.reload Reloading Context with name [/webapp] is completed
01-Sep-2023 10:51:09.362 INFORMAÇÕES [http-nio-8080-exec-125] org.apache.catalina.core.StandardContext.reload Reloading Context with name [/webapp] has started
01-Sep-2023 10:51:09.688 INFORMAÇÕES [http-nio-8080-exec-125] org.apache.jasper.servlet.TldScanner.scanJars At least one JAR was scanned for TLDs yet contained no TLDs. Enable debug logging for this logger for a complete list of JARs that were scanned but no TLDs were found in them. Skipping unneeded JARs during scanning can improve startup time and JSP compilation time.
01-Sep-2023 10:51:09.691 INFORMAÇÕES [http-nio-8080-exec-125] org.apache.catalina.core.StandardContext.reload Reloading Context with name [/webapp] is completed
01-Sep-2023 10:51:21.275 INFORMAÇÕES [http-nio-8080-exec-127] org.apache.catalina.core.StandardContext.reload Reloading Context with name [/webapp] has started
01-Sep-2023 10:51:21.621 INFORMAÇÕES [http-nio-8080-exec-127] org.apache.jasper.servlet.TldScanner.scanJars At least one JAR was scanned for TLDs yet contained no TLDs. Enable debug logging for this logger for a complete list of JARs that were scanned but no TLDs were found in them. Skipping unneeded JARs during scanning can improve startup time and JSP compilation time.
01-Sep-2023 10:51:21.625 INFORMAÇÕES [http-nio-8080-exec-127] org.apache.catalina.core.StandardContext.reload Reloading Context with name [/webapp] is completed
01-Sep-2023 10:56:57.054 INFORMAÇÕES [http-nio-8080-exec-136] org.apache.catalina.core.StandardContext.reload Reloading Context with name [/webapp] has started
01-Sep-2023 10:56:57.370 INFORMAÇÕES [http-nio-8080-exec-136] org.apache.jasper.servlet.TldScanner.scanJars At least one JAR was scanned for TLDs yet contained no TLDs. Enable debug logging for this logger for a complete list of JARs that were scanned but no TLDs were found in them. Skipping unneeded JARs during scanning can improve startup time and JSP compilation time.
01-Sep-2023 10:56:57.372 INFORMAÇÕES [http-nio-8080-exec-136] org.apache.catalina.core.StandardContext.reload Reloading Context with name [/webapp] is completed
01-Sep-2023 10:57:13.327 INFORMAÇÕES [http-nio-8080-exec-129] org.apache.catalina.core.StandardContext.reload Reloading Context with name [/webapp] has started
01-Sep-2023 10:57:13.659 INFORMAÇÕES [http-nio-8080-exec-129] org.apache.jasper.servlet.TldScanner.scanJars At least one JAR was scanned for TLDs yet contained no TLDs. Enable debug logging for this logger for a complete list of JARs that were scanned but no TLDs were found in them. Skipping unneeded JARs during scanning can improve startup time and JSP compilation time.
01-Sep-2023 10:57:13.661 INFORMAÇÕES [http-nio-8080-exec-129] org.apache.catalina.core.StandardContext.reload Reloading Context with name [/webapp] is completed
01-Sep-2023 11:15:34.984 INFORMAÇÕES [http-nio-8080-exec-141] org.apache.catalina.core.StandardContext.reload Reloading Context with name [/webapp] has started
01-Sep-2023 11:15:35.392 INFORMAÇÕES [http-nio-8080-exec-141] org.apache.jasper.servlet.TldScanner.scanJars At least one JAR was scanned for TLDs yet contained no TLDs. Enable debug logging for this logger for a complete list of JARs that were scanned but no TLDs were found in them. Skipping unneeded JARs during scanning can improve startup time and JSP compilation time.
01-Sep-2023 11:15:35.397 INFORMAÇÕES [http-nio-8080-exec-141] org.apache.catalina.core.StandardContext.reload Reloading Context with name [/webapp] is completed
01-Sep-2023 11:15:37.712 INFORMAÇÕES [http-nio-8080-exec-142] org.apache.catalina.startup.HostConfig.undeploy Undeploying context [/webapp]
01-Sep-2023 11:15:37.759 INFORMAÇÕES [http-nio-8080-exec-144] org.apache.catalina.startup.HostConfig.deployDescriptor Deploying deployment descriptor [/home/matheus/Documentos/Web-Servers/apache-tomcat-8.5.91/conf/Catalina/localhost/webapp.xml]
01-Sep-2023 11:15:38.123 INFORMAÇÕES [http-nio-8080-exec-144] org.apache.jasper.servlet.TldScanner.scanJars At least one JAR was scanned for TLDs yet contained no TLDs. Enable debug logging for this logger for a complete list of JARs that were scanned but no TLDs were found in them. Skipping unneeded JARs during scanning can improve startup time and JSP compilation time.
01-Sep-2023 11:15:38.157 INFORMAÇÕES [http-nio-8080-exec-144] org.apache.catalina.startup.HostConfig.deployDescriptor Deployment of deployment descriptor [/home/matheus/Documentos/Web-Servers/apache-tomcat-8.5.91/conf/Catalina/localhost/webapp.xml] has finished in [397] ms
01-Sep-2023 11:15:38.160 INFORMAÇÕES [http-nio-8080-exec-152] org.apache.catalina.util.LifecycleBase.start The start() method was called on component [StandardEngine[Catalina].StandardHost[localhost].StandardContext[/webapp]] after start() had already been called. The second call will be ignored.
01-Sep-2023 11:15:57.125 INFORMAÇÕES [http-nio-8080-exec-142] org.apache.catalina.core.StandardContext.reload Reloading Context with name [/webapp] has started
01-Sep-2023 11:15:57.439 INFORMAÇÕES [http-nio-8080-exec-142] org.apache.jasper.servlet.TldScanner.scanJars At least one JAR was scanned for TLDs yet contained no TLDs. Enable debug logging for this logger for a complete list of JARs that were scanned but no TLDs were found in them. Skipping unneeded JARs during scanning can improve startup time and JSP compilation time.
01-Sep-2023 11:15:57.442 INFORMAÇÕES [http-nio-8080-exec-142] org.apache.catalina.core.StandardContext.reload Reloading Context with name [/webapp] is completed
01-Sep-2023 11:16:05.689 INFORMAÇÕES [http-nio-8080-exec-150] org.apache.catalina.core.StandardContext.reload Reloading Context with name [/webapp] has started
01-Sep-2023 11:16:06.023 INFORMAÇÕES [http-nio-8080-exec-150] org.apache.jasper.servlet.TldScanner.scanJars At least one JAR was scanned for TLDs yet contained no TLDs. Enable debug logging for this logger for a complete list of JARs that were scanned but no TLDs were found in them. Skipping unneeded JARs during scanning can improve startup time and JSP compilation time.
01-Sep-2023 11:16:06.025 INFORMAÇÕES [http-nio-8080-exec-150] org.apache.catalina.core.StandardContext.reload Reloading Context with name [/webapp] is completed
01-Sep-2023 11:17:38.772 INFORMAÇÕES [http-nio-8080-exec-160] org.apache.catalina.core.StandardContext.reload Reloading Context with name [/webapp] has started
01-Sep-2023 11:17:39.092 INFORMAÇÕES [http-nio-8080-exec-160] org.apache.jasper.servlet.TldScanner.scanJars At least one JAR was scanned for TLDs yet contained no TLDs. Enable debug logging for this logger for a complete list of JARs that were scanned but no TLDs were found in them. Skipping unneeded JARs during scanning can improve startup time and JSP compilation time.
01-Sep-2023 11:17:39.094 INFORMAÇÕES [http-nio-8080-exec-160] org.apache.catalina.core.StandardContext.reload Reloading Context with name [/webapp] is completed
01-Sep-2023 11:17:48.585 INFORMAÇÕES [http-nio-8080-exec-162] org.apache.catalina.core.StandardContext.reload Reloading Context with name [/webapp] has started
01-Sep-2023 11:17:48.928 INFORMAÇÕES [http-nio-8080-exec-162] org.apache.jasper.servlet.TldScanner.scanJars At least one JAR was scanned for TLDs yet contained no TLDs. Enable debug logging for this logger for a complete list of JARs that were scanned but no TLDs were found in them. Skipping unneeded JARs during scanning can improve startup time and JSP compilation time.
01-Sep-2023 11:17:48.930 INFORMAÇÕES [http-nio-8080-exec-162] org.apache.catalina.core.StandardContext.reload Reloading Context with name [/webapp] is completed
01-Sep-2023 11:18:21.609 INFORMAÇÕES [http-nio-8080-exec-158] org.apache.catalina.core.StandardContext.reload Reloading Context with name [/webapp] has started
01-Sep-2023 11:18:21.934 INFORMAÇÕES [http-nio-8080-exec-158] org.apache.jasper.servlet.TldScanner.scanJars At least one JAR was scanned for TLDs yet contained no TLDs. Enable debug logging for this logger for a complete list of JARs that were scanned but no TLDs were found in them. Skipping unneeded JARs during scanning can improve startup time and JSP compilation time.
01-Sep-2023 11:18:21.936 INFORMAÇÕES [http-nio-8080-exec-158] org.apache.catalina.core.StandardContext.reload Reloading Context with name [/webapp] is completed
01-Sep-2023 11:18:46.967 INFORMAÇÕES [http-nio-8080-exec-162] org.apache.catalina.core.StandardContext.reload Reloading Context with name [/webapp] has started
01-Sep-2023 11:18:47.279 INFORMAÇÕES [http-nio-8080-exec-162] org.apache.jasper.servlet.TldScanner.scanJars At least one JAR was scanned for TLDs yet contained no TLDs. Enable debug logging for this logger for a complete list of JARs that were scanned but no TLDs were found in them. Skipping unneeded JARs during scanning can improve startup time and JSP compilation time.
01-Sep-2023 11:18:47.281 INFORMAÇÕES [http-nio-8080-exec-162] org.apache.catalina.core.StandardContext.reload Reloading Context with name [/webapp] is completed
01-Sep-2023 11:19:06.531 INFORMAÇÕES [http-nio-8080-exec-149] org.apache.catalina.core.StandardContext.reload Reloading Context with name [/webapp] has started
01-Sep-2023 11:19:06.848 INFORMAÇÕES [http-nio-8080-exec-149] org.apache.jasper.servlet.TldScanner.scanJars At least one JAR was scanned for TLDs yet contained no TLDs. Enable debug logging for this logger for a complete list of JARs that were scanned but no TLDs were found in them. Skipping unneeded JARs during scanning can improve startup time and JSP compilation time.
01-Sep-2023 11:19:06.850 INFORMAÇÕES [http-nio-8080-exec-149] org.apache.catalina.core.StandardContext.reload Reloading Context with name [/webapp] is completed
01-Sep-2023 13:43:33.939 INFORMAÇÕES [main] org.apache.catalina.core.StandardServer.await A valid shutdown command was received via the shutdown port. Stopping the Server instance.
