01-Sep-2023 08:24:33.227 INFORMAÇÕES [http-nio-8080-exec-4] org.apache.catalina.core.ApplicationContext.log Manager: init: Associated with Deployer 'Catalina:type=Deployer,host=localhost'
01-Sep-2023 08:24:33.227 INFORMAÇÕES [http-nio-8080-exec-4] org.apache.catalina.core.ApplicationContext.log Manager: init: Global resources are available
01-Sep-2023 08:24:41.899 INFORMAÇÕES [http-nio-8080-exec-1] org.apache.catalina.core.ApplicationContext.log Manager: list: Listing contexts for virtual host 'localhost'
01-Sep-2023 08:24:41.903 INFORMAÇÕES [http-nio-8080-exec-2] org.apache.catalina.core.ApplicationContext.log Manager: list: Listing contexts for virtual host 'localhost'
01-Sep-2023 08:25:54.984 INFORMAÇÕES [http-nio-8080-exec-10] org.apache.catalina.core.ApplicationContext.log Manager: list: Listing contexts for virtual host 'localhost'
01-Sep-2023 08:26:03.199 INFORMAÇÕES [http-nio-8080-exec-8] org.apache.catalina.core.ApplicationContext.log Manager: list: Listing contexts for virtual host 'localhost'
01-Sep-2023 08:26:13.444 INFORMAÇÕES [http-nio-8080-exec-5] org.apache.catalina.core.ApplicationContext.log Manager: list: Listing contexts for virtual host 'localhost'
01-Sep-2023 08:27:30.257 INFORMAÇÕES [http-nio-8080-exec-1] org.apache.catalina.core.ApplicationContext.log Manager: list: Listing contexts for virtual host 'localhost'
01-Sep-2023 08:27:30.582 INFORMAÇÕES [http-nio-8080-exec-3] org.apache.catalina.core.ApplicationContext.log Manager: list: Listing contexts for virtual host 'localhost'
01-Sep-2023 08:27:30.899 INFORMAÇÕES [http-nio-8080-exec-5] org.apache.catalina.core.ApplicationContext.log Manager: list: Listing contexts for virtual host 'localhost'
01-Sep-2023 08:28:54.862 INFORMAÇÕES [http-nio-8080-exec-3] org.apache.catalina.core.ApplicationContext.log Manager: list: Listing contexts for virtual host 'localhost'
01-Sep-2023 08:30:28.590 INFORMAÇÕES [http-nio-8080-exec-6] org.apache.catalina.core.ApplicationContext.log Manager: list: Listing contexts for virtual host 'localhost'
01-Sep-2023 08:30:38.072 INFORMAÇÕES [http-nio-8080-exec-3] org.apache.catalina.core.ApplicationContext.log Manager: list: Listing contexts for virtual host 'localhost'
01-Sep-2023 08:30:38.075 INFORMAÇÕES [http-nio-8080-exec-10] org.apache.catalina.core.ApplicationContext.log Manager: list: Listing contexts for virtual host 'localhost'
01-Sep-2023 08:30:38.084 INFORMAÇÕES [http-nio-8080-exec-2] org.apache.catalina.core.ApplicationContext.log Manager: undeploy: Undeploying web application at '/webapp'
01-Sep-2023 08:30:38.615 INFORMAÇÕES [http-nio-8080-exec-7] org.apache.catalina.core.ApplicationContext.log Manager: install: Installing context configuration at 'file:/tmp/context10027440472769161350.xml'
01-Sep-2023 08:30:38.834 INFORMAÇÕES [http-nio-8080-exec-5] org.apache.catalina.core.ApplicationContext.log Manager: start: Starting web application '/webapp'
01-Sep-2023 08:30:44.768 INFORMAÇÕES [http-nio-8080-exec-5] org.apache.catalina.core.ApplicationContext.log Manager: list: Listing contexts for virtual host 'localhost'
01-Sep-2023 08:30:44.772 INFORMAÇÕES [http-nio-8080-exec-10] org.apache.catalina.core.ApplicationContext.log Manager: list: Listing contexts for virtual host 'localhost'
01-Sep-2023 08:34:47.044 INFORMAÇÕES [http-nio-8080-exec-17] org.apache.catalina.core.ApplicationContext.log Manager: list: Listing contexts for virtual host 'localhost'
01-Sep-2023 08:35:01.809 INFORMAÇÕES [http-nio-8080-exec-12] org.apache.catalina.core.ApplicationContext.log Manager: list: Listing contexts for virtual host 'localhost'
01-Sep-2023 08:35:05.027 INFORMAÇÕES [http-nio-8080-exec-19] org.apache.catalina.core.ApplicationContext.log Manager: list: Listing contexts for virtual host 'localhost'
01-Sep-2023 08:35:06.430 INFORMAÇÕES [http-nio-8080-exec-12] org.apache.catalina.core.ApplicationContext.log Manager: list: Listing contexts for virtual host 'localhost'
01-Sep-2023 08:35:10.103 INFORMAÇÕES [http-nio-8080-exec-14] org.apache.catalina.core.ApplicationContext.log Manager: list: Listing contexts for virtual host 'localhost'
01-Sep-2023 08:35:14.547 INFORMAÇÕES [http-nio-8080-exec-18] org.apache.catalina.core.ApplicationContext.log Manager: list: Listing contexts for virtual host 'localhost'
01-Sep-2023 08:35:27.203 INFORMAÇÕES [http-nio-8080-exec-20] org.apache.catalina.core.ApplicationContext.log Manager: list: Listing contexts for virtual host 'localhost'
01-Sep-2023 08:35:31.703 INFORMAÇÕES [http-nio-8080-exec-13] org.apache.catalina.core.ApplicationContext.log Manager: list: Listing contexts for virtual host 'localhost'
01-Sep-2023 08:35:35.606 INFORMAÇÕES [http-nio-8080-exec-18] org.apache.catalina.core.ApplicationContext.log Manager: list: Listing contexts for virtual host 'localhost'
01-Sep-2023 08:35:39.701 INFORMAÇÕES [http-nio-8080-exec-20] org.apache.catalina.core.ApplicationContext.log Manager: list: Listing contexts for virtual host 'localhost'
01-Sep-2023 08:35:43.226 INFORMAÇÕES [http-nio-8080-exec-19] org.apache.catalina.core.ApplicationContext.log Manager: list: Listing contexts for virtual host 'localhost'
01-Sep-2023 08:35:56.996 INFORMAÇÕES [http-nio-8080-exec-12] org.apache.catalina.core.ApplicationContext.log Manager: list: Listing contexts for virtual host 'localhost'
01-Sep-2023 08:35:57.000 INFORMAÇÕES [http-nio-8080-exec-17] org.apache.catalina.core.ApplicationContext.log Manager: list: Listing contexts for virtual host 'localhost'
01-Sep-2023 08:35:57.008 INFORMAÇÕES [http-nio-8080-exec-20] org.apache.catalina.core.ApplicationContext.log Manager: undeploy: Undeploying web application at '/webapp'
01-Sep-2023 08:35:57.541 INFORMAÇÕES [http-nio-8080-exec-17] org.apache.catalina.core.ApplicationContext.log Manager: install: Installing context configuration at 'file:/tmp/context14034272817871289263.xml'
01-Sep-2023 08:35:57.791 INFORMAÇÕES [http-nio-8080-exec-11] org.apache.catalina.core.ApplicationContext.log Manager: start: Starting web application '/webapp'
01-Sep-2023 08:55:36.110 INFORMAÇÕES [http-nio-8080-exec-26] org.apache.catalina.core.ApplicationContext.log Manager: list: Listing contexts for virtual host 'localhost'
01-Sep-2023 08:56:22.228 INFORMAÇÕES [http-nio-8080-exec-29] org.apache.catalina.core.ApplicationContext.log Manager: list: Listing contexts for virtual host 'localhost'
01-Sep-2023 08:56:22.232 INFORMAÇÕES [http-nio-8080-exec-24] org.apache.catalina.core.ApplicationContext.log Manager: restart: Reloading web application '/webapp'
01-Sep-2023 09:27:20.959 INFORMAÇÕES [http-nio-8080-exec-34] org.apache.catalina.core.ApplicationContext.log Manager: list: Listing contexts for virtual host 'localhost'
01-Sep-2023 09:27:20.963 INFORMAÇÕES [http-nio-8080-exec-33] org.apache.catalina.core.ApplicationContext.log Manager: restart: Reloading web application '/webapp'
01-Sep-2023 09:27:22.953 INFORMAÇÕES [http-nio-8080-exec-39] org.apache.catalina.core.ApplicationContext.log Manager: list: Listing contexts for virtual host 'localhost'
01-Sep-2023 09:27:22.956 INFORMAÇÕES [http-nio-8080-exec-41] org.apache.catalina.core.ApplicationContext.log Manager: restart: Reloading web application '/webapp'
01-Sep-2023 09:27:36.278 INFORMAÇÕES [http-nio-8080-exec-36] org.apache.catalina.core.ApplicationContext.log Manager: list: Listing contexts for virtual host 'localhost'
01-Sep-2023 09:27:36.282 INFORMAÇÕES [http-nio-8080-exec-38] org.apache.catalina.core.ApplicationContext.log Manager: restart: Reloading web application '/webapp'
01-Sep-2023 09:27:44.771 INFORMAÇÕES [http-nio-8080-exec-44] org.apache.catalina.core.ApplicationContext.log Manager: list: Listing contexts for virtual host 'localhost'
01-Sep-2023 09:27:44.778 INFORMAÇÕES [http-nio-8080-exec-39] org.apache.catalina.core.ApplicationContext.log Manager: restart: Reloading web application '/webapp'
01-Sep-2023 09:28:41.245 INFORMAÇÕES [http-nio-8080-exec-36] org.apache.catalina.core.ApplicationContext.log Manager: list: Listing contexts for virtual host 'localhost'
01-Sep-2023 09:28:41.252 INFORMAÇÕES [http-nio-8080-exec-42] org.apache.catalina.core.ApplicationContext.log Manager: restart: Reloading web application '/webapp'
01-Sep-2023 09:28:48.640 INFORMAÇÕES [http-nio-8080-exec-44] org.apache.catalina.core.ApplicationContext.log Manager: list: Listing contexts for virtual host 'localhost'
01-Sep-2023 09:28:48.644 INFORMAÇÕES [http-nio-8080-exec-39] org.apache.catalina.core.ApplicationContext.log Manager: restart: Reloading web application '/webapp'
01-Sep-2023 09:29:10.712 INFORMAÇÕES [http-nio-8080-exec-44] org.apache.catalina.core.ApplicationContext.log Manager: list: Listing contexts for virtual host 'localhost'
01-Sep-2023 09:29:10.715 INFORMAÇÕES [http-nio-8080-exec-31] org.apache.catalina.core.ApplicationContext.log Manager: restart: Reloading web application '/webapp'
01-Sep-2023 09:29:22.354 INFORMAÇÕES [http-nio-8080-exec-39] org.apache.catalina.core.ApplicationContext.log Manager: list: Listing contexts for virtual host 'localhost'
01-Sep-2023 09:29:22.358 INFORMAÇÕES [http-nio-8080-exec-45] org.apache.catalina.core.ApplicationContext.log Manager: restart: Reloading web application '/webapp'
01-Sep-2023 09:29:27.389 INFORMAÇÕES [http-nio-8080-exec-42] org.apache.catalina.core.ApplicationContext.log Manager: list: Listing contexts for virtual host 'localhost'
01-Sep-2023 09:29:27.396 INFORMAÇÕES [http-nio-8080-exec-46] org.apache.catalina.core.ApplicationContext.log Manager: restart: Reloading web application '/webapp'
01-Sep-2023 10:12:34.394 INFORMAÇÕES [http-nio-8080-exec-10] org.apache.catalina.core.ApplicationContext.log Manager: init: Associated with Deployer 'Catalina:type=Deployer,host=localhost'
01-Sep-2023 10:12:34.394 INFORMAÇÕES [http-nio-8080-exec-10] org.apache.catalina.core.ApplicationContext.log Manager: init: Global resources are available
01-Sep-2023 10:12:53.088 INFORMAÇÕES [http-nio-8080-exec-9] org.apache.catalina.core.ApplicationContext.log Manager: list: Listing contexts for virtual host 'localhost'
01-Sep-2023 10:12:53.092 INFORMAÇÕES [http-nio-8080-exec-1] org.apache.catalina.core.ApplicationContext.log Manager: list: Listing contexts for virtual host 'localhost'
01-Sep-2023 10:12:53.255 INFORMAÇÕES [http-nio-8080-exec-10] org.apache.catalina.core.ApplicationContext.log Manager: stop: Stopping web application '/webapp'
01-Sep-2023 10:12:53.354 INFORMAÇÕES [http-nio-8080-exec-1] org.apache.catalina.core.ApplicationContext.log Manager: start: Starting web application '/webapp'
01-Sep-2023 10:14:19.394 INFORMAÇÕES [http-nio-8080-exec-11] org.apache.catalina.core.ApplicationContext.log Manager: list: Listing contexts for virtual host 'localhost'
01-Sep-2023 10:14:19.401 INFORMAÇÕES [http-nio-8080-exec-12] org.apache.catalina.core.ApplicationContext.log Manager: restart: Reloading web application '/webapp'
01-Sep-2023 10:14:23.515 INFORMAÇÕES [http-nio-8080-exec-15] org.apache.catalina.core.ApplicationContext.log Manager: list: Listing contexts for virtual host 'localhost'
01-Sep-2023 10:14:23.521 INFORMAÇÕES [http-nio-8080-exec-14] org.apache.catalina.core.ApplicationContext.log Manager: restart: Reloading web application '/webapp'
01-Sep-2023 10:14:27.434 INFORMAÇÕES [http-nio-8080-exec-11] org.apache.catalina.core.ApplicationContext.log Manager: list: Listing contexts for virtual host 'localhost'
01-Sep-2023 10:14:27.443 INFORMAÇÕES [http-nio-8080-exec-20] org.apache.catalina.core.ApplicationContext.log Manager: restart: Reloading web application '/webapp'
01-Sep-2023 10:21:45.738 INFORMAÇÕES [http-nio-8080-exec-22] org.apache.catalina.core.ApplicationContext.log Manager: list: Listing contexts for virtual host 'localhost'
01-Sep-2023 10:21:45.743 INFORMAÇÕES [http-nio-8080-exec-23] org.apache.catalina.core.ApplicationContext.log Manager: restart: Reloading web application '/webapp'
01-Sep-2023 10:22:59.747 INFORMAÇÕES [http-nio-8080-exec-24] org.apache.catalina.core.ApplicationContext.log Manager: list: Listing contexts for virtual host 'localhost'
01-Sep-2023 10:22:59.752 INFORMAÇÕES [http-nio-8080-exec-30] org.apache.catalina.core.ApplicationContext.log Manager: restart: Reloading web application '/webapp'
01-Sep-2023 10:23:28.444 INFORMAÇÕES [http-nio-8080-exec-25] org.apache.catalina.core.ApplicationContext.log Manager: list: Listing contexts for virtual host 'localhost'
01-Sep-2023 10:23:28.448 INFORMAÇÕES [http-nio-8080-exec-24] org.apache.catalina.core.ApplicationContext.log Manager: restart: Reloading web application '/webapp'
01-Sep-2023 10:23:31.435 INFORMAÇÕES [http-nio-8080-exec-32] org.apache.catalina.core.ApplicationContext.log Manager: list: Listing contexts for virtual host 'localhost'
01-Sep-2023 10:23:31.439 INFORMAÇÕES [http-nio-8080-exec-30] org.apache.catalina.core.ApplicationContext.log Manager: restart: Reloading web application '/webapp'
01-Sep-2023 10:23:35.372 INFORMAÇÕES [http-nio-8080-exec-32] org.apache.catalina.core.ApplicationContext.log Manager: list: Listing contexts for virtual host 'localhost'
01-Sep-2023 10:23:35.376 INFORMAÇÕES [http-nio-8080-exec-31] org.apache.catalina.core.ApplicationContext.log Manager: restart: Reloading web application '/webapp'
01-Sep-2023 10:25:24.773 INFORMAÇÕES [http-nio-8080-exec-26] org.apache.catalina.core.ApplicationContext.log Manager: list: Listing contexts for virtual host 'localhost'
01-Sep-2023 10:25:24.781 INFORMAÇÕES [http-nio-8080-exec-23] org.apache.catalina.core.ApplicationContext.log Manager: restart: Reloading web application '/webapp'
01-Sep-2023 10:28:26.172 INFORMAÇÕES [http-nio-8080-exec-38] org.apache.catalina.core.ApplicationContext.log Manager: list: Listing contexts for virtual host 'localhost'
01-Sep-2023 10:28:26.176 INFORMAÇÕES [http-nio-8080-exec-30] org.apache.catalina.core.ApplicationContext.log Manager: restart: Reloading web application '/webapp'
01-Sep-2023 10:28:36.371 INFORMAÇÕES [http-nio-8080-exec-23] org.apache.catalina.core.ApplicationContext.log Manager: list: Listing contexts for virtual host 'localhost'
01-Sep-2023 10:28:36.375 INFORMAÇÕES [http-nio-8080-exec-26] org.apache.catalina.core.ApplicationContext.log Manager: restart: Reloading web application '/webapp'
01-Sep-2023 10:29:29.243 INFORMAÇÕES [http-nio-8080-exec-39] org.apache.catalina.core.ApplicationContext.log Manager: list: Listing contexts for virtual host 'localhost'
01-Sep-2023 10:29:29.247 INFORMAÇÕES [http-nio-8080-exec-35] org.apache.catalina.core.ApplicationContext.log Manager: restart: Reloading web application '/webapp'
01-Sep-2023 10:30:57.711 INFORMAÇÕES [http-nio-8080-exec-23] org.apache.catalina.core.ApplicationContext.log Manager: list: Listing contexts for virtual host 'localhost'
01-Sep-2023 10:30:57.715 INFORMAÇÕES [http-nio-8080-exec-39] org.apache.catalina.core.ApplicationContext.log Manager: restart: Reloading web application '/webapp'
01-Sep-2023 10:32:39.296 INFORMAÇÕES [http-nio-8080-exec-36] org.apache.catalina.core.ApplicationContext.log Manager: list: Listing contexts for virtual host 'localhost'
01-Sep-2023 10:32:39.300 INFORMAÇÕES [http-nio-8080-exec-42] org.apache.catalina.core.ApplicationContext.log Manager: restart: Reloading web application '/webapp'
01-Sep-2023 10:33:36.222 INFORMAÇÕES [http-nio-8080-exec-35] org.apache.catalina.core.ApplicationContext.log Manager: list: Listing contexts for virtual host 'localhost'
01-Sep-2023 10:33:36.226 INFORMAÇÕES [http-nio-8080-exec-43] org.apache.catalina.core.ApplicationContext.log Manager: restart: Reloading web application '/webapp'
01-Sep-2023 10:34:04.232 INFORMAÇÕES [http-nio-8080-exec-45] org.apache.catalina.core.ApplicationContext.log Manager: list: Listing contexts for virtual host 'localhost'
01-Sep-2023 10:34:04.236 INFORMAÇÕES [http-nio-8080-exec-30] org.apache.catalina.core.ApplicationContext.log Manager: restart: Reloading web application '/webapp'
01-Sep-2023 10:34:12.165 INFORMAÇÕES [http-nio-8080-exec-46] org.apache.catalina.core.ApplicationContext.log Manager: list: Listing contexts for virtual host 'localhost'
01-Sep-2023 10:34:12.169 INFORMAÇÕES [http-nio-8080-exec-48] org.apache.catalina.core.ApplicationContext.log Manager: restart: Reloading web application '/webapp'
01-Sep-2023 10:37:00.446 INFORMAÇÕES [http-nio-8080-exec-55] org.apache.catalina.core.ApplicationContext.log Manager: list: Listing contexts for virtual host 'localhost'
01-Sep-2023 10:37:03.041 INFORMAÇÕES [http-nio-8080-exec-49] org.apache.catalina.core.ApplicationContext.log Manager: list: Listing contexts for virtual host 'localhost'
01-Sep-2023 10:37:38.136 INFORMAÇÕES [http-nio-8080-exec-55] org.apache.catalina.core.ApplicationContext.log Manager: list: Listing contexts for virtual host 'localhost'
01-Sep-2023 10:37:38.139 INFORMAÇÕES [http-nio-8080-exec-51] org.apache.catalina.core.ApplicationContext.log Manager: list: Listing contexts for virtual host 'localhost'
01-Sep-2023 10:37:38.150 INFORMAÇÕES [http-nio-8080-exec-53] org.apache.catalina.core.ApplicationContext.log Manager: undeploy: Undeploying web application at '/webapp'
01-Sep-2023 10:37:38.671 INFORMAÇÕES [http-nio-8080-exec-51] org.apache.catalina.core.ApplicationContext.log Manager: install: Installing context configuration at 'file:/tmp/context2018925996957340118.xml'
01-Sep-2023 10:37:39.061 INFORMAÇÕES [http-nio-8080-exec-57] org.apache.catalina.core.ApplicationContext.log Manager: start: Starting web application '/webapp'
01-Sep-2023 10:37:45.129 INFORMAÇÕES [http-nio-8080-exec-55] org.apache.catalina.core.ApplicationContext.log Manager: list: Listing contexts for virtual host 'localhost'
01-Sep-2023 10:37:45.134 INFORMAÇÕES [http-nio-8080-exec-53] org.apache.catalina.core.ApplicationContext.log Manager: list: Listing contexts for virtual host 'localhost'
01-Sep-2023 10:38:08.787 INFORMAÇÕES [http-nio-8080-exec-54] org.apache.catalina.core.ApplicationContext.log Manager: list: Listing contexts for virtual host 'localhost'
01-Sep-2023 10:38:15.346 INFORMAÇÕES [http-nio-8080-exec-62] org.apache.catalina.core.ApplicationContext.log Manager: list: Listing contexts for virtual host 'localhost'
01-Sep-2023 10:38:34.715 INFORMAÇÕES [http-nio-8080-exec-61] org.apache.catalina.core.ApplicationContext.log Manager: list: Listing contexts for virtual host 'localhost'
01-Sep-2023 10:38:44.786 INFORMAÇÕES [http-nio-8080-exec-60] org.apache.catalina.core.ApplicationContext.log Manager: list: Listing contexts for virtual host 'localhost'
01-Sep-2023 10:38:50.578 INFORMAÇÕES [http-nio-8080-exec-59] org.apache.catalina.core.ApplicationContext.log Manager: list: Listing contexts for virtual host 'localhost'
01-Sep-2023 10:38:54.078 INFORMAÇÕES [http-nio-8080-exec-64] org.apache.catalina.core.ApplicationContext.log Manager: list: Listing contexts for virtual host 'localhost'
01-Sep-2023 10:39:39.502 INFORMAÇÕES [http-nio-8080-exec-58] org.apache.catalina.core.ApplicationContext.log Manager: list: Listing contexts for virtual host 'localhost'
01-Sep-2023 10:39:39.510 INFORMAÇÕES [http-nio-8080-exec-66] org.apache.catalina.core.ApplicationContext.log Manager: restart: Reloading web application '/webapp'
01-Sep-2023 10:39:42.414 INFORMAÇÕES [http-nio-8080-exec-67] org.apache.catalina.core.ApplicationContext.log Manager: list: Listing contexts for virtual host 'localhost'
01-Sep-2023 10:39:42.418 INFORMAÇÕES [http-nio-8080-exec-65] org.apache.catalina.core.ApplicationContext.log Manager: restart: Reloading web application '/webapp'
01-Sep-2023 10:39:58.170 INFORMAÇÕES [http-nio-8080-exec-68] org.apache.catalina.core.ApplicationContext.log Manager: list: Listing contexts for virtual host 'localhost'
01-Sep-2023 10:39:58.174 INFORMAÇÕES [http-nio-8080-exec-60] org.apache.catalina.core.ApplicationContext.log Manager: restart: Reloading web application '/webapp'
01-Sep-2023 10:40:01.639 INFORMAÇÕES [http-nio-8080-exec-58] org.apache.catalina.core.ApplicationContext.log Manager: list: Listing contexts for virtual host 'localhost'
01-Sep-2023 10:40:01.643 INFORMAÇÕES [http-nio-8080-exec-67] org.apache.catalina.core.ApplicationContext.log Manager: restart: Reloading web application '/webapp'
01-Sep-2023 10:40:17.839 INFORMAÇÕES [http-nio-8080-exec-71] org.apache.catalina.core.ApplicationContext.log Manager: list: Listing contexts for virtual host 'localhost'
01-Sep-2023 10:40:17.843 INFORMAÇÕES [http-nio-8080-exec-70] org.apache.catalina.core.ApplicationContext.log Manager: restart: Reloading web application '/webapp'
01-Sep-2023 10:40:21.489 INFORMAÇÕES [http-nio-8080-exec-65] org.apache.catalina.core.ApplicationContext.log Manager: list: Listing contexts for virtual host 'localhost'
01-Sep-2023 10:40:21.499 INFORMAÇÕES [http-nio-8080-exec-71] org.apache.catalina.core.ApplicationContext.log Manager: restart: Reloading web application '/webapp'
01-Sep-2023 10:40:24.224 INFORMAÇÕES [http-nio-8080-exec-70] org.apache.catalina.core.ApplicationContext.log Manager: list: Listing contexts for virtual host 'localhost'
01-Sep-2023 10:40:24.228 INFORMAÇÕES [http-nio-8080-exec-65] org.apache.catalina.core.ApplicationContext.log Manager: restart: Reloading web application '/webapp'
01-Sep-2023 10:40:28.541 INFORMAÇÕES [http-nio-8080-exec-70] org.apache.catalina.core.ApplicationContext.log Manager: list: Listing contexts for virtual host 'localhost'
01-Sep-2023 10:40:46.121 INFORMAÇÕES [http-nio-8080-exec-59] org.apache.catalina.core.ApplicationContext.log Manager: list: Listing contexts for virtual host 'localhost'
01-Sep-2023 10:41:18.508 INFORMAÇÕES [http-nio-8080-exec-59] org.apache.catalina.core.ApplicationContext.log Manager: list: Listing contexts for virtual host 'localhost'
01-Sep-2023 10:41:18.512 INFORMAÇÕES [http-nio-8080-exec-63] org.apache.catalina.core.ApplicationContext.log Manager: restart: Reloading web application '/webapp'
01-Sep-2023 10:41:56.470 INFORMAÇÕES [http-nio-8080-exec-65] org.apache.catalina.core.ApplicationContext.log Manager: list: Listing contexts for virtual host 'localhost'
01-Sep-2023 10:41:56.474 INFORMAÇÕES [http-nio-8080-exec-75] org.apache.catalina.core.ApplicationContext.log Manager: restart: Reloading web application '/webapp'
01-Sep-2023 10:41:59.362 INFORMAÇÕES [http-nio-8080-exec-65] org.apache.catalina.core.ApplicationContext.log Manager: list: Listing contexts for virtual host 'localhost'
01-Sep-2023 10:41:59.366 INFORMAÇÕES [http-nio-8080-exec-80] org.apache.catalina.core.ApplicationContext.log Manager: restart: Reloading web application '/webapp'
01-Sep-2023 10:42:09.088 INFORMAÇÕES [http-nio-8080-exec-65] org.apache.catalina.core.ApplicationContext.log Manager: list: Listing contexts for virtual host 'localhost'
01-Sep-2023 10:42:09.092 INFORMAÇÕES [http-nio-8080-exec-75] org.apache.catalina.core.ApplicationContext.log Manager: restart: Reloading web application '/webapp'
01-Sep-2023 10:42:41.627 INFORMAÇÕES [http-nio-8080-exec-65] org.apache.catalina.core.ApplicationContext.log Manager: list: Listing contexts for virtual host 'localhost'
01-Sep-2023 10:42:41.633 INFORMAÇÕES [http-nio-8080-exec-80] org.apache.catalina.core.ApplicationContext.log Manager: restart: Reloading web application '/webapp'
01-Sep-2023 10:44:08.265 INFORMAÇÕES [http-nio-8080-exec-75] org.apache.catalina.core.ApplicationContext.log Manager: list: Listing contexts for virtual host 'localhost'
01-Sep-2023 10:44:08.269 INFORMAÇÕES [http-nio-8080-exec-84] org.apache.catalina.core.ApplicationContext.log Manager: restart: Reloading web application '/webapp'
01-Sep-2023 10:44:21.132 INFORMAÇÕES [http-nio-8080-exec-76] org.apache.catalina.core.ApplicationContext.log Manager: list: Listing contexts for virtual host 'localhost'
01-Sep-2023 10:44:21.135 INFORMAÇÕES [http-nio-8080-exec-65] org.apache.catalina.core.ApplicationContext.log Manager: list: Listing contexts for virtual host 'localhost'
01-Sep-2023 10:44:21.143 INFORMAÇÕES [http-nio-8080-exec-87] org.apache.catalina.core.ApplicationContext.log Manager: undeploy: Undeploying web application at '/webapp'
01-Sep-2023 10:44:21.656 INFORMAÇÕES [http-nio-8080-exec-76] org.apache.catalina.core.ApplicationContext.log Manager: install: Installing context configuration at 'file:/tmp/context14542694445925598679.xml'
01-Sep-2023 10:44:22.021 INFORMAÇÕES [http-nio-8080-exec-65] org.apache.catalina.core.ApplicationContext.log Manager: start: Starting web application '/webapp'
01-Sep-2023 10:44:42.551 INFORMAÇÕES [http-nio-8080-exec-87] org.apache.catalina.core.ApplicationContext.log Manager: list: Listing contexts for virtual host 'localhost'
01-Sep-2023 10:44:58.173 INFORMAÇÕES [http-nio-8080-exec-87] org.apache.catalina.core.ApplicationContext.log Manager: list: Listing contexts for virtual host 'localhost'
01-Sep-2023 10:46:10.090 INFORMAÇÕES [http-nio-8080-exec-94] org.apache.catalina.core.ApplicationContext.log Manager: list: Listing contexts for virtual host 'localhost'
01-Sep-2023 10:46:10.095 INFORMAÇÕES [http-nio-8080-exec-96] org.apache.catalina.core.ApplicationContext.log Manager: restart: Reloading web application '/webapp'
01-Sep-2023 10:46:17.170 INFORMAÇÕES [http-nio-8080-exec-90] org.apache.catalina.core.ApplicationContext.log Manager: list: Listing contexts for virtual host 'localhost'
01-Sep-2023 10:46:17.176 INFORMAÇÕES [http-nio-8080-exec-94] org.apache.catalina.core.ApplicationContext.log Manager: restart: Reloading web application '/webapp'
01-Sep-2023 10:46:23.053 INFORMAÇÕES [http-nio-8080-exec-91] org.apache.catalina.core.ApplicationContext.log Manager: list: Listing contexts for virtual host 'localhost'
01-Sep-2023 10:46:23.056 INFORMAÇÕES [http-nio-8080-exec-90] org.apache.catalina.core.ApplicationContext.log Manager: restart: Reloading web application '/webapp'
01-Sep-2023 10:46:39.364 INFORMAÇÕES [http-nio-8080-exec-92] org.apache.catalina.core.ApplicationContext.log Manager: list: Listing contexts for virtual host 'localhost'
01-Sep-2023 10:46:39.368 INFORMAÇÕES [http-nio-8080-exec-95] org.apache.catalina.core.ApplicationContext.log Manager: restart: Reloading web application '/webapp'
01-Sep-2023 10:46:59.613 INFORMAÇÕES [http-nio-8080-exec-100] org.apache.catalina.core.ApplicationContext.log Manager: list: Listing contexts for virtual host 'localhost'
01-Sep-2023 10:46:59.616 INFORMAÇÕES [http-nio-8080-exec-90] org.apache.catalina.core.ApplicationContext.log Manager: restart: Reloading web application '/webapp'
01-Sep-2023 10:47:04.666 INFORMAÇÕES [http-nio-8080-exec-95] org.apache.catalina.core.ApplicationContext.log Manager: list: Listing contexts for virtual host 'localhost'
01-Sep-2023 10:47:18.858 INFORMAÇÕES [http-nio-8080-exec-100] org.apache.catalina.core.ApplicationContext.log Manager: list: Listing contexts for virtual host 'localhost'
01-Sep-2023 10:47:18.862 INFORMAÇÕES [http-nio-8080-exec-103] org.apache.catalina.core.ApplicationContext.log Manager: restart: Reloading web application '/webapp'
01-Sep-2023 10:47:21.863 INFORMAÇÕES [http-nio-8080-exec-99] org.apache.catalina.core.ApplicationContext.log Manager: list: Listing contexts for virtual host 'localhost'
01-Sep-2023 10:47:21.869 INFORMAÇÕES [http-nio-8080-exec-94] org.apache.catalina.core.ApplicationContext.log Manager: restart: Reloading web application '/webapp'
01-Sep-2023 10:47:29.753 INFORMAÇÕES [http-nio-8080-exec-100] org.apache.catalina.core.ApplicationContext.log Manager: list: Listing contexts for virtual host 'localhost'
01-Sep-2023 10:47:29.756 INFORMAÇÕES [http-nio-8080-exec-103] org.apache.catalina.core.ApplicationContext.log Manager: list: Listing contexts for virtual host 'localhost'
01-Sep-2023 10:47:29.764 INFORMAÇÕES [http-nio-8080-exec-104] org.apache.catalina.core.ApplicationContext.log Manager: restart: Reloading web application '/webapp'
01-Sep-2023 10:48:11.567 INFORMAÇÕES [http-nio-8080-exec-112] org.apache.catalina.core.ApplicationContext.log Manager: list: Listing contexts for virtual host 'localhost'
01-Sep-2023 10:48:29.705 INFORMAÇÕES [http-nio-8080-exec-112] org.apache.catalina.core.ApplicationContext.log Manager: list: Listing contexts for virtual host 'localhost'
01-Sep-2023 10:48:29.709 INFORMAÇÕES [http-nio-8080-exec-113] org.apache.catalina.core.ApplicationContext.log Manager: restart: Reloading web application '/webapp'
01-Sep-2023 10:48:32.329 INFORMAÇÕES [http-nio-8080-exec-90] org.apache.catalina.core.ApplicationContext.log Manager: list: Listing contexts for virtual host 'localhost'
01-Sep-2023 10:48:49.039 INFORMAÇÕES [http-nio-8080-exec-114] org.apache.catalina.core.ApplicationContext.log Manager: list: Listing contexts for virtual host 'localhost'
01-Sep-2023 10:48:49.043 INFORMAÇÕES [http-nio-8080-exec-110] org.apache.catalina.core.ApplicationContext.log Manager: restart: Reloading web application '/webapp'
01-Sep-2023 10:49:02.463 INFORMAÇÕES [http-nio-8080-exec-113] org.apache.catalina.core.ApplicationContext.log Manager: list: Listing contexts for virtual host 'localhost'
01-Sep-2023 10:49:02.468 INFORMAÇÕES [http-nio-8080-exec-90] org.apache.catalina.core.ApplicationContext.log Manager: restart: Reloading web application '/webapp'
01-Sep-2023 10:49:12.827 INFORMAÇÕES [http-nio-8080-exec-108] org.apache.catalina.core.ApplicationContext.log Manager: list: Listing contexts for virtual host 'localhost'
01-Sep-2023 10:49:12.832 INFORMAÇÕES [http-nio-8080-exec-117] org.apache.catalina.core.ApplicationContext.log Manager: restart: Reloading web application '/webapp'
01-Sep-2023 10:49:17.223 INFORMAÇÕES [http-nio-8080-exec-112] org.apache.catalina.core.ApplicationContext.log Manager: list: Listing contexts for virtual host 'localhost'
01-Sep-2023 10:49:17.225 INFORMAÇÕES [http-nio-8080-exec-113] org.apache.catalina.core.ApplicationContext.log Manager: list: Listing contexts for virtual host 'localhost'
01-Sep-2023 10:49:17.231 INFORMAÇÕES [http-nio-8080-exec-107] org.apache.catalina.core.ApplicationContext.log Manager: restart: Reloading web application '/webapp'
01-Sep-2023 10:49:36.672 INFORMAÇÕES [http-nio-8080-exec-95] org.apache.catalina.core.ApplicationContext.log Manager: list: Listing contexts for virtual host 'localhost'
01-Sep-2023 10:49:36.676 INFORMAÇÕES [http-nio-8080-exec-90] org.apache.catalina.core.ApplicationContext.log Manager: restart: Reloading web application '/webapp'
01-Sep-2023 10:49:53.590 INFORMAÇÕES [http-nio-8080-exec-107] org.apache.catalina.core.ApplicationContext.log Manager: list: Listing contexts for virtual host 'localhost'
01-Sep-2023 10:50:01.052 INFORMAÇÕES [http-nio-8080-exec-112] org.apache.catalina.core.ApplicationContext.log Manager: list: Listing contexts for virtual host 'localhost'
01-Sep-2023 10:50:01.054 INFORMAÇÕES [http-nio-8080-exec-120] org.apache.catalina.core.ApplicationContext.log Manager: list: Listing contexts for virtual host 'localhost'
01-Sep-2023 10:50:01.058 INFORMAÇÕES [http-nio-8080-exec-125] org.apache.catalina.core.ApplicationContext.log Manager: undeploy: Undeploying web application at '/webapp'
01-Sep-2023 10:50:01.569 INFORMAÇÕES [http-nio-8080-exec-112] org.apache.catalina.core.ApplicationContext.log Manager: install: Installing context configuration at 'file:/tmp/context16993576060504084476.xml'
01-Sep-2023 10:50:01.955 INFORMAÇÕES [http-nio-8080-exec-95] org.apache.catalina.core.ApplicationContext.log Manager: start: Starting web application '/webapp'
01-Sep-2023 10:50:48.216 INFORMAÇÕES [http-nio-8080-exec-90] org.apache.catalina.core.ApplicationContext.log Manager: list: Listing contexts for virtual host 'localhost'
01-Sep-2023 10:50:48.220 INFORMAÇÕES [http-nio-8080-exec-121] org.apache.catalina.core.ApplicationContext.log Manager: restart: Reloading web application '/webapp'
01-Sep-2023 10:50:50.310 INFORMAÇÕES [http-nio-8080-exec-126] org.apache.catalina.core.ApplicationContext.log Manager: list: Listing contexts for virtual host 'localhost'
01-Sep-2023 10:50:50.315 INFORMAÇÕES [http-nio-8080-exec-125] org.apache.catalina.core.ApplicationContext.log Manager: restart: Reloading web application '/webapp'
01-Sep-2023 10:50:57.052 INFORMAÇÕES [http-nio-8080-exec-129] org.apache.catalina.core.ApplicationContext.log Manager: list: Listing contexts for virtual host 'localhost'
01-Sep-2023 10:50:57.055 INFORMAÇÕES [http-nio-8080-exec-131] org.apache.catalina.core.ApplicationContext.log Manager: restart: Reloading web application '/webapp'
01-Sep-2023 10:51:09.358 INFORMAÇÕES [http-nio-8080-exec-127] org.apache.catalina.core.ApplicationContext.log Manager: list: Listing contexts for virtual host 'localhost'
01-Sep-2023 10:51:09.362 INFORMAÇÕES [http-nio-8080-exec-125] org.apache.catalina.core.ApplicationContext.log Manager: restart: Reloading web application '/webapp'
01-Sep-2023 10:51:21.268 INFORMAÇÕES [http-nio-8080-exec-133] org.apache.catalina.core.ApplicationContext.log Manager: list: Listing contexts for virtual host 'localhost'
01-Sep-2023 10:51:21.275 INFORMAÇÕES [http-nio-8080-exec-127] org.apache.catalina.core.ApplicationContext.log Manager: restart: Reloading web application '/webapp'
01-Sep-2023 10:56:57.050 INFORMAÇÕES [http-nio-8080-exec-137] org.apache.catalina.core.ApplicationContext.log Manager: list: Listing contexts for virtual host 'localhost'
01-Sep-2023 10:56:57.054 INFORMAÇÕES [http-nio-8080-exec-136] org.apache.catalina.core.ApplicationContext.log Manager: restart: Reloading web application '/webapp'
01-Sep-2023 10:57:13.323 INFORMAÇÕES [http-nio-8080-exec-95] org.apache.catalina.core.ApplicationContext.log Manager: list: Listing contexts for virtual host 'localhost'
01-Sep-2023 10:57:13.327 INFORMAÇÕES [http-nio-8080-exec-129] org.apache.catalina.core.ApplicationContext.log Manager: restart: Reloading web application '/webapp'
01-Sep-2023 11:15:21.030 INFORMAÇÕES [http-nio-8080-exec-144] org.apache.catalina.core.ApplicationContext.log Manager: list: Listing contexts for virtual host 'localhost'
01-Sep-2023 11:15:34.981 INFORMAÇÕES [http-nio-8080-exec-150] org.apache.catalina.core.ApplicationContext.log Manager: list: Listing contexts for virtual host 'localhost'
01-Sep-2023 11:15:34.984 INFORMAÇÕES [http-nio-8080-exec-141] org.apache.catalina.core.ApplicationContext.log Manager: restart: Reloading web application '/webapp'
01-Sep-2023 11:15:37.110 INFORMAÇÕES [http-nio-8080-exec-148] org.apache.catalina.core.ApplicationContext.log Manager: list: Listing contexts for virtual host 'localhost'
01-Sep-2023 11:15:37.112 INFORMAÇÕES [http-nio-8080-exec-144] org.apache.catalina.core.ApplicationContext.log Manager: list: Listing contexts for virtual host 'localhost'
01-Sep-2023 11:15:37.118 INFORMAÇÕES [http-nio-8080-exec-142] org.apache.catalina.core.ApplicationContext.log Manager: undeploy: Undeploying web application at '/webapp'
01-Sep-2023 11:15:37.758 INFORMAÇÕES [http-nio-8080-exec-144] org.apache.catalina.core.ApplicationContext.log Manager: install: Installing context configuration at 'file:/tmp/context10735798082743560319.xml'
01-Sep-2023 11:15:38.160 INFORMAÇÕES [http-nio-8080-exec-152] org.apache.catalina.core.ApplicationContext.log Manager: start: Starting web application '/webapp'
01-Sep-2023 11:15:57.121 INFORMAÇÕES [http-nio-8080-exec-150] org.apache.catalina.core.ApplicationContext.log Manager: list: Listing contexts for virtual host 'localhost'
01-Sep-2023 11:15:57.125 INFORMAÇÕES [http-nio-8080-exec-142] org.apache.catalina.core.ApplicationContext.log Manager: restart: Reloading web application '/webapp'
01-Sep-2023 11:16:05.685 INFORMAÇÕES [http-nio-8080-exec-151] org.apache.catalina.core.ApplicationContext.log Manager: list: Listing contexts for virtual host 'localhost'
01-Sep-2023 11:16:05.689 INFORMAÇÕES [http-nio-8080-exec-150] org.apache.catalina.core.ApplicationContext.log Manager: restart: Reloading web application '/webapp'
01-Sep-2023 11:17:38.769 INFORMAÇÕES [http-nio-8080-exec-161] org.apache.catalina.core.ApplicationContext.log Manager: list: Listing contexts for virtual host 'localhost'
01-Sep-2023 11:17:38.772 INFORMAÇÕES [http-nio-8080-exec-160] org.apache.catalina.core.ApplicationContext.log Manager: restart: Reloading web application '/webapp'
01-Sep-2023 11:17:48.578 INFORMAÇÕES [http-nio-8080-exec-153] org.apache.catalina.core.ApplicationContext.log Manager: list: Listing contexts for virtual host 'localhost'
01-Sep-2023 11:17:48.585 INFORMAÇÕES [http-nio-8080-exec-162] org.apache.catalina.core.ApplicationContext.log Manager: restart: Reloading web application '/webapp'
01-Sep-2023 11:18:21.605 INFORMAÇÕES [http-nio-8080-exec-163] org.apache.catalina.core.ApplicationContext.log Manager: list: Listing contexts for virtual host 'localhost'
01-Sep-2023 11:18:21.609 INFORMAÇÕES [http-nio-8080-exec-158] org.apache.catalina.core.ApplicationContext.log Manager: restart: Reloading web application '/webapp'
01-Sep-2023 11:18:46.963 INFORMAÇÕES [http-nio-8080-exec-149] org.apache.catalina.core.ApplicationContext.log Manager: list: Listing contexts for virtual host 'localhost'
01-Sep-2023 11:18:46.967 INFORMAÇÕES [http-nio-8080-exec-162] org.apache.catalina.core.ApplicationContext.log Manager: restart: Reloading web application '/webapp'
01-Sep-2023 11:19:06.528 INFORMAÇÕES [http-nio-8080-exec-161] org.apache.catalina.core.ApplicationContext.log Manager: list: Listing contexts for virtual host 'localhost'
01-Sep-2023 11:19:06.531 INFORMAÇÕES [http-nio-8080-exec-149] org.apache.catalina.core.ApplicationContext.log Manager: restart: Reloading web application '/webapp'
