15-Sep-2023 08:31:39.618 INFORMAÇÕES [http-nio-8080-exec-5] org.apache.catalina.core.ApplicationContext.log Manager: init: Associated with Deployer 'Catalina:type=Deployer,host=localhost'
15-Sep-2023 08:31:39.618 INFORMAÇÕES [http-nio-8080-exec-5] org.apache.catalina.core.ApplicationContext.log Manager: init: Global resources are available
15-Sep-2023 08:31:39.818 INFORMAÇÕES [http-nio-8080-exec-9] org.apache.catalina.core.ApplicationContext.log Manager: list: Listing contexts for virtual host 'localhost'
15-Sep-2023 08:31:39.824 INFORMAÇÕES [http-nio-8080-exec-10] org.apache.catalina.core.ApplicationContext.log Manager: list: Listing contexts for virtual host 'localhost'
15-Sep-2023 08:31:39.864 INFORMAÇÕES [http-nio-8080-exec-1] org.apache.catalina.core.ApplicationContext.log Manager: undeploy: Undeploying web application at '/webapp'
15-Sep-2023 08:31:40.388 INFORMAÇÕES [http-nio-8080-exec-5] org.apache.catalina.core.ApplicationContext.log Manager: install: Installing context configuration at 'file:/tmp/context2225043697790996616.xml'
15-Sep-2023 08:48:25.587 INFORMAÇÕES [http-nio-8080-exec-12] org.apache.catalina.core.ApplicationContext.log Manager: list: Listing contexts for virtual host 'localhost'
15-Sep-2023 08:48:25.591 INFORMAÇÕES [http-nio-8080-exec-13] org.apache.catalina.core.ApplicationContext.log Manager: restart: Reloading web application '/webapp'
15-Sep-2023 08:50:21.641 INFORMAÇÕES [http-nio-8080-exec-16] org.apache.catalina.core.ApplicationContext.log Manager: list: Listing contexts for virtual host 'localhost'
15-Sep-2023 08:50:21.646 INFORMAÇÕES [http-nio-8080-exec-19] org.apache.catalina.core.ApplicationContext.log Manager: restart: Reloading web application '/webapp'
15-Sep-2023 08:53:21.482 INFORMAÇÕES [http-nio-8080-exec-14] org.apache.catalina.core.ApplicationContext.log Manager: list: Listing contexts for virtual host 'localhost'
15-Sep-2023 08:53:21.487 INFORMAÇÕES [http-nio-8080-exec-26] org.apache.catalina.core.ApplicationContext.log Manager: restart: Reloading web application '/webapp'
15-Sep-2023 08:55:36.873 INFORMAÇÕES [http-nio-8080-exec-24] org.apache.catalina.core.ApplicationContext.log Manager: list: Listing contexts for virtual host 'localhost'
15-Sep-2023 08:55:36.877 INFORMAÇÕES [http-nio-8080-exec-15] org.apache.catalina.core.ApplicationContext.log Manager: restart: Reloading web application '/webapp'
15-Sep-2023 09:04:59.035 INFORMAÇÕES [http-nio-8080-exec-31] org.apache.catalina.core.ApplicationContext.log Manager: list: Listing contexts for virtual host 'localhost'
15-Sep-2023 09:04:59.038 INFORMAÇÕES [http-nio-8080-exec-32] org.apache.catalina.core.ApplicationContext.log Manager: restart: Reloading web application '/webapp'
15-Sep-2023 09:05:03.900 INFORMAÇÕES [http-nio-8080-exec-41] org.apache.catalina.core.ApplicationContext.log Manager: list: Listing contexts for virtual host 'localhost'
15-Sep-2023 09:05:03.903 INFORMAÇÕES [http-nio-8080-exec-38] org.apache.catalina.core.ApplicationContext.log Manager: restart: Reloading web application '/webapp'
15-Sep-2023 09:10:55.009 INFORMAÇÕES [http-nio-8080-exec-45] org.apache.catalina.core.ApplicationContext.log Manager: list: Listing contexts for virtual host 'localhost'
15-Sep-2023 09:10:55.012 INFORMAÇÕES [http-nio-8080-exec-44] org.apache.catalina.core.ApplicationContext.log Manager: restart: Reloading web application '/webapp'
15-Sep-2023 09:11:11.056 INFORMAÇÕES [http-nio-8080-exec-40] org.apache.catalina.core.ApplicationContext.log Manager: list: Listing contexts for virtual host 'localhost'
15-Sep-2023 09:11:11.059 INFORMAÇÕES [http-nio-8080-exec-46] org.apache.catalina.core.ApplicationContext.log Manager: restart: Reloading web application '/webapp'
15-Sep-2023 09:11:17.833 INFORMAÇÕES [http-nio-8080-exec-33] org.apache.catalina.core.ApplicationContext.log Manager: list: Listing contexts for virtual host 'localhost'
15-Sep-2023 09:11:17.867 INFORMAÇÕES [http-nio-8080-exec-37] org.apache.catalina.core.ApplicationContext.log Manager: restart: Reloading web application '/webapp'
15-Sep-2023 09:11:20.033 INFORMAÇÕES [http-nio-8080-exec-46] org.apache.catalina.core.ApplicationContext.log Manager: list: Listing contexts for virtual host 'localhost'
15-Sep-2023 09:11:20.037 INFORMAÇÕES [http-nio-8080-exec-43] org.apache.catalina.core.ApplicationContext.log Manager: restart: Reloading web application '/webapp'
15-Sep-2023 09:18:29.370 INFORMAÇÕES [http-nio-8080-exec-55] org.apache.catalina.core.ApplicationContext.log Manager: list: Listing contexts for virtual host 'localhost'
15-Sep-2023 09:18:29.485 INFORMAÇÕES [http-nio-8080-exec-56] org.apache.catalina.core.ApplicationContext.log Manager: restart: Reloading web application '/webapp'
15-Sep-2023 09:18:58.079 INFORMAÇÕES [http-nio-8080-exec-57] org.apache.catalina.core.ApplicationContext.log Manager: list: Listing contexts for virtual host 'localhost'
15-Sep-2023 09:18:58.085 INFORMAÇÕES [http-nio-8080-exec-52] org.apache.catalina.core.ApplicationContext.log Manager: restart: Reloading web application '/webapp'
15-Sep-2023 09:20:47.589 INFORMAÇÕES [http-nio-8080-exec-64] org.apache.catalina.core.ApplicationContext.log Manager: list: Listing contexts for virtual host 'localhost'
15-Sep-2023 09:20:47.594 INFORMAÇÕES [http-nio-8080-exec-54] org.apache.catalina.core.ApplicationContext.log Manager: restart: Reloading web application '/webapp'
15-Sep-2023 09:25:27.557 INFORMAÇÕES [http-nio-8080-exec-67] org.apache.catalina.core.ApplicationContext.log Manager: list: Listing contexts for virtual host 'localhost'
15-Sep-2023 09:25:27.561 INFORMAÇÕES [http-nio-8080-exec-68] org.apache.catalina.core.ApplicationContext.log Manager: restart: Reloading web application '/webapp'
15-Sep-2023 09:25:32.605 INFORMAÇÕES [http-nio-8080-exec-73] org.apache.catalina.core.ApplicationContext.log Manager: list: Listing contexts for virtual host 'localhost'
15-Sep-2023 09:25:32.608 INFORMAÇÕES [http-nio-8080-exec-66] org.apache.catalina.core.ApplicationContext.log Manager: restart: Reloading web application '/webapp'
15-Sep-2023 09:25:41.290 INFORMAÇÕES [http-nio-8080-exec-68] org.apache.catalina.core.ApplicationContext.log Manager: list: Listing contexts for virtual host 'localhost'
15-Sep-2023 09:25:41.294 INFORMAÇÕES [http-nio-8080-exec-72] org.apache.catalina.core.ApplicationContext.log Manager: restart: Reloading web application '/webapp'
15-Sep-2023 09:30:06.413 INFORMAÇÕES [http-nio-8080-exec-79] org.apache.catalina.core.ApplicationContext.log Manager: list: Listing contexts for virtual host 'localhost'
15-Sep-2023 09:30:06.417 INFORMAÇÕES [http-nio-8080-exec-80] org.apache.catalina.core.ApplicationContext.log Manager: restart: Reloading web application '/webapp'
15-Sep-2023 09:30:18.111 INFORMAÇÕES [http-nio-8080-exec-81] org.apache.catalina.core.ApplicationContext.log Manager: list: Listing contexts for virtual host 'localhost'
15-Sep-2023 09:30:18.114 INFORMAÇÕES [http-nio-8080-exec-76] org.apache.catalina.core.ApplicationContext.log Manager: restart: Reloading web application '/webapp'
15-Sep-2023 09:30:31.134 INFORMAÇÕES [http-nio-8080-exec-85] org.apache.catalina.core.ApplicationContext.log Manager: list: Listing contexts for virtual host 'localhost'
15-Sep-2023 09:30:31.137 INFORMAÇÕES [http-nio-8080-exec-80] org.apache.catalina.core.ApplicationContext.log Manager: restart: Reloading web application '/webapp'
15-Sep-2023 09:30:34.447 INFORMAÇÕES [http-nio-8080-exec-79] org.apache.catalina.core.ApplicationContext.log Manager: list: Listing contexts for virtual host 'localhost'
15-Sep-2023 09:30:34.453 INFORMAÇÕES [http-nio-8080-exec-88] org.apache.catalina.core.ApplicationContext.log Manager: restart: Reloading web application '/webapp'
15-Sep-2023 09:32:49.965 INFORMAÇÕES [http-nio-8080-exec-79] org.apache.catalina.core.ApplicationContext.log Manager: list: Listing contexts for virtual host 'localhost'
15-Sep-2023 09:32:49.974 INFORMAÇÕES [http-nio-8080-exec-78] org.apache.catalina.core.ApplicationContext.log Manager: restart: Reloading web application '/webapp'
15-Sep-2023 09:32:58.595 INFORMAÇÕES [http-nio-8080-exec-82] org.apache.catalina.core.ApplicationContext.log Manager: list: Listing contexts for virtual host 'localhost'
15-Sep-2023 09:32:58.598 INFORMAÇÕES [http-nio-8080-exec-91] org.apache.catalina.core.ApplicationContext.log Manager: list: Listing contexts for virtual host 'localhost'
15-Sep-2023 09:32:58.810 INFORMAÇÕES [http-nio-8080-exec-85] org.apache.catalina.core.ApplicationContext.log Manager: undeploy: Undeploying web application at '/webapp'
15-Sep-2023 09:32:59.483 INFORMAÇÕES [http-nio-8080-exec-79] org.apache.catalina.core.ApplicationContext.log Manager: install: Installing context configuration at 'file:/tmp/context6978436247351761851.xml'
15-Sep-2023 09:33:00.804 INFORMAÇÕES [http-nio-8080-exec-93] org.apache.catalina.core.ApplicationContext.log Manager: start: Starting web application '/webapp'
15-Sep-2023 09:40:27.172 INFORMAÇÕES [http-nio-8080-exec-100] org.apache.catalina.core.ApplicationContext.log Manager: list: Listing contexts for virtual host 'localhost'
15-Sep-2023 09:40:29.185 INFORMAÇÕES [http-nio-8080-exec-101] org.apache.catalina.core.ApplicationContext.log Manager: list: Listing contexts for virtual host 'localhost'
15-Sep-2023 09:40:29.517 INFORMAÇÕES [http-nio-8080-exec-103] org.apache.catalina.core.ApplicationContext.log Manager: list: Listing contexts for virtual host 'localhost'
15-Sep-2023 09:40:45.713 INFORMAÇÕES [http-nio-8080-exec-101] org.apache.catalina.core.ApplicationContext.log Manager: list: Listing contexts for virtual host 'localhost'
15-Sep-2023 09:45:44.500 INFORMAÇÕES [http-nio-8080-exec-99] org.apache.catalina.core.ApplicationContext.log Manager: list: Listing contexts for virtual host 'localhost'
15-Sep-2023 09:45:44.503 INFORMAÇÕES [http-nio-8080-exec-95] org.apache.catalina.core.ApplicationContext.log Manager: restart: Reloading web application '/webapp'
15-Sep-2023 09:46:15.658 INFORMAÇÕES [http-nio-8080-exec-104] org.apache.catalina.core.ApplicationContext.log Manager: list: Listing contexts for virtual host 'localhost'
15-Sep-2023 09:46:15.663 INFORMAÇÕES [http-nio-8080-exec-98] org.apache.catalina.core.ApplicationContext.log Manager: restart: Reloading web application '/webapp'
15-Sep-2023 09:46:21.842 INFORMAÇÕES [http-nio-8080-exec-99] org.apache.catalina.core.ApplicationContext.log Manager: list: Listing contexts for virtual host 'localhost'
15-Sep-2023 09:46:21.847 INFORMAÇÕES [http-nio-8080-exec-105] org.apache.catalina.core.ApplicationContext.log Manager: restart: Reloading web application '/webapp'
15-Sep-2023 09:46:49.643 INFORMAÇÕES [http-nio-8080-exec-104] org.apache.catalina.core.ApplicationContext.log Manager: list: Listing contexts for virtual host 'localhost'
15-Sep-2023 09:46:49.647 INFORMAÇÕES [http-nio-8080-exec-107] org.apache.catalina.core.ApplicationContext.log Manager: restart: Reloading web application '/webapp'
15-Sep-2023 09:47:33.005 INFORMAÇÕES [http-nio-8080-exec-104] org.apache.catalina.core.ApplicationContext.log Manager: list: Listing contexts for virtual host 'localhost'
15-Sep-2023 09:47:33.009 INFORMAÇÕES [http-nio-8080-exec-107] org.apache.catalina.core.ApplicationContext.log Manager: restart: Reloading web application '/webapp'
15-Sep-2023 09:48:20.094 INFORMAÇÕES [http-nio-8080-exec-112] org.apache.catalina.core.ApplicationContext.log Manager: list: Listing contexts for virtual host 'localhost'
15-Sep-2023 09:48:20.097 INFORMAÇÕES [http-nio-8080-exec-98] org.apache.catalina.core.ApplicationContext.log Manager: stop: Stopping web application '/webapp'
15-Sep-2023 09:48:20.105 INFORMAÇÕES [http-nio-8080-exec-98] org.apache.catalina.core.ApplicationContext.log Manager: start: Starting web application '/webapp'
15-Sep-2023 09:49:02.369 INFORMAÇÕES [http-nio-8080-exec-118] org.apache.catalina.core.ApplicationContext.log Manager: list: Listing contexts for virtual host 'localhost'
15-Sep-2023 09:49:02.373 INFORMAÇÕES [http-nio-8080-exec-108] org.apache.catalina.core.ApplicationContext.log Manager: stop: Stopping web application '/webapp'
15-Sep-2023 09:49:02.378 INFORMAÇÕES [http-nio-8080-exec-115] org.apache.catalina.core.ApplicationContext.log Manager: start: Starting web application '/webapp'
15-Sep-2023 09:49:17.072 INFORMAÇÕES [http-nio-8080-exec-108] org.apache.catalina.core.ApplicationContext.log Manager: list: Listing contexts for virtual host 'localhost'
15-Sep-2023 09:49:17.075 INFORMAÇÕES [http-nio-8080-exec-112] org.apache.catalina.core.ApplicationContext.log Manager: restart: Reloading web application '/webapp'
15-Sep-2023 09:49:58.991 INFORMAÇÕES [http-nio-8080-exec-124] org.apache.catalina.core.ApplicationContext.log Manager: list: Listing contexts for virtual host 'localhost'
15-Sep-2023 09:49:58.994 INFORMAÇÕES [http-nio-8080-exec-115] org.apache.catalina.core.ApplicationContext.log Manager: list: Listing contexts for virtual host 'localhost'
15-Sep-2023 09:49:59.021 INFORMAÇÕES [http-nio-8080-exec-122] org.apache.catalina.core.ApplicationContext.log Manager: stop: Stopping web application '/webapp'
15-Sep-2023 09:49:59.025 INFORMAÇÕES [http-nio-8080-exec-116] org.apache.catalina.core.ApplicationContext.log Manager: start: Starting web application '/webapp'
15-Sep-2023 09:50:21.821 INFORMAÇÕES [http-nio-8080-exec-120] org.apache.catalina.core.ApplicationContext.log Manager: list: Listing contexts for virtual host 'localhost'
15-Sep-2023 09:50:21.826 INFORMAÇÕES [http-nio-8080-exec-122] org.apache.catalina.core.ApplicationContext.log Manager: stop: Stopping web application '/webapp'
15-Sep-2023 09:50:21.834 INFORMAÇÕES [http-nio-8080-exec-120] org.apache.catalina.core.ApplicationContext.log Manager: start: Starting web application '/webapp'
15-Sep-2023 09:50:25.095 INFORMAÇÕES [http-nio-8080-exec-125] org.apache.catalina.core.ApplicationContext.log Manager: list: Listing contexts for virtual host 'localhost'
15-Sep-2023 09:50:25.098 INFORMAÇÕES [http-nio-8080-exec-126] org.apache.catalina.core.ApplicationContext.log Manager: list: Listing contexts for virtual host 'localhost'
15-Sep-2023 09:50:25.108 INFORMAÇÕES [http-nio-8080-exec-115] org.apache.catalina.core.ApplicationContext.log Manager: stop: Stopping web application '/webapp'
15-Sep-2023 09:50:25.113 INFORMAÇÕES [http-nio-8080-exec-126] org.apache.catalina.core.ApplicationContext.log Manager: start: Starting web application '/webapp'
15-Sep-2023 10:32:22.056 INFORMAÇÕES [http-nio-8080-exec-5] org.apache.catalina.core.ApplicationContext.log Manager: init: Associated with Deployer 'Catalina:type=Deployer,host=localhost'
15-Sep-2023 10:32:22.057 INFORMAÇÕES [http-nio-8080-exec-5] org.apache.catalina.core.ApplicationContext.log Manager: init: Global resources are available
15-Sep-2023 10:32:22.078 INFORMAÇÕES [http-nio-8080-exec-6] org.apache.catalina.core.ApplicationContext.log Manager: list: Listing contexts for virtual host 'localhost'
15-Sep-2023 10:32:22.089 INFORMAÇÕES [http-nio-8080-exec-10] org.apache.catalina.core.ApplicationContext.log Manager: list: Listing contexts for virtual host 'localhost'
15-Sep-2023 10:36:35.359 INFORMAÇÕES [http-nio-8080-exec-1] org.apache.catalina.core.ApplicationContext.log Manager: list: Listing contexts for virtual host 'localhost'
15-Sep-2023 10:36:35.366 INFORMAÇÕES [http-nio-8080-exec-4] org.apache.catalina.core.ApplicationContext.log Manager: restart: Reloading web application '/webapp'
15-Sep-2023 10:37:11.154 INFORMAÇÕES [http-nio-8080-exec-2] org.apache.catalina.core.ApplicationContext.log Manager: list: Listing contexts for virtual host 'localhost'
15-Sep-2023 10:37:11.159 INFORMAÇÕES [http-nio-8080-exec-10] org.apache.catalina.core.ApplicationContext.log Manager: restart: Reloading web application '/webapp'
15-Sep-2023 10:37:24.300 INFORMAÇÕES [http-nio-8080-exec-2] org.apache.catalina.core.ApplicationContext.log Manager: list: Listing contexts for virtual host 'localhost'
15-Sep-2023 10:37:24.303 INFORMAÇÕES [http-nio-8080-exec-8] org.apache.catalina.core.ApplicationContext.log Manager: restart: Reloading web application '/webapp'
15-Sep-2023 10:37:27.115 INFORMAÇÕES [http-nio-8080-exec-13] org.apache.catalina.core.ApplicationContext.log Manager: list: Listing contexts for virtual host 'localhost'
15-Sep-2023 10:37:27.122 INFORMAÇÕES [http-nio-8080-exec-2] org.apache.catalina.core.ApplicationContext.log Manager: restart: Reloading web application '/webapp'
15-Sep-2023 10:39:52.991 INFORMAÇÕES [http-nio-8080-exec-16] org.apache.catalina.core.ApplicationContext.log Manager: list: Listing contexts for virtual host 'localhost'
15-Sep-2023 10:39:52.996 INFORMAÇÕES [http-nio-8080-exec-13] org.apache.catalina.core.ApplicationContext.log Manager: restart: Reloading web application '/webapp'
15-Sep-2023 10:48:55.147 INFORMAÇÕES [http-nio-8080-exec-22] org.apache.catalina.core.ApplicationContext.log Manager: list: Listing contexts for virtual host 'localhost'
15-Sep-2023 10:48:55.153 INFORMAÇÕES [http-nio-8080-exec-21] org.apache.catalina.core.ApplicationContext.log Manager: restart: Reloading web application '/webapp'
15-Sep-2023 10:49:41.821 INFORMAÇÕES [http-nio-8080-exec-28] org.apache.catalina.core.ApplicationContext.log Manager: list: Listing contexts for virtual host 'localhost'
15-Sep-2023 10:49:41.826 INFORMAÇÕES [http-nio-8080-exec-25] org.apache.catalina.core.ApplicationContext.log Manager: restart: Reloading web application '/webapp'
15-Sep-2023 10:51:19.322 INFORMAÇÕES [http-nio-8080-exec-31] org.apache.catalina.core.ApplicationContext.log Manager: list: Listing contexts for virtual host 'localhost'
15-Sep-2023 10:51:37.657 INFORMAÇÕES [http-nio-8080-exec-22] org.apache.catalina.core.ApplicationContext.log Manager: list: Listing contexts for virtual host 'localhost'
15-Sep-2023 10:51:43.410 INFORMAÇÕES [http-nio-8080-exec-32] org.apache.catalina.core.ApplicationContext.log Manager: list: Listing contexts for virtual host 'localhost'
15-Sep-2023 10:52:12.542 INFORMAÇÕES [http-nio-8080-exec-19] org.apache.catalina.core.ApplicationContext.log Manager: list: Listing contexts for virtual host 'localhost'
15-Sep-2023 10:53:22.776 INFORMAÇÕES [http-nio-8080-exec-32] org.apache.catalina.core.ApplicationContext.log Manager: list: Listing contexts for virtual host 'localhost'
15-Sep-2023 10:53:22.780 INFORMAÇÕES [http-nio-8080-exec-35] org.apache.catalina.core.ApplicationContext.log Manager: stop: Stopping web application '/webapp'
15-Sep-2023 10:53:22.787 INFORMAÇÕES [http-nio-8080-exec-36] org.apache.catalina.core.ApplicationContext.log Manager: start: Starting web application '/webapp'
15-Sep-2023 10:53:36.127 INFORMAÇÕES [http-nio-8080-exec-34] org.apache.catalina.core.ApplicationContext.log Manager: list: Listing contexts for virtual host 'localhost'
15-Sep-2023 10:53:36.131 INFORMAÇÕES [http-nio-8080-exec-36] org.apache.catalina.core.ApplicationContext.log Manager: restart: Reloading web application '/webapp'
15-Sep-2023 10:53:45.394 INFORMAÇÕES [http-nio-8080-exec-41] org.apache.catalina.core.ApplicationContext.log Manager: list: Listing contexts for virtual host 'localhost'
15-Sep-2023 10:53:45.398 INFORMAÇÕES [http-nio-8080-exec-32] org.apache.catalina.core.ApplicationContext.log Manager: list: Listing contexts for virtual host 'localhost'
15-Sep-2023 10:53:45.408 INFORMAÇÕES [http-nio-8080-exec-40] org.apache.catalina.core.ApplicationContext.log Manager: stop: Stopping web application '/webapp'
15-Sep-2023 10:53:45.413 INFORMAÇÕES [http-nio-8080-exec-32] org.apache.catalina.core.ApplicationContext.log Manager: start: Starting web application '/webapp'
15-Sep-2023 10:55:13.972 INFORMAÇÕES [http-nio-8080-exec-45] org.apache.catalina.core.ApplicationContext.log Manager: list: Listing contexts for virtual host 'localhost'
15-Sep-2023 11:10:24.231 INFORMAÇÕES [http-nio-8080-exec-46] org.apache.catalina.core.ApplicationContext.log Manager: list: Listing contexts for virtual host 'localhost'
15-Sep-2023 11:28:47.314 INFORMAÇÕES [http-nio-8080-exec-45] org.apache.catalina.core.ApplicationContext.log Manager: list: Listing contexts for virtual host 'localhost'
